#
# There is insufficient memory for the Java Runtime Environment to continue.
# Native memory allocation (malloc) failed to allocate 1483120 bytes for Chunk::new
# Possible reasons:
#   The system is out of physical RAM or swap space
#   The process is running with CompressedOops enabled, and the Java Heap may be blocking the growth of the native heap
# Possible solutions:
#   Reduce memory load on the system
#   Increase physical memory or swap space
#   Check if swap backing store is full
#   Decrease Java heap size (-Xmx/-Xms)
#   Decrease number of Java threads
#   Decrease Java thread stack sizes (-Xss)
#   Set larger code cache with -XX:ReservedCodeCacheSize=
#   JVM is running with Zero Based Compressed Oops mode in which the Java heap is
#     placed in the first 32GB address space. The Java Heap base address is the
#     maximum limit for the native heap growth. Please use -XX:HeapBaseMinAddress
#     to set the Java Heap base and to place the Java Heap above 32GB virtual address.
# This output file may be truncated or incomplete.
#
#  Out of Memory Error (allocation.cpp:389), pid=11492, tid=0x0000000000002c34
#
# JRE version: Java(TM) SE Runtime Environment (8.0_361) (build 1.8.0_361-b09)
# Java VM: Java HotSpot(TM) 64-Bit Server VM (25.361-b09 mixed mode windows-amd64 compressed oops)
# Failed to write core dump. Minidumps are not enabled by default on client versions of Windows
#

---------------  T H R E A D  ---------------

Current thread (0x0000017aff082800):  JavaThread "C2 CompilerThread2" daemon [_thread_in_native, id=11316, stack(0x0000004bf6e00000,0x0000004bf6f00000)]

Stack: [0x0000004bf6e00000,0x0000004bf6f00000]
Native frames: (J=compiled Java code, j=interpreted, Vv=VM code, C=native code)
V  [jvm.dll+0x3317a9]
V  [jvm.dll+0x277c4e]
V  [jvm.dll+0x27888d]
V  [jvm.dll+0x26f0d5]
V  [jvm.dll+0xd590c]
V  [jvm.dll+0xd610c]
V  [jvm.dll+0x473205]
V  [jvm.dll+0x43a9d8]
V  [jvm.dll+0x443825]
V  [jvm.dll+0x442be5]
V  [jvm.dll+0x42d98b]
V  [jvm.dll+0xac70b]
V  [jvm.dll+0xaad6b]
V  [jvm.dll+0x23ffb2]
V  [jvm.dll+0x294a5c]
C  [ucrtbase.dll+0x21bb2]
C  [KERNEL32.DLL+0x17344]
C  [ntdll.dll+0x526b1]


Current CompileTask:
C2:  10006 7984       4       com.sun.tools.javac.code.Symbol$MethodSymbol::implementation (11 bytes)


---------------  P R O C E S S  ---------------

Java Threads: ( => current thread )
  0x0000017aff126800 JavaThread "Service Thread" daemon [_thread_blocked, id=9944, stack(0x0000004bf7000000,0x0000004bf7100000)]
  0x0000017aff084800 JavaThread "C1 CompilerThread3" daemon [_thread_blocked, id=25388, stack(0x0000004bf6f00000,0x0000004bf7000000)]
=>0x0000017aff082800 JavaThread "C2 CompilerThread2" daemon [_thread_in_native, id=11316, stack(0x0000004bf6e00000,0x0000004bf6f00000)]
  0x0000017aff080000 JavaThread "C2 CompilerThread1" daemon [_thread_in_native, id=11612, stack(0x0000004bf6d00000,0x0000004bf6e00000)]
  0x0000017aff07c000 JavaThread "C2 CompilerThread0" daemon [_thread_in_native, id=23452, stack(0x0000004bf6c00000,0x0000004bf6d00000)]
  0x0000017aff079000 JavaThread "Monitor Ctrl-Break" daemon [_thread_in_native, id=25348, stack(0x0000004bf6b00000,0x0000004bf6c00000)]
  0x0000017aff052800 JavaThread "Attach Listener" daemon [_thread_blocked, id=24128, stack(0x0000004bf6a00000,0x0000004bf6b00000)]
  0x0000017afcc6f000 JavaThread "Signal Dispatcher" daemon [_thread_blocked, id=17728, stack(0x0000004bf6900000,0x0000004bf6a00000)]
  0x0000017afcc56000 JavaThread "Finalizer" daemon [_thread_blocked, id=17956, stack(0x0000004bf6800000,0x0000004bf6900000)]
  0x0000017afcc4d000 JavaThread "Reference Handler" daemon [_thread_blocked, id=14048, stack(0x0000004bf6700000,0x0000004bf6800000)]
  0x0000017af80d5000 JavaThread "main" [_thread_in_native, id=23940, stack(0x0000004bf5b00000,0x0000004bf5c00000)]

Other Threads:
  0x0000017afcc25800 VMThread [stack: 0x0000004bf6600000,0x0000004bf6700000] [id=16328]
  0x0000017aff16a800 WatcherThread [stack: 0x0000004bf7100000,0x0000004bf7200000] [id=7388]

VM state:not at safepoint (normal execution)

VM Mutex/Monitor currently owned by a thread: None

heap address: 0x0000000642a00000, size: 6102 MB, Compressed Oops mode: Zero based, Oop shift amount: 3
Narrow klass base: 0x0000000000000000, Narrow klass shift: 3
Compressed class space size: 1073741824 Address: 0x00000007c0000000

Heap:
 PSYoungGen      total 449024K, used 139762K [0x0000000740e00000, 0x0000000761d80000, 0x00000007c0000000)
  eden space 403456K, 23% used [0x0000000740e00000,0x00000007469ff160,0x0000000759800000)
  from space 45568K, 99% used [0x000000075d280000,0x000000075fefda48,0x000000075ff00000)
  to   space 59904K, 0% used [0x0000000759800000,0x0000000759800000,0x000000075d280000)
 ParOldGen       total 189440K, used 74509K [0x0000000642a00000, 0x000000064e300000, 0x0000000740e00000)
  object space 189440K, 39% used [0x0000000642a00000,0x00000006472c37d8,0x000000064e300000)
 Metaspace       used 28940K, capacity 29798K, committed 30080K, reserved 1075200K
  class space    used 3142K, capacity 3384K, committed 3456K, reserved 1048576K

Card table byte_map: [0x0000017afa2c0000,0x0000017afaeb0000] byte_map_base: 0x0000017af70ab000

Marking Bits: (ParMarkBitMap*) 0x00000000578ab090
 Begin Bits: [0x0000017a8f000000, 0x0000017a94f58000)
 End Bits:   [0x0000017a94f58000, 0x0000017a9aeb0000)

Polling page: 0x0000017af8050000

CodeCache: size=245760Kb used=25903Kb max_used=27451Kb free=219856Kb
 bounds [0x0000017a80000000, 0x0000017a81af0000, 0x0000017a8f000000]
 total_blobs=7193 nmethods=6752 adapters=352
 compilation: enabled

Compilation events (10 events):
Event: 9.950 Thread 0x0000017aff07c000 nmethod 8274 0x0000017a81521190 code [0x0000017a81521440, 0x0000017a81522348]
Event: 9.950 Thread 0x0000017aff07c000 8283       4       org.codehaus.plexus.util.xml.Xpp3Dom::mergeIntoXpp3Dom (490 bytes)
Event: 9.952 Thread 0x0000017aff084800 8286       3       org.eclipse.aether.graph.Dependency$Exclusions::size (6 bytes)
Event: 9.953 Thread 0x0000017aff084800 nmethod 8286 0x0000017a80f67d90 code [0x0000017a80f67ee0, 0x0000017a80f68058]
Event: 9.953 Thread 0x0000017aff084800 8289       3       org.apache.maven.plugin.internal.WagonExcluder::isLegacyCoreArtifact (54 bytes)
Event: 9.953 Thread 0x0000017aff084800 nmethod 8289 0x0000017a80224dd0 code [0x0000017a80224fa0, 0x0000017a80225860]
Event: 9.953 Thread 0x0000017aff084800 8290   !   3       java.util.AbstractSet::equals (48 bytes)
Event: 9.954 Thread 0x0000017aff084800 nmethod 8290 0x0000017a80595850 code [0x0000017a80595a00, 0x0000017a805960f0]
Event: 9.967 Thread 0x0000017aff084800 8292       3       org.apache.maven.model.merge.ModelMerger::mergeSite_ChildSiteUrlInheritAppendPath (41 bytes)
Event: 9.967 Thread 0x0000017aff084800 nmethod 8292 0x0000017a8042cc10 code [0x0000017a8042cda0, 0x0000017a8042d140]

GC Heap History (10 events):
Event: 4.031 GC heap before
{Heap before GC invocations=5 (full 1):
 PSYoungGen      total 212480K, used 15844K [0x0000000740e00000, 0x000000074ed00000, 0x00000007c0000000)
  eden space 196608K, 0% used [0x0000000740e00000,0x0000000740e00000,0x000000074ce00000)
  from space 15872K, 99% used [0x000000074dd80000,0x000000074ecf9230,0x000000074ed00000)
  to   space 15872K, 0% used [0x000000074ce00000,0x000000074ce00000,0x000000074dd80000)
 ParOldGen       total 261120K, used 15262K [0x0000000642a00000, 0x0000000652900000, 0x0000000740e00000)
  object space 261120K, 5% used [0x0000000642a00000,0x00000006438e7bc0,0x0000000652900000)
 Metaspace       used 20525K, capacity 21148K, committed 21248K, reserved 1069056K
  class space    used 2348K, capacity 2501K, committed 2560K, reserved 1048576K
Event: 4.095 GC heap after
Heap after GC invocations=5 (full 1):
 PSYoungGen      total 212480K, used 0K [0x0000000740e00000, 0x000000074ed00000, 0x00000007c0000000)
  eden space 196608K, 0% used [0x0000000740e00000,0x0000000740e00000,0x000000074ce00000)
  from space 15872K, 0% used [0x000000074dd80000,0x000000074dd80000,0x000000074ed00000)
  to   space 15872K, 0% used [0x000000074ce00000,0x000000074ce00000,0x000000074dd80000)
 ParOldGen       total 189440K, used 28201K [0x0000000642a00000, 0x000000064e300000, 0x0000000740e00000)
  object space 189440K, 14% used [0x0000000642a00000,0x000000064458a6d8,0x000000064e300000)
 Metaspace       used 20525K, capacity 21148K, committed 21248K, reserved 1069056K
  class space    used 2348K, capacity 2501K, committed 2560K, reserved 1048576K
}
Event: 5.885 GC heap before
{Heap before GC invocations=6 (full 1):
 PSYoungGen      total 212480K, used 196608K [0x0000000740e00000, 0x000000074ed00000, 0x00000007c0000000)
  eden space 196608K, 100% used [0x0000000740e00000,0x000000074ce00000,0x000000074ce00000)
  from space 15872K, 0% used [0x000000074dd80000,0x000000074dd80000,0x000000074ed00000)
  to   space 15872K, 0% used [0x000000074ce00000,0x000000074ce00000,0x000000074dd80000)
 ParOldGen       total 189440K, used 28201K [0x0000000642a00000, 0x000000064e300000, 0x0000000740e00000)
  object space 189440K, 14% used [0x0000000642a00000,0x000000064458a6d8,0x000000064e300000)
 Metaspace       used 24160K, capacity 24864K, committed 24960K, reserved 1071104K
  class space    used 2707K, capacity 2865K, committed 2944K, reserved 1048576K
Event: 5.901 GC heap after
Heap after GC invocations=6 (full 1):
 PSYoungGen      total 212480K, used 15848K [0x0000000740e00000, 0x0000000757280000, 0x00000007c0000000)
  eden space 196608K, 0% used [0x0000000740e00000,0x0000000740e00000,0x000000074ce00000)
  from space 15872K, 99% used [0x000000074ce00000,0x000000074dd7a320,0x000000074dd80000)
  to   space 40960K, 0% used [0x0000000754a80000,0x0000000754a80000,0x0000000757280000)
 ParOldGen       total 189440K, used 54219K [0x0000000642a00000, 0x000000064e300000, 0x0000000740e00000)
  object space 189440K, 28% used [0x0000000642a00000,0x0000000645ef2fd8,0x000000064e300000)
 Metaspace       used 24160K, capacity 24864K, committed 24960K, reserved 1071104K
  class space    used 2707K, capacity 2865K, committed 2944K, reserved 1048576K
}
Event: 6.483 GC heap before
{Heap before GC invocations=7 (full 1):
 PSYoungGen      total 212480K, used 212456K [0x0000000740e00000, 0x0000000757280000, 0x00000007c0000000)
  eden space 196608K, 100% used [0x0000000740e00000,0x000000074ce00000,0x000000074ce00000)
  from space 15872K, 99% used [0x000000074ce00000,0x000000074dd7a320,0x000000074dd80000)
  to   space 40960K, 0% used [0x0000000754a80000,0x0000000754a80000,0x0000000757280000)
 ParOldGen       total 189440K, used 54219K [0x0000000642a00000, 0x000000064e300000, 0x0000000740e00000)
  object space 189440K, 28% used [0x0000000642a00000,0x0000000645ef2fd8,0x000000064e300000)
 Metaspace       used 26130K, capacity 26956K, committed 27264K, reserved 1073152K
  class space    used 2924K, capacity 3123K, committed 3200K, reserved 1048576K
Event: 6.493 GC heap after
Heap after GC invocations=7 (full 1):
 PSYoungGen      total 326144K, used 19668K [0x0000000740e00000, 0x0000000757300000, 0x00000007c0000000)
  eden space 285184K, 0% used [0x0000000740e00000,0x0000000740e00000,0x0000000752480000)
  from space 40960K, 48% used [0x0000000754a80000,0x0000000755db52f8,0x0000000757280000)
  to   space 38912K, 0% used [0x0000000752480000,0x0000000752480000,0x0000000754a80000)
 ParOldGen       total 189440K, used 54227K [0x0000000642a00000, 0x000000064e300000, 0x0000000740e00000)
  object space 189440K, 28% used [0x0000000642a00000,0x0000000645ef4fd8,0x000000064e300000)
 Metaspace       used 26130K, capacity 26956K, committed 27264K, reserved 1073152K
  class space    used 2924K, capacity 3123K, committed 3200K, reserved 1048576K
}
Event: 7.606 GC heap before
{Heap before GC invocations=8 (full 1):
 PSYoungGen      total 326144K, used 304852K [0x0000000740e00000, 0x0000000757300000, 0x00000007c0000000)
  eden space 285184K, 100% used [0x0000000740e00000,0x0000000752480000,0x0000000752480000)
  from space 40960K, 48% used [0x0000000754a80000,0x0000000755db52f8,0x0000000757280000)
  to   space 38912K, 0% used [0x0000000752480000,0x0000000752480000,0x0000000754a80000)
 ParOldGen       total 189440K, used 54227K [0x0000000642a00000, 0x000000064e300000, 0x0000000740e00000)
  object space 189440K, 28% used [0x0000000642a00000,0x0000000645ef4fd8,0x000000064e300000)
 Metaspace       used 26330K, capacity 27150K, committed 27264K, reserved 1073152K
  class space    used 2929K, capacity 3125K, committed 3200K, reserved 1048576K
Event: 7.622 GC heap after
Heap after GC invocations=8 (full 1):
 PSYoungGen      total 324096K, used 38898K [0x0000000740e00000, 0x000000075ff00000, 0x00000007c0000000)
  eden space 285184K, 0% used [0x0000000740e00000,0x0000000740e00000,0x0000000752480000)
  from space 38912K, 99% used [0x0000000752480000,0x0000000754a7c898,0x0000000754a80000)
  to   space 45568K, 0% used [0x000000075d280000,0x000000075d280000,0x000000075ff00000)
 ParOldGen       total 189440K, used 55985K [0x0000000642a00000, 0x000000064e300000, 0x0000000740e00000)
  object space 189440K, 29% used [0x0000000642a00000,0x00000006460ac668,0x000000064e300000)
 Metaspace       used 26330K, capacity 27150K, committed 27264K, reserved 1073152K
  class space    used 2929K, capacity 3125K, committed 3200K, reserved 1048576K
}
Event: 9.175 GC heap before
{Heap before GC invocations=9 (full 1):
 PSYoungGen      total 324096K, used 324082K [0x0000000740e00000, 0x000000075ff00000, 0x00000007c0000000)
  eden space 285184K, 100% used [0x0000000740e00000,0x0000000752480000,0x0000000752480000)
  from space 38912K, 99% used [0x0000000752480000,0x0000000754a7c898,0x0000000754a80000)
  to   space 45568K, 0% used [0x000000075d280000,0x000000075d280000,0x000000075ff00000)
 ParOldGen       total 189440K, used 55985K [0x0000000642a00000, 0x000000064e300000, 0x0000000740e00000)
  object space 189440K, 29% used [0x0000000642a00000,0x00000006460ac668,0x000000064e300000)
 Metaspace       used 28118K, capacity 28942K, committed 29184K, reserved 1075200K
  class space    used 3073K, capacity 3253K, committed 3328K, reserved 1048576K
Event: 9.201 GC heap after
Heap after GC invocations=9 (full 1):
 PSYoungGen      total 449024K, used 45558K [0x0000000740e00000, 0x0000000761d80000, 0x00000007c0000000)
  eden space 403456K, 0% used [0x0000000740e00000,0x0000000740e00000,0x0000000759800000)
  from space 45568K, 99% used [0x000000075d280000,0x000000075fefda48,0x000000075ff00000)
  to   space 59904K, 0% used [0x0000000759800000,0x0000000759800000,0x000000075d280000)
 ParOldGen       total 189440K, used 74509K [0x0000000642a00000, 0x000000064e300000, 0x0000000740e00000)
  object space 189440K, 39% used [0x0000000642a00000,0x00000006472c37d8,0x000000064e300000)
 Metaspace       used 28118K, capacity 28942K, committed 29184K, reserved 1075200K
  class space    used 3073K, capacity 3253K, committed 3328K, reserved 1048576K
}

Deoptimization events (10 events):
Event: 9.747 Thread 0x0000017af80d5000 Uncommon trap: reason=class_check action=maybe_recompile pc=0x0000017a80504038 method=com.google.inject.internal.MoreTypes.getRawType(Ljava/lang/reflect/Type;)Ljava/lang/Class; @ 13
Event: 9.747 Thread 0x0000017af80d5000 Uncommon trap: reason=bimorphic action=maybe_recompile pc=0x0000017a8050fe9c method=com.google.inject.TypeLiteral.<init>(Ljava/lang/reflect/Type;)V @ 36
Event: 9.748 Thread 0x0000017af80d5000 Uncommon trap: reason=class_check action=maybe_recompile pc=0x0000017a80504038 method=com.google.inject.internal.MoreTypes.getRawType(Ljava/lang/reflect/Type;)Ljava/lang/Class; @ 13
Event: 9.748 Thread 0x0000017af80d5000 Uncommon trap: reason=bimorphic action=maybe_recompile pc=0x0000017a8050fe9c method=com.google.inject.TypeLiteral.<init>(Ljava/lang/reflect/Type;)V @ 36
Event: 9.748 Thread 0x0000017af80d5000 Uncommon trap: reason=class_check action=maybe_recompile pc=0x0000017a80504038 method=com.google.inject.internal.MoreTypes.getRawType(Ljava/lang/reflect/Type;)Ljava/lang/Class; @ 13
Event: 9.748 Thread 0x0000017af80d5000 Uncommon trap: reason=bimorphic action=maybe_recompile pc=0x0000017a8050fe9c method=com.google.inject.TypeLiteral.<init>(Ljava/lang/reflect/Type;)V @ 36
Event: 9.764 Thread 0x0000017af80d5000 Uncommon trap: reason=class_check action=maybe_recompile pc=0x0000017a80504038 method=com.google.inject.internal.MoreTypes.getRawType(Ljava/lang/reflect/Type;)Ljava/lang/Class; @ 13
Event: 9.764 Thread 0x0000017af80d5000 Uncommon trap: reason=bimorphic action=maybe_recompile pc=0x0000017a8050fe9c method=com.google.inject.TypeLiteral.<init>(Ljava/lang/reflect/Type;)V @ 36
Event: 9.817 Thread 0x0000017a9ff49800 Uncommon trap: reason=null_check action=make_not_entrant pc=0x0000017a810db258 method=java.lang.StringCoding.decode(Ljava/lang/String;[BII)[C @ 6
Event: 9.817 Thread 0x0000017a9ff49800 Uncommon trap: reason=class_check action=maybe_recompile pc=0x0000017a80ef797c method=java.lang.StringCoding$StringDecoder.decode([BII)[C @ 30

Classes redefined (0 events):
No events

Internal exceptions (10 events):
Event: 4.648 Thread 0x0000017af80d5000 Exception <a 'java/io/FileNotFoundException'> (0x0000000743c63918) thrown at [C:\jenkins\workspace\8-2-build-windows-x64-cygwin\jdk8u361\3183\hotspot\src\share\vm\prims\jni.cpp, line 710]
Event: 5.879 Thread 0x0000017af80d5000 Implicit null exception at 0x0000017a807f16b3 to 0x0000017a807f1ad9
Event: 5.883 Thread 0x0000017af80d5000 Implicit null exception at 0x0000017a8072bdd5 to 0x0000017a8072bfd1
Event: 6.609 Thread 0x0000017af80d5000 Implicit null exception at 0x0000017a811d1c4f to 0x0000017a811d1d55
Event: 6.677 Thread 0x0000017af80d5000 Implicit null exception at 0x0000017a8020e4a8 to 0x0000017a8020e655
Event: 7.653 Thread 0x0000017af80d5000 Implicit null exception at 0x0000017a807f6bf3 to 0x0000017a807f77c9
Event: 7.653 Thread 0x0000017af80d5000 Implicit null exception at 0x0000017a803ac95b to 0x0000017a803acdfd
Event: 7.653 Thread 0x0000017af80d5000 Implicit null exception at 0x0000017a80e9c24c to 0x0000017a80e9c28d
Event: 9.783 Thread 0x0000017af80d5000 Exception <a 'java/lang/NoSuchMethodError': org.apache.maven.execution.MavenExecutionRequest.getFailureBehavior()Ljava/lang/String;> (0x0000000744bcaa98) thrown at [C:\jenkins\workspace\8-2-build-windows-x64-cygwin\jdk8u361\3183\hotspot\src\share\vm\inter
Event: 9.817 Thread 0x0000017a9ff49800 Implicit null exception at 0x0000017a810daa8c to 0x0000017a810db23d

Events (10 events):
Event: 9.921 Thread 0x0000017aff07c000 flushing nmethod 0x0000017a814306d0
Event: 9.921 Thread 0x0000017aff07c000 flushing nmethod 0x0000017a81459ed0
Event: 9.921 Thread 0x0000017aff07c000 flushing nmethod 0x0000017a814bc0d0
Event: 9.921 Thread 0x0000017aff07c000 flushing nmethod 0x0000017a814ccad0
Event: 9.921 Thread 0x0000017aff07c000 flushing nmethod 0x0000017a81503410
Event: 9.921 Thread 0x0000017aff07c000 flushing nmethod 0x0000017a81515e10
Event: 9.921 Thread 0x0000017aff07c000 flushing nmethod 0x0000017a81516850
Event: 9.921 Thread 0x0000017aff07c000 flushing nmethod 0x0000017a815184d0
Event: 9.921 Thread 0x0000017aff07c000 flushing nmethod 0x0000017a81521190
Event: 9.921 Thread 0x0000017aff07c000 flushing nmethod 0x0000017a8153f510


Dynamic libraries:
0x00007ff6ee660000 - 0x00007ff6ee6a7000 	C:\Program Files\Java\jdk1.8.0_361\bin\java.exe
0x00007ffdc5970000 - 0x00007ffdc5b68000 	C:\Windows\SYSTEM32\ntdll.dll
0x00007ffdc56f0000 - 0x00007ffdc57ad000 	C:\Windows\System32\KERNEL32.DLL
0x00007ffdc36a0000 - 0x00007ffdc3996000 	C:\Windows\System32\KERNELBASE.dll
0x00007ffdc57b0000 - 0x00007ffdc5860000 	C:\Windows\System32\ADVAPI32.dll
0x00007ffdc45e0000 - 0x00007ffdc467e000 	C:\Windows\System32\msvcrt.dll
0x00007ffdc4400000 - 0x00007ffdc44a0000 	C:\Windows\System32\sechost.dll
0x00007ffdc4690000 - 0x00007ffdc47b3000 	C:\Windows\System32\RPCRT4.dll
0x00007ffdc3640000 - 0x00007ffdc3667000 	C:\Windows\System32\bcrypt.dll
0x00007ffdc5100000 - 0x00007ffdc529f000 	C:\Windows\System32\USER32.dll
0x00007ffdc3670000 - 0x00007ffdc3692000 	C:\Windows\System32\win32u.dll
0x00007ffdc43d0000 - 0x00007ffdc43fb000 	C:\Windows\System32\GDI32.dll
0x00007ffdc3520000 - 0x00007ffdc3637000 	C:\Windows\System32\gdi32full.dll
0x00007ffdc3480000 - 0x00007ffdc351d000 	C:\Windows\System32\msvcp_win.dll
0x00007ffdc3180000 - 0x00007ffdc3280000 	C:\Windows\System32\ucrtbase.dll
0x00007ffdb10e0000 - 0x00007ffdb137a000 	C:\Windows\WinSxS\amd64_microsoft.windows.common-controls_6595b64144ccf1df_6.0.19041.4355_none_60b8b9eb71f62e16\COMCTL32.dll
0x00007ffdc4f30000 - 0x00007ffdc4f62000 	C:\Windows\System32\IMM32.DLL
0x00000000596f0000 - 0x00000000596fd000 	F:\Program Files (x86)\360\360Safe575960218\360Safe\safemon\SafeWrapper.dll
0x00007ffdb86a0000 - 0x00007ffdb87a3000 	F:\Program Files (x86)\360\360Safe575960218\360Safe\safemon\libzdtp64.dll
0x00007ffdc47c0000 - 0x00007ffdc4f2b000 	C:\Windows\System32\SHELL32.dll
0x00007ffdc44a0000 - 0x00007ffdc44f5000 	C:\Windows\System32\SHLWAPI.dll
0x00007ffdc2b70000 - 0x00007ffdc2b7a000 	C:\Windows\SYSTEM32\VERSION.dll
0x00007ffdbc190000 - 0x00007ffdbc1a5000 	C:\Program Files\Java\jdk1.8.0_361\jre\bin\vcruntime140.dll
0x00007ffda5790000 - 0x00007ffda582b000 	C:\Program Files\Java\jdk1.8.0_361\jre\bin\msvcp140.dll
0x00000000570c0000 - 0x0000000057923000 	C:\Program Files\Java\jdk1.8.0_361\jre\bin\server\jvm.dll
0x00007ffdc39a0000 - 0x00007ffdc39a8000 	C:\Windows\System32\PSAPI.DLL
0x00007ffdb5db0000 - 0x00007ffdb5db9000 	C:\Windows\SYSTEM32\WSOCK32.dll
0x00007ffdb71e0000 - 0x00007ffdb7207000 	C:\Windows\SYSTEM32\WINMM.dll
0x00007ffdc58c0000 - 0x00007ffdc592b000 	C:\Windows\System32\WS2_32.dll
0x00007ffdc0e50000 - 0x00007ffdc0e62000 	C:\Windows\SYSTEM32\kernel.appcore.dll
0x00007ffdbc4f0000 - 0x00007ffdbc500000 	C:\Program Files\Java\jdk1.8.0_361\jre\bin\verify.dll
0x00007ffdb69d0000 - 0x00007ffdb69fb000 	C:\Program Files\Java\jdk1.8.0_361\jre\bin\java.dll
0x00007ffdb6aa0000 - 0x00007ffdb6ad0000 	C:\Program Files\Java\jdk1.8.0_361\jre\bin\instrument.dll
0x00007ffdb69b0000 - 0x00007ffdb69c8000 	C:\Program Files\Java\jdk1.8.0_361\jre\bin\zip.dll
0x00007ffdc1050000 - 0x00007ffdc17ed000 	C:\Windows\SYSTEM32\windows.storage.dll
0x00007ffdc5390000 - 0x00007ffdc56e3000 	C:\Windows\System32\combase.dll
0x00007ffdc29d0000 - 0x00007ffdc29fe000 	C:\Windows\SYSTEM32\Wldp.dll
0x00007ffdc39c0000 - 0x00007ffdc3a8d000 	C:\Windows\System32\OLEAUT32.dll
0x00007ffdc4200000 - 0x00007ffdc42ad000 	C:\Windows\System32\SHCORE.dll
0x00007ffdc2f50000 - 0x00007ffdc2f74000 	C:\Windows\SYSTEM32\profapi.dll
0x00007ffdb6770000 - 0x00007ffdb678a000 	E:\Program Files\JetBrains\IntelliJ IDEA 2022.3.2\bin\breakgen64.dll
0x00007ffdb6580000 - 0x00007ffdb659c000 	C:\Program Files\Java\jdk1.8.0_361\jre\bin\net.dll
0x00007ffdc2730000 - 0x00007ffdc279a000 	C:\Windows\system32\mswsock.dll
0x00007ffdc2920000 - 0x00007ffdc2938000 	C:\Windows\SYSTEM32\CRYPTSP.dll
0x00007ffdc1fe0000 - 0x00007ffdc2014000 	C:\Windows\system32\rsaenh.dll
0x00007ffdc2ec0000 - 0x00007ffdc2eee000 	C:\Windows\SYSTEM32\USERENV.dll
0x00007ffdc33f0000 - 0x00007ffdc3472000 	C:\Windows\System32\bcryptprimitives.dll
0x00007ffdc2940000 - 0x00007ffdc294c000 	C:\Windows\SYSTEM32\CRYPTBASE.dll
0x00007ffdc23c0000 - 0x00007ffdc23fb000 	C:\Windows\SYSTEM32\IPHLPAPI.DLL
0x00007ffdc39b0000 - 0x00007ffdc39b8000 	C:\Windows\System32\NSI.dll
0x00007ffdbd460000 - 0x00007ffdbd477000 	C:\Windows\SYSTEM32\dhcpcsvc6.DLL
0x00007ffdbd440000 - 0x00007ffdbd45d000 	C:\Windows\SYSTEM32\dhcpcsvc.DLL
0x00007ffdc2400000 - 0x00007ffdc24cb000 	C:\Windows\SYSTEM32\DNSAPI.dll
0x00007ffdb5850000 - 0x00007ffdb5863000 	C:\Program Files\Java\jdk1.8.0_361\jre\bin\nio.dll
0x00007ffdbac50000 - 0x00007ffdbac5a000 	C:\Users\Administrator\AppData\Local\Temp\jansi-1.17.1-6372592404439149454.dll
0x00007ffdb6a00000 - 0x00007ffdb6a0d000 	C:\Program Files\Java\jdk1.8.0_361\jre\bin\management.dll
0x00007ffdbb780000 - 0x00007ffdbb7cb000 	C:\Program Files (x86)\Sangfor\SSL\ClientComponent\SangforNspX64.dll
0x00007ffdc4f70000 - 0x00007ffdc509b000 	C:\Windows\System32\ole32.dll
0x00007ffdaf5a0000 - 0x00007ffdaf5b7000 	C:\Windows\system32\napinsp.dll
0x00007ffdb5bf0000 - 0x00007ffdb5c0b000 	C:\Windows\system32\pnrpnsp.dll
0x00007ffdbe020000 - 0x00007ffdbe035000 	C:\Windows\system32\wshbth.dll
0x00007ffdbd690000 - 0x00007ffdbd6ad000 	C:\Windows\system32\NLAapi.dll
0x00007ffdb5bd0000 - 0x00007ffdb5be2000 	C:\Windows\System32\winrnr.dll
0x0000000059700000 - 0x0000000059726000 	C:\Program Files\Bonjour\mdnsNSP.dll
0x00007ffdbba00000 - 0x00007ffdbba0a000 	C:\Windows\System32\rasadhlp.dll
0x00007ffdbb3a0000 - 0x00007ffdbb420000 	C:\Windows\System32\fwpuclnt.dll
0x00007ffdbcbb0000 - 0x00007ffdbcd94000 	C:\Windows\SYSTEM32\dbghelp.dll

VM Arguments:
jvm_args: -Dmaven.multiModuleProjectDirectory=E:\JAVAHOME\JAVA_AI -Djansi.passthrough=true -Dmaven.home=E:\Program Files\JetBrains\IntelliJ IDEA 2022.3.2\plugins\maven\lib\maven3 -Dclassworlds.conf=E:\Program Files\JetBrains\IntelliJ IDEA 2022.3.2\plugins\maven\lib\maven3\bin\m2.conf -Dmaven.ext.class.path=E:\Program Files\JetBrains\IntelliJ IDEA 2022.3.2\plugins\maven\lib\maven-event-listener.jar -javaagent:E:\Program Files\JetBrains\IntelliJ IDEA 2022.3.2\lib\idea_rt.jar=65173:E:\Program Files\JetBrains\IntelliJ IDEA 2022.3.2\bin -Dfile.encoding=UTF-8 
java_command: org.codehaus.classworlds.Launcher -Didea.version=2022.3.2 install
java_class_path (initial): E:\Program Files\JetBrains\IntelliJ IDEA 2022.3.2\plugins\maven\lib\maven3\boot\plexus-classworlds-2.6.0.jar;E:\Program Files\JetBrains\IntelliJ IDEA 2022.3.2\plugins\maven\lib\maven3\boot\plexus-classworlds.license;E:\Program Files\JetBrains\IntelliJ IDEA 2022.3.2\lib\idea_rt.jar
Launcher Type: SUN_STANDARD

Environment Variables:
JAVA_HOME=C:\Program Files\Java\jdk1.8.0_361
CLASSPATH=.;C:\Program Files\Java\jdk1.8.0_361\lib;C:\Program Files\Java\jdk1.8.0_361\lib\tools.jar
PATH=E:\bin\;C:\Program Files (x86)\Common Files\Oracle\Java\javapath;C:\Windows\system32;C:\Windows;C:\Windows\System32\Wbem;C:\Windows\System32\WindowsPowerShell\v1.0\;C:\Windows\System32\OpenSSH\;D:\apache-maven-3.6.0-bin\apache-maven-3.6.0\bin;C:\Program Files\Java\jdk1.8.0_361\bin;C:\Program Files\Java\jdk1.8.0_361\jre\bin;D:\Program Files (x86)\NetSarang\Xshell 7\;D:\Program Files (x86)\NetSarang\Xftp 7\;D:\Program Files\Git\cmd;C:\Program Files\TortoiseGit\bin;C:\Program Files\TortoiseSVN\bin;C:\Program Files\Microsoft SQL Server\150\Tools\Binn\;C:\Program Files\Microsoft SQL Server\Client SDK\ODBC\170\Tools\Binn\;C:\Program Files\dotnet\;C:\Program Files (x86)\NetSarang\Xmanager 7\;C:\Program Files\nodejs\;C:\Users\Administrator\AppData\Local\Microsoft\WindowsApps;E:\Users\Administrator\AppData\Local\Programs\Microsoft VS Code\bin;C:\Users\Administrator\AppData\Local\Programs\APICloud Studio 3\bin;C:\Users\Administrator\.dotnet\tools;D:\Users\Administrator\AppData\Local\Programs\YonStudio\bin;C:\Users\Administrator\AppData\Roaming\npm
USERNAME=Administrator
OS=Windows_NT
PROCESSOR_IDENTIFIER=Intel64 Family 6 Model 158 Stepping 10, GenuineIntel



---------------  S Y S T E M  ---------------

OS: Windows 10 , 64 bit Build 19041 (10.0.19041.3636)

CPU:total 12 (initial active 12) (6 cores per cpu, 2 threads per core) family 6 model 158 stepping 10, cmov, cx8, fxsr, mmx, sse, sse2, sse3, ssse3, sse4.1, sse4.2, popcnt, avx, avx2, aes, clmul, erms, rtm, 3dnowpref, lzcnt, ht, tsc, tscinvbit, bmi1, bmi2, adx

Memory: 4k page, physical 24988048k(6235664k free), swap 42027532k(18300k free)

vm_info: Java HotSpot(TM) 64-Bit Server VM (25.361-b09) for windows-amd64 JRE (1.8.0_361-b09), built on Jan  9 2023 08:38:53 by "java_re" with MS VC++ 15.9 (VS2017)

time: Thu Jun  6 16:16:15 2024
timezone: Intel64 Family 6 Model 158 Stepping 10, GenuineIntel
elapsed time: 10.010634 seconds (0d 0h 0m 10s)

