#
# A fatal error has been detected by the Java Runtime Environment:
#
#  EXCEPTION_ACCESS_VIOLATION (0xc0000005) at pc=0x00007ff8dd24a360, pid=58960, tid=0x00000000000086b8
#
# JRE version: Java(TM) SE Runtime Environment (8.0_361) (build 1.8.0_361-b09)
# Java VM: Java HotSpot(TM) 64-Bit Server VM (25.361-b09 mixed mode windows-amd64 compressed oops)
# Problematic frame:
# C  0x00007ff8dd24a360
#
# Failed to write core dump. Minidumps are not enabled by default on client versions of Windows
#
# If you would like to submit a bug report, please visit:
#   http://bugreport.java.com/bugreport/crash.jsp
# The crash happened outside the Java Virtual Machine in native code.
# See problematic frame for where to report the bug.
#

---------------  T H R E A D  ---------------

Current thread (0x0000023ee1836000):  JavaThread "http-nio-9998-exec-1" daemon [_thread_in_native, id=34488, stack(0x0000007665900000,0x0000007665a00000)]

siginfo: ExceptionCode=0xc0000005, reading address 0x00000000000000f8

Registers:
RAX=0x00007ff8dda28c60, RBX=0x0000000000000000, RCX=0x0000023ee5ecc2c0, RDX=0x0000000000000000
RSP=0x00000076659fde30, RBP=0x00000076659fdf58, RSI=0x0000000000000000, RDI=0x0000023ee6a0df40
R8 =0x0000000000000001, R9 =0x0000000000000000, R10=0x0000000000000314, R11=0x000000007198cafc
R12=0x0000023ee6bb7040, R13=0x0000023ee554efc0, R14=0x00000076659fdf78, R15=0x0000023ee1836000
RIP=0x00007ff8dd24a360, EFLAGS=0x0000000000010246

Top of Stack: (sp=0x00000076659fde30)
0x00000076659fde30:   0000023ee1836000 0000023ee278b0ab
0x00000076659fde40:   0000000000000000 00000076659fdf08
0x00000076659fde50:   00000007ad684ee0 0000023ee5ecc2c0
0x00000076659fde60:   0000000000000000 0000023ee6a0df40
0x00000076659fde70:   00000076659fdf58 0000000000000000
0x00000076659fde80:   0000023ee554efc0 00000076659fdf78
0x00000076659fde90:   0000023ee1836000 00007ff8dd2e89a9
0x00000076659fdea0:   0000023ee5553970 00007ff948230e81
0x00000076659fdeb0:   0000023ee554ece8 0000000000000000
0x00000076659fdec0:   0000023ee554efc8 0000000000000000
0x00000076659fded0:   0000023eba577e40 00000076659fdf58
0x00000076659fdee0:   0000000000000000 0000023eba58a02e
0x00000076659fdef0:   0000023eba595ddd 0000000000000001
0x00000076659fdf00:   0000000000000000 0000000000000003
0x00000076659fdf10:   0000000000000000 00000076659fdf18
0x00000076659fdf20:   0000000000000000 00000076659fdf78 

Instructions: (pc=0x00007ff8dd24a360)
0x00007ff8dd24a340:   41 57 41 56 41 55 41 54 55 57 56 53 48 83 ec 28
0x00007ff8dd24a350:   41 b8 01 00 00 00 31 d2 48 8b 59 18 4c 8b 61 20
0x00007ff8dd24a360:   8b bb f8 00 00 00 49 89 cd 4c 89 e1 83 e7 04 e8
0x00007ff8dd24a370:   bc fa fb ff 49 89 c6 85 ff 0f 85 41 01 00 00 f6 


Register to memory mapping:

RAX=0x00007ff8dda28c60 is an unknown value
RBX=0x0000000000000000 is an unknown value
RCX=0x0000023ee5ecc2c0 is an unknown value
RDX=0x0000000000000000 is an unknown value
RSP=0x00000076659fde30 is pointing into the stack for thread: 0x0000023ee1836000
RBP=0x00000076659fdf58 is pointing into the stack for thread: 0x0000023ee1836000
RSI=0x0000000000000000 is an unknown value
RDI=0x0000023ee6a0df40 is an unknown value
R8 =0x0000000000000001 is an unknown value
R9 =0x0000000000000000 is an unknown value
R10=0x0000000000000314 is an unknown value
R11=0x000000007198cafc is an unknown value
R12=0x0000023ee6bb7040 is an unknown value
R13=0x0000023ee554efc0 is pointing into metadata
R14=0x00000076659fdf78 is pointing into the stack for thread: 0x0000023ee1836000
R15=0x0000023ee1836000 is a thread


Stack: [0x0000007665900000,0x0000007665a00000],  sp=0x00000076659fde30,  free space=1015k
Native frames: (J=compiled Java code, j=interpreted, Vv=VM code, C=native code)
C  0x00007ff8dd24a360
C  0x00007ff8dd2e89a9
C  0x0000023eba58a02e

Java frames: (J=compiled Java code, j=interpreted, Vv=VM code)
j  org.bytedeco.ffmpeg.global.avformat.av_write_trailer(Lorg/bytedeco/ffmpeg/avformat/AVFormatContext;)I+0
j  org.bytedeco.javacv.FFmpegFrameRecorder.stop()V+15
j  org.jeecg.modules.demo.tab.service.impl.TabAiHistoryServiceImpl.stopStreaming()V+37
j  org.jeecg.modules.demo.tab.service.impl.TabAiHistoryServiceImpl.sendUrlFLV()V+266
j  org.jeecg.modules.demo.tab.service.impl.TabAiHistoryServiceImpl$$FastClassBySpringCGLIB$$5b69e81c.invoke(ILjava/lang/Object;[Ljava/lang/Object;)Ljava/lang/Object;+564
j  org.springframework.cglib.proxy.MethodProxy.invoke(Ljava/lang/Object;[Ljava/lang/Object;)Ljava/lang/Object;+19
j  org.springframework.aop.framework.CglibAopProxy$DynamicAdvisedInterceptor.intercept(Ljava/lang/Object;Ljava/lang/reflect/Method;[Ljava/lang/Object;Lorg/springframework/cglib/proxy/MethodProxy;)Ljava/lang/Object;+104
j  org.jeecg.modules.demo.tab.service.impl.TabAiHistoryServiceImpl$$EnhancerBySpringCGLIB$$6e200d3c.sendUrlFLV()V+31
j  org.jeecg.modules.message.websocket.WebSocket.onOpen(Ljavax/websocket/Session;Ljava/lang/String;)V+48
v  ~StubRoutines::call_stub
J 2463  sun.reflect.NativeMethodAccessorImpl.invoke0(Ljava/lang/reflect/Method;Ljava/lang/Object;[Ljava/lang/Object;)Ljava/lang/Object; (0 bytes) @ 0x0000023ebaa6773f [0x0000023ebaa676c0+0x7f]
J 2462 C1 sun.reflect.NativeMethodAccessorImpl.invoke(Ljava/lang/Object;[Ljava/lang/Object;)Ljava/lang/Object; (104 bytes) @ 0x0000023ebaa67f24 [0x0000023ebaa67b60+0x3c4]
J 2337 C1 sun.reflect.DelegatingMethodAccessorImpl.invoke(Ljava/lang/Object;[Ljava/lang/Object;)Ljava/lang/Object; (10 bytes) @ 0x0000023ebaa33124 [0x0000023ebaa330e0+0x44]
J 2336 C1 java.lang.reflect.Method.invoke(Ljava/lang/Object;[Ljava/lang/Object;)Ljava/lang/Object; (62 bytes) @ 0x0000023ebaa32d24 [0x0000023ebaa32c20+0x104]
j  org.apache.tomcat.websocket.pojo.PojoEndpointBase.doOnOpen(Ljavax/websocket/Session;Ljavax/websocket/EndpointConfig;)V+86
j  org.apache.tomcat.websocket.pojo.PojoEndpointServer.onOpen(Ljavax/websocket/Session;Ljavax/websocket/EndpointConfig;)V+32
j  org.apache.tomcat.websocket.server.WsHttpUpgradeHandler.init(Ljavax/servlet/http/WebConnection;)V+232
j  org.apache.coyote.AbstractProtocol$ConnectionHandler.process(Lorg/apache/tomcat/util/net/SocketWrapperBase;Lorg/apache/tomcat/util/net/SocketEvent;)Lorg/apache/tomcat/util/net/AbstractEndpoint$Handler$SocketState;+721
j  org.apache.tomcat.util.net.NioEndpoint$SocketProcessor.doRun()V+216
j  org.apache.tomcat.util.net.SocketProcessorBase.run()V+21
j  org.apache.tomcat.util.threads.ThreadPoolExecutor.runWorker(Lorg/apache/tomcat/util/threads/ThreadPoolExecutor$Worker;)V+92
j  org.apache.tomcat.util.threads.ThreadPoolExecutor$Worker.run()V+5
j  org.apache.tomcat.util.threads.TaskThread$WrappingRunnable.run()V+4
j  java.lang.Thread.run()V+11
v  ~StubRoutines::call_stub

---------------  P R O C E S S  ---------------

Java Threads: ( => current thread )
  0x0000023ee1e4c000 JavaThread "WebSocket background processing" daemon [_thread_blocked, id=1404, stack(0x0000007667e00000,0x0000007667f00000)]
  0x0000023ee1e43800 JavaThread "JavaCPP Deallocator" daemon [_thread_blocked, id=49004, stack(0x0000007661f00000,0x0000007662000000)]
  0x0000023ee1e4c800 JavaThread "lettuce-eventExecutorLoop-1-2" daemon [_thread_blocked, id=23040, stack(0x0000007667100000,0x0000007667200000)]
  0x0000023ee1e45000 JavaThread "lettuce-nioEventLoop-4-3" daemon [_thread_in_native, id=31184, stack(0x0000007667000000,0x0000007667100000)]
  0x0000023ee1e4b000 JavaThread "boundedElastic-1" daemon [_thread_blocked, id=30948, stack(0x0000007666f00000,0x0000007667000000)]
  0x0000023ee1e4a800 JavaThread "boundedElastic-evictor-1" daemon [_thread_blocked, id=52112, stack(0x0000007666e00000,0x0000007666f00000)]
  0x0000023ee1e46800 JavaThread "RMI TCP Connection(17)-192.168.109.1" daemon [_thread_in_native, id=25684, stack(0x0000007666500000,0x0000007666600000)]
  0x0000023ee1e49800 JavaThread "QuartzScheduler_MyScheduler-WIN-J1M8KSHQ9M01721360251977_MisfireHandler" [_thread_blocked, id=39832, stack(0x0000007666b00000,0x0000007666c00000)]
  0x0000023ee1e48000 JavaThread "QuartzScheduler_MyScheduler-WIN-J1M8KSHQ9M01721360251977_ClusterManager" [_thread_blocked, id=54584, stack(0x0000007666a00000,0x0000007666b00000)]
  0x0000023ee1e47800 JavaThread "DestroyJavaVM" [_thread_blocked, id=53540, stack(0x0000007662200000,0x0000007662300000)]
  0x0000023ee1e49000 JavaThread "lettuce-eventExecutorLoop-1-1" daemon [_thread_blocked, id=45992, stack(0x0000007666900000,0x0000007666a00000)]
  0x0000023ee1e43000 JavaThread "lettuce-nioEventLoop-4-2" daemon [_thread_in_native, id=42000, stack(0x0000007666800000,0x0000007666900000)]
  0x0000023ee1e46000 JavaThread "lettuce-nioEventLoop-4-1" daemon [_thread_in_native, id=25284, stack(0x0000007666600000,0x0000007666700000)]
  0x0000023ee1e44800 JavaThread "http-nio-9998-Acceptor" daemon [_thread_in_native, id=64936, stack(0x0000007666400000,0x0000007666500000)]
  0x0000023ee1e42000 JavaThread "http-nio-9998-Poller" daemon [_thread_in_native, id=45192, stack(0x0000007666300000,0x0000007666400000)]
  0x0000023ee1e41800 JavaThread "http-nio-9998-exec-10" daemon [_thread_blocked, id=47704, stack(0x0000007666200000,0x0000007666300000)]
  0x0000023ee183a000 JavaThread "http-nio-9998-exec-9" daemon [_thread_blocked, id=32908, stack(0x0000007666100000,0x0000007666200000)]
  0x0000023ee1838800 JavaThread "http-nio-9998-exec-8" daemon [_thread_blocked, id=47336, stack(0x0000007666000000,0x0000007666100000)]
  0x0000023ee1837800 JavaThread "http-nio-9998-exec-7" daemon [_thread_blocked, id=56716, stack(0x0000007665f00000,0x0000007666000000)]
  0x0000023ee183a800 JavaThread "http-nio-9998-exec-6" daemon [_thread_blocked, id=1480, stack(0x0000007665e00000,0x0000007665f00000)]
  0x0000023ee1839000 JavaThread "http-nio-9998-exec-5" daemon [_thread_blocked, id=42844, stack(0x0000007665d00000,0x0000007665e00000)]
  0x0000023ee183b800 JavaThread "http-nio-9998-exec-4" daemon [_thread_blocked, id=20852, stack(0x0000007665c00000,0x0000007665d00000)]
  0x0000023ee1830000 JavaThread "http-nio-9998-exec-3" daemon [_thread_blocked, id=39964, stack(0x0000007665b00000,0x0000007665c00000)]
  0x0000023ee1837000 JavaThread "http-nio-9998-exec-2" daemon [_thread_blocked, id=33156, stack(0x0000007665a00000,0x0000007665b00000)]
=>0x0000023ee1836000 JavaThread "http-nio-9998-exec-1" daemon [_thread_in_native, id=34488, stack(0x0000007665900000,0x0000007665a00000)]
  0x0000023ee182e000 JavaThread "Thread-43" [_thread_blocked, id=408, stack(0x0000007665800000,0x0000007665900000)]
  0x0000023ee1834800 JavaThread "Thread-39" [_thread_blocked, id=1724, stack(0x0000007665700000,0x0000007665800000)]
  0x0000023ee182d000 JavaThread "Thread-38" [_thread_blocked, id=40892, stack(0x0000007665600000,0x0000007665700000)]
  0x0000023ee182f800 JavaThread "RMI TCP Connection(idle)" daemon [_thread_blocked, id=63436, stack(0x0000007665500000,0x0000007665600000)]
  0x0000023ee1834000 JavaThread "JustAuth-Task-1" [_thread_blocked, id=63444, stack(0x0000007665200000,0x0000007665300000)]
  0x0000023ee182c800 JavaThread "RMI TCP Connection(idle)" daemon [_thread_blocked, id=28832, stack(0x0000007665100000,0x0000007665200000)]
  0x0000023ee182e800 JavaThread "MyScheduler_QuartzSchedulerThread" [_thread_blocked, id=56744, stack(0x0000007665000000,0x0000007665100000)]
  0x0000023ee1833000 JavaThread "MyScheduler_Worker-10" [_thread_blocked, id=40552, stack(0x0000007664f00000,0x0000007665000000)]
  0x0000023ee1832800 JavaThread "MyScheduler_Worker-9" [_thread_blocked, id=12248, stack(0x0000007664e00000,0x0000007664f00000)]
  0x0000023ee1831800 JavaThread "MyScheduler_Worker-8" [_thread_blocked, id=2172, stack(0x0000007664d00000,0x0000007664e00000)]
  0x0000023ee1831000 JavaThread "MyScheduler_Worker-7" [_thread_blocked, id=7872, stack(0x0000007664c00000,0x0000007664d00000)]
  0x0000023edf5a9000 JavaThread "MyScheduler_Worker-6" [_thread_blocked, id=38024, stack(0x0000007664b00000,0x0000007664c00000)]
  0x0000023edf5a8800 JavaThread "MyScheduler_Worker-5" [_thread_blocked, id=32528, stack(0x0000007664a00000,0x0000007664b00000)]
  0x0000023edf5a7000 JavaThread "MyScheduler_Worker-4" [_thread_blocked, id=21912, stack(0x0000007664900000,0x0000007664a00000)]
  0x0000023edf5a5800 JavaThread "MyScheduler_Worker-3" [_thread_blocked, id=58392, stack(0x0000007664800000,0x0000007664900000)]
  0x0000023edf5a6000 JavaThread "MyScheduler_Worker-2" [_thread_blocked, id=61672, stack(0x0000007664700000,0x0000007664800000)]
  0x0000023edf5ac000 JavaThread "MyScheduler_Worker-1" [_thread_blocked, id=64940, stack(0x0000007664600000,0x0000007664700000)]
  0x0000023edf5a7800 JavaThread "RMI TCP Connection(idle)" daemon [_thread_blocked, id=56340, stack(0x0000007664500000,0x0000007664600000)]
  0x0000023edf5ab800 JavaThread "Druid-ConnectionPool-Destroy-365212068" daemon [_thread_blocked, id=29356, stack(0x0000007664400000,0x0000007664500000)]
  0x0000023edf5aa800 JavaThread "Druid-ConnectionPool-Create-365212068" daemon [_thread_blocked, id=60096, stack(0x0000007664300000,0x0000007664400000)]
  0x0000023edf5aa000 JavaThread "mysql-cj-abandoned-connection-cleanup" daemon [_thread_blocked, id=4224, stack(0x0000007664200000,0x0000007664300000)]
  0x0000023edf2fa000 JavaThread "container-0" [_thread_blocked, id=56996, stack(0x0000007664100000,0x0000007664200000)]
  0x0000023edf2f8800 JavaThread "Catalina-utility-2" [_thread_blocked, id=308, stack(0x0000007664000000,0x0000007664100000)]
  0x0000023edf2f8000 JavaThread "Catalina-utility-1" [_thread_blocked, id=59976, stack(0x0000007663f00000,0x0000007664000000)]
  0x0000023edf21d000 JavaThread "RMI TCP Connection(idle)" daemon [_thread_blocked, id=64240, stack(0x0000007663e00000,0x0000007663f00000)]
  0x0000023edf134800 JavaThread "lettuce-timer-3-1" daemon [_thread_blocked, id=32712, stack(0x0000007663d00000,0x0000007663e00000)]
  0x0000023edeb9a800 JavaThread "RMI TCP Connection(15)-192.168.109.1" daemon [_thread_in_native, id=59800, stack(0x0000007663c00000,0x0000007663d00000)]
  0x0000023eda5db000 JavaThread "RMI Scheduler(0)" daemon [_thread_blocked, id=22016, stack(0x0000007663b00000,0x0000007663c00000)]
  0x0000023edbd74800 JavaThread "RMI TCP Connection(16)-192.168.109.1" daemon [_thread_in_native, id=48044, stack(0x0000007663a00000,0x0000007663b00000)]
  0x0000023edbaf9800 JavaThread "RMI TCP Accept-0" daemon [_thread_in_native, id=62740, stack(0x0000007663800000,0x0000007663900000)]
  0x0000023edb8d4800 JavaThread "Service Thread" daemon [_thread_blocked, id=51940, stack(0x0000007663700000,0x0000007663800000)]
  0x0000023edb8c7000 JavaThread "C1 CompilerThread3" daemon [_thread_blocked, id=7572, stack(0x0000007663600000,0x0000007663700000)]
  0x0000023edb8ad800 JavaThread "C2 CompilerThread2" daemon [_thread_blocked, id=65784, stack(0x0000007663500000,0x0000007663600000)]
  0x0000023edb85a800 JavaThread "C2 CompilerThread1" daemon [_thread_blocked, id=63228, stack(0x0000007663400000,0x0000007663500000)]
  0x0000023edb859800 JavaThread "C2 CompilerThread0" daemon [_thread_blocked, id=3568, stack(0x0000007663300000,0x0000007663400000)]
  0x0000023edb858000 JavaThread "Monitor Ctrl-Break" daemon [_thread_in_native, id=15024, stack(0x0000007663200000,0x0000007663300000)]
  0x0000023ed819b000 JavaThread "Attach Listener" daemon [_thread_blocked, id=26356, stack(0x0000007663100000,0x0000007663200000)]
  0x0000023ed8183800 JavaThread "Signal Dispatcher" daemon [_thread_blocked, id=66428, stack(0x0000007663000000,0x0000007663100000)]
  0x0000023ed8169800 JavaThread "Finalizer" daemon [_thread_blocked, id=14688, stack(0x0000007662f00000,0x0000007663000000)]
  0x0000023ed8160800 JavaThread "Reference Handler" daemon [_thread_blocked, id=10480, stack(0x0000007662e00000,0x0000007662f00000)]

Other Threads:
  0x0000023ed8138800 VMThread [stack: 0x0000007662d00000,0x0000007662e00000] [id=45072]
  0x0000023edbbae800 WatcherThread [stack: 0x0000007663900000,0x0000007663a00000] [id=20364]

VM state:not at safepoint (normal execution)

VM Mutex/Monitor currently owned by a thread: None

heap address: 0x0000000642a00000, size: 6102 MB, Compressed Oops mode: Zero based, Oop shift amount: 3
Narrow klass base: 0x0000000000000000, Narrow klass shift: 3
Compressed class space size: 1073741824 Address: 0x00000007c0000000

Heap:
 PSYoungGen      total 1848320K, used 1790100K [0x0000000740e00000, 0x00000007c0000000, 0x00000007c0000000)
  eden space 1808384K, 98% used [0x0000000740e00000,0x00000007adacdac0,0x00000007af400000)
  from space 39936K, 18% used [0x00000007af400000,0x00000007afb578c8,0x00000007b1b00000)
  to   space 39936K, 0% used [0x00000007bd900000,0x00000007bd900000,0x00000007c0000000)
 ParOldGen       total 330752K, used 109427K [0x0000000642a00000, 0x0000000656d00000, 0x0000000740e00000)
  object space 330752K, 33% used [0x0000000642a00000,0x00000006494dcdc8,0x0000000656d00000)
 Metaspace       used 101073K, capacity 107624K, committed 107840K, reserved 1144832K
  class space    used 12211K, capacity 13359K, committed 13400K, reserved 1048576K

Card table byte_map: [0x0000023ec9930000,0x0000023eca520000] byte_map_base: 0x0000023ec671b000

Marking Bits: (ParMarkBitMap*) 0x000000007199b090
 Begin Bits: [0x0000023ecad20000, 0x0000023ed0c78000)
 End Bits:   [0x0000023ed0c78000, 0x0000023ed6bd0000)

Polling page: 0x0000023eb8860000

CodeCache: size=245760Kb used=20951Kb max_used=20951Kb free=224808Kb
 bounds [0x0000023eba570000, 0x0000023ebb9f0000, 0x0000023ec9570000]
 total_blobs=11453 nmethods=10736 adapters=628
 compilation: enabled

Compilation events (10 events):
Event: 73.110 Thread 0x0000023edb8c7000 10929   !   1       com.sun.proxy.$Proxy405::linkpath (29 bytes)
Event: 73.111 Thread 0x0000023edb8c7000 nmethod 10929 0x0000023ebb9e6bd0 code [0x0000023ebb9e6d40, 0x0000023ebb9e6f80]
Event: 73.111 Thread 0x0000023edb8c7000 10925       1       java.util.zip.ZipFile::getName (5 bytes)
Event: 73.111 Thread 0x0000023edb8c7000 nmethod 10925 0x0000023ebb9e70d0 code [0x0000023ebb9e7220, 0x0000023ebb9e7338]
Event: 73.112 Thread 0x0000023edb8c7000 10926       1       org.bytedeco.javacpp.tools.Logger::isDebugEnabled (4 bytes)
Event: 73.112 Thread 0x0000023edb8c7000 nmethod 10926 0x0000023ebb9e7390 code [0x0000023ebb9e74e0, 0x0000023ebb9e75f8]
Event: 73.836 Thread 0x0000023edb8c7000 10930       1       java.util.concurrent.locks.AbstractQueuedSynchronizer::compareAndSetWaitStatus (13 bytes)
Event: 73.836 Thread 0x0000023edb8c7000 nmethod 10930 0x0000023ebb9e7650 code [0x0000023ebb9e77a0, 0x0000023ebb9e78b8]
Event: 74.329 Thread 0x0000023edb8c7000 10931       1       java.text.DateFormatSymbols::copyMembers (163 bytes)
Event: 74.329 Thread 0x0000023edb8c7000 nmethod 10931 0x0000023ebb9e7910 code [0x0000023ebb9e7ae0, 0x0000023ebb9e8070]

GC Heap History (10 events):
Event: 27.870 GC heap before
{Heap before GC invocations=15 (full 3):
 PSYoungGen      total 1076224K, used 1061970K [0x0000000740e00000, 0x000000079b280000, 0x00000007c0000000)
  eden space 1047040K, 100% used [0x0000000740e00000,0x0000000780c80000,0x0000000780c80000)
  from space 29184K, 51% used [0x0000000780c80000,0x0000000781b14840,0x0000000782900000)
  to   space 28160K, 0% used [0x0000000799700000,0x0000000799700000,0x000000079b280000)
 ParOldGen       total 199680K, used 41825K [0x0000000642a00000, 0x000000064ed00000, 0x0000000740e00000)
  object space 199680K, 20% used [0x0000000642a00000,0x00000006452d84c8,0x000000064ed00000)
 Metaspace       used 68028K, capacity 71140K, committed 71256K, reserved 1112064K
  class space    used 8480K, capacity 9032K, committed 9048K, reserved 1048576K
Event: 27.885 GC heap after
Heap after GC invocations=15 (full 3):
 PSYoungGen      total 1420288K, used 18193K [0x0000000740e00000, 0x000000079a900000, 0x00000007c0000000)
  eden space 1401856K, 0% used [0x0000000740e00000,0x0000000740e00000,0x0000000796700000)
  from space 18432K, 98% used [0x0000000799700000,0x000000079a8c4590,0x000000079a900000)
  to   space 28160K, 0% used [0x0000000797200000,0x0000000797200000,0x0000000798d80000)
 ParOldGen       total 199680K, used 52813K [0x0000000642a00000, 0x000000064ed00000, 0x0000000740e00000)
  object space 199680K, 26% used [0x0000000642a00000,0x0000000645d93728,0x000000064ed00000)
 Metaspace       used 68028K, capacity 71140K, committed 71256K, reserved 1112064K
  class space    used 8480K, capacity 9032K, committed 9048K, reserved 1048576K
}
Event: 41.769 GC heap before
{Heap before GC invocations=16 (full 3):
 PSYoungGen      total 1420288K, used 1420049K [0x0000000740e00000, 0x000000079a900000, 0x00000007c0000000)
  eden space 1401856K, 100% used [0x0000000740e00000,0x0000000796700000,0x0000000796700000)
  from space 18432K, 98% used [0x0000000799700000,0x000000079a8c4590,0x000000079a900000)
  to   space 28160K, 0% used [0x0000000797200000,0x0000000797200000,0x0000000798d80000)
 ParOldGen       total 199680K, used 52813K [0x0000000642a00000, 0x000000064ed00000, 0x0000000740e00000)
  object space 199680K, 26% used [0x0000000642a00000,0x0000000645d93728,0x000000064ed00000)
 Metaspace       used 83406K, capacity 87622K, committed 87768K, reserved 1126400K
  class space    used 9864K, capacity 10626K, committed 10712K, reserved 1048576K
Event: 41.803 GC heap after
Heap after GC invocations=16 (full 3):
 PSYoungGen      total 1441280K, used 28144K [0x0000000740e00000, 0x00000007b5580000, 0x00000007c0000000)
  eden space 1413120K, 0% used [0x0000000740e00000,0x0000000740e00000,0x0000000797200000)
  from space 28160K, 99% used [0x0000000797200000,0x0000000798d7c170,0x0000000798d80000)
  to   space 41472K, 0% used [0x00000007b2d00000,0x00000007b2d00000,0x00000007b5580000)
 ParOldGen       total 199680K, used 79169K [0x0000000642a00000, 0x000000064ed00000, 0x0000000740e00000)
  object space 199680K, 39% used [0x0000000642a00000,0x0000000647750438,0x000000064ed00000)
 Metaspace       used 83406K, capacity 87622K, committed 87768K, reserved 1126400K
  class space    used 9864K, capacity 10626K, committed 10712K, reserved 1048576K
}
Event: 46.852 GC heap before
{Heap before GC invocations=17 (full 3):
 PSYoungGen      total 1441280K, used 869181K [0x0000000740e00000, 0x00000007b5580000, 0x00000007c0000000)
  eden space 1413120K, 59% used [0x0000000740e00000,0x00000007743534e8,0x0000000797200000)
  from space 28160K, 99% used [0x0000000797200000,0x0000000798d7c170,0x0000000798d80000)
  to   space 41472K, 0% used [0x00000007b2d00000,0x00000007b2d00000,0x00000007b5580000)
 ParOldGen       total 199680K, used 79169K [0x0000000642a00000, 0x000000064ed00000, 0x0000000740e00000)
  object space 199680K, 39% used [0x0000000642a00000,0x0000000647750438,0x000000064ed00000)
 Metaspace       used 92238K, capacity 98320K, committed 98496K, reserved 1136640K
  class space    used 11191K, capacity 12233K, committed 12248K, reserved 1048576K
Event: 46.879 GC heap after
Heap after GC invocations=17 (full 3):
 PSYoungGen      total 1824256K, used 21156K [0x0000000740e00000, 0x00000007b4200000, 0x00000007c0000000)
  eden space 1802752K, 0% used [0x0000000740e00000,0x0000000740e00000,0x00000007aee80000)
  from space 21504K, 98% used [0x00000007b2d00000,0x00000007b41a9060,0x00000007b4200000)
  to   space 39936K, 0% used [0x00000007af400000,0x00000007af400000,0x00000007b1b00000)
 ParOldGen       total 199680K, used 106149K [0x0000000642a00000, 0x000000064ed00000, 0x0000000740e00000)
  object space 199680K, 53% used [0x0000000642a00000,0x00000006491a9480,0x000000064ed00000)
 Metaspace       used 92238K, capacity 98320K, committed 98496K, reserved 1136640K
  class space    used 11191K, capacity 12233K, committed 12248K, reserved 1048576K
}
Event: 46.879 GC heap before
{Heap before GC invocations=18 (full 4):
 PSYoungGen      total 1824256K, used 21156K [0x0000000740e00000, 0x00000007b4200000, 0x00000007c0000000)
  eden space 1802752K, 0% used [0x0000000740e00000,0x0000000740e00000,0x00000007aee80000)
  from space 21504K, 98% used [0x00000007b2d00000,0x00000007b41a9060,0x00000007b4200000)
  to   space 39936K, 0% used [0x00000007af400000,0x00000007af400000,0x00000007b1b00000)
 ParOldGen       total 199680K, used 106149K [0x0000000642a00000, 0x000000064ed00000, 0x0000000740e00000)
  object space 199680K, 53% used [0x0000000642a00000,0x00000006491a9480,0x000000064ed00000)
 Metaspace       used 92238K, capacity 98320K, committed 98496K, reserved 1136640K
  class space    used 11191K, capacity 12233K, committed 12248K, reserved 1048576K
Event: 47.123 GC heap after
Heap after GC invocations=18 (full 4):
 PSYoungGen      total 1824256K, used 0K [0x0000000740e00000, 0x00000007b4200000, 0x00000007c0000000)
  eden space 1802752K, 0% used [0x0000000740e00000,0x0000000740e00000,0x00000007aee80000)
  from space 21504K, 0% used [0x00000007b2d00000,0x00000007b2d00000,0x00000007b4200000)
  to   space 39936K, 0% used [0x00000007af400000,0x00000007af400000,0x00000007b1b00000)
 ParOldGen       total 330752K, used 109419K [0x0000000642a00000, 0x0000000656d00000, 0x0000000740e00000)
  object space 330752K, 33% used [0x0000000642a00000,0x00000006494dadc8,0x0000000656d00000)
 Metaspace       used 92238K, capacity 98320K, committed 98496K, reserved 1136640K
  class space    used 11191K, capacity 12233K, committed 12248K, reserved 1048576K
}
Event: 68.511 GC heap before
{Heap before GC invocations=19 (full 4):
 PSYoungGen      total 1824256K, used 1802752K [0x0000000740e00000, 0x00000007b4200000, 0x00000007c0000000)
  eden space 1802752K, 100% used [0x0000000740e00000,0x00000007aee80000,0x00000007aee80000)
  from space 21504K, 0% used [0x00000007b2d00000,0x00000007b2d00000,0x00000007b4200000)
  to   space 39936K, 0% used [0x00000007af400000,0x00000007af400000,0x00000007b1b00000)
 ParOldGen       total 330752K, used 109419K [0x0000000642a00000, 0x0000000656d00000, 0x0000000740e00000)
  object space 330752K, 33% used [0x0000000642a00000,0x00000006494dadc8,0x0000000656d00000)
 Metaspace       used 99711K, capacity 106294K, committed 106560K, reserved 1142784K
  class space    used 11992K, capacity 13132K, committed 13144K, reserved 1048576K
Event: 68.520 GC heap after
Heap after GC invocations=19 (full 4):
 PSYoungGen      total 1848320K, used 7518K [0x0000000740e00000, 0x00000007c0000000, 0x00000007c0000000)
  eden space 1808384K, 0% used [0x0000000740e00000,0x0000000740e00000,0x00000007af400000)
  from space 39936K, 18% used [0x00000007af400000,0x00000007afb578c8,0x00000007b1b00000)
  to   space 39936K, 0% used [0x00000007bd900000,0x00000007bd900000,0x00000007c0000000)
 ParOldGen       total 330752K, used 109427K [0x0000000642a00000, 0x0000000656d00000, 0x0000000740e00000)
  object space 330752K, 33% used [0x0000000642a00000,0x00000006494dcdc8,0x0000000656d00000)
 Metaspace       used 99711K, capacity 106294K, committed 106560K, reserved 1142784K
  class space    used 11992K, capacity 13132K, committed 13144K, reserved 1048576K
}

Deoptimization events (0 events):
No events

Classes redefined (0 events):
No events

Internal exceptions (10 events):
Event: 44.552 Thread 0x0000023eb8634800 Exception <a 'java/lang/ClassNotFoundException': > (0x000000076dfcb9e8) thrown at [C:\jenkins\workspace\8-2-build-windows-x64-cygwin\jdk8u361\3183\hotspot\src\share\vm\prims\jni.cpp, line 737]
Event: 44.552 Thread 0x0000023eb8634800 Exception <a 'java/lang/ClassNotFoundException': > (0x000000076dfd3048) thrown at [C:\jenkins\workspace\8-2-build-windows-x64-cygwin\jdk8u361\3183\hotspot\src\share\vm\prims\jni.cpp, line 737]
Event: 44.552 Thread 0x0000023eb8634800 Exception <a 'java/lang/ClassNotFoundException': > (0x000000076dfda6c0) thrown at [C:\jenkins\workspace\8-2-build-windows-x64-cygwin\jdk8u361\3183\hotspot\src\share\vm\prims\jni.cpp, line 737]
Event: 44.552 Thread 0x0000023eb8634800 Exception <a 'java/lang/ClassNotFoundException': > (0x000000076dfe1cb8) thrown at [C:\jenkins\workspace\8-2-build-windows-x64-cygwin\jdk8u361\3183\hotspot\src\share\vm\prims\jni.cpp, line 737]
Event: 44.552 Thread 0x0000023eb8634800 Exception <a 'java/lang/ClassNotFoundException': > (0x000000076dfe92d8) thrown at [C:\jenkins\workspace\8-2-build-windows-x64-cygwin\jdk8u361\3183\hotspot\src\share\vm\prims\jni.cpp, line 737]
Event: 47.202 Thread 0x0000023ee1e43000 Exception <a 'java/lang/IncompatibleClassChangeError': Found class java.lang.Object, but interface was expected> (0x00000007438bf210) thrown at [C:\jenkins\workspace\8-2-build-windows-x64-cygwin\jdk8u361\3183\hotspot\src\share\vm\interpreter\linkResolver.
Event: 47.230 Thread 0x0000023eb8634800 Exception <a 'java/lang/NoSuchMethodError': java.lang.Object.lambda$builder$0(Ljava/util/function/Supplier;)D> (0x0000000743e736a8) thrown at [C:\jenkins\workspace\8-2-build-windows-x64-cygwin\jdk8u361\3183\hotspot\src\share\vm\interpreter\linkResolver.cp
Event: 49.235 Thread 0x0000023edbd74800 Exception <a 'java/lang/NoSuchMethodError': java.lang.Object.lambda$minBy$0(Ljava/util/Comparator;Ljava/lang/Object;Ljava/lang/Object;)Ljava/lang/Object;> (0x000000074b7f43e8) thrown at [C:\jenkins\workspace\8-2-build-windows-x64-cygwin\jdk8u361\3183\hots
Event: 66.029 Thread 0x0000023ee1836000 Exception <a 'java/lang/NoSuchMethodError': java.lang.Object.lambda$builder$1(Ljava/lang/String;)Lio/micrometer/core/instrument/Timer$Builder;> (0x0000000750468c18) thrown at [C:\jenkins\workspace\8-2-build-windows-x64-cygwin\jdk8u361\3183\hotspot\src\sha
Event: 74.319 Thread 0x0000023ee1830000 Exception <a 'java/lang/NullPointerException': This pointer address is NULL.> (0x00000007ad6e2040) thrown at [C:\jenkins\workspace\8-2-build-windows-x64-cygwin\jdk8u361\3183\hotspot\src\share\vm\prims\jni.cpp, line 737]

Events (10 events):
Event: 74.318 loading class org/bytedeco/javacv/Frame$Type
Event: 74.318 loading class org/bytedeco/javacv/Frame$Type done
Event: 74.327 Executing VM operation: RevokeBias
Event: 74.327 Executing VM operation: RevokeBias done
Event: 74.327 Executing VM operation: RevokeBias
Event: 74.328 Executing VM operation: RevokeBias done
Event: 74.329 loading class org/apache/tomcat/websocket/BackgroundProcessManager
Event: 74.329 loading class org/apache/tomcat/websocket/BackgroundProcessManager done
Event: 74.330 loading class org/apache/tomcat/websocket/BackgroundProcessManager$WsBackgroundThread
Event: 74.330 loading class org/apache/tomcat/websocket/BackgroundProcessManager$WsBackgroundThread done


Dynamic libraries:
0x00007ff603280000 - 0x00007ff6032c7000 	C:\Program Files\Java\jdk1.8.0_361\bin\java.exe
0x00007ff971c50000 - 0x00007ff971e48000 	C:\Windows\SYSTEM32\ntdll.dll
0x00007ff970860000 - 0x00007ff97091d000 	C:\Windows\System32\KERNEL32.DLL
0x00007ff96f310000 - 0x00007ff96f606000 	C:\Windows\System32\KERNELBASE.dll
0x00007ff970690000 - 0x00007ff970740000 	C:\Windows\System32\ADVAPI32.dll
0x00007ff971410000 - 0x00007ff9714ae000 	C:\Windows\System32\msvcrt.dll
0x00007ff970740000 - 0x00007ff9707e0000 	C:\Windows\System32\sechost.dll
0x00007ff9714b0000 - 0x00007ff9715d3000 	C:\Windows\System32\RPCRT4.dll
0x00007ff96f9d0000 - 0x00007ff96f9f7000 	C:\Windows\System32\bcrypt.dll
0x00007ff9704f0000 - 0x00007ff97068f000 	C:\Windows\System32\USER32.dll
0x00007ff96fc60000 - 0x00007ff96fc82000 	C:\Windows\System32\win32u.dll
0x00007ff9713d0000 - 0x00007ff9713fb000 	C:\Windows\System32\GDI32.dll
0x00007ff96f810000 - 0x00007ff96f927000 	C:\Windows\System32\gdi32full.dll
0x00007ff96f930000 - 0x00007ff96f9cd000 	C:\Windows\System32\msvcp_win.dll
0x00007ff96f610000 - 0x00007ff96f710000 	C:\Windows\System32\ucrtbase.dll
0x00007ff95b7c0000 - 0x00007ff95ba5a000 	C:\Windows\WinSxS\amd64_microsoft.windows.common-controls_6595b64144ccf1df_6.0.19041.4355_none_60b8b9eb71f62e16\COMCTL32.dll
0x00007ff971ab0000 - 0x00007ff971adf000 	C:\Windows\System32\IMM32.DLL
0x00000000721a0000 - 0x00000000721ad000 	F:\Program Files (x86)\360\360Safe575960218\360Safe\safemon\SafeWrapper.dll
0x00007ff95a9b0000 - 0x00007ff95aab3000 	F:\Program Files (x86)\360\360Safe575960218\360Safe\safemon\libzdtp64.dll
0x00007ff970c60000 - 0x00007ff9713cc000 	C:\Windows\System32\SHELL32.dll
0x00007ff970490000 - 0x00007ff9704e5000 	C:\Windows\System32\SHLWAPI.dll
0x00007ff96ee60000 - 0x00007ff96ee6a000 	C:\Windows\SYSTEM32\VERSION.dll
0x00007ff95c0e0000 - 0x00007ff95c0f5000 	C:\Program Files\Java\jdk1.8.0_361\jre\bin\vcruntime140.dll
0x00007ff9469b0000 - 0x00007ff946a4b000 	C:\Program Files\Java\jdk1.8.0_361\jre\bin\msvcp140.dll
0x00000000711b0000 - 0x0000000071a13000 	C:\Program Files\Java\jdk1.8.0_361\jre\bin\server\jvm.dll
0x00007ff971ae0000 - 0x00007ff971ae8000 	C:\Windows\System32\PSAPI.DLL
0x00007ff95bb90000 - 0x00007ff95bbb7000 	C:\Windows\SYSTEM32\WINMM.dll
0x00007ff957b40000 - 0x00007ff957b49000 	C:\Windows\SYSTEM32\WSOCK32.dll
0x00007ff970920000 - 0x00007ff97098b000 	C:\Windows\System32\WS2_32.dll
0x00007ff96d140000 - 0x00007ff96d152000 	C:\Windows\SYSTEM32\kernel.appcore.dll
0x00007ff95c0d0000 - 0x00007ff95c0e0000 	C:\Program Files\Java\jdk1.8.0_361\jre\bin\verify.dll
0x00007ff958860000 - 0x00007ff95888b000 	C:\Program Files\Java\jdk1.8.0_361\jre\bin\java.dll
0x00007ff958830000 - 0x00007ff958860000 	C:\Program Files\Java\jdk1.8.0_361\jre\bin\instrument.dll
0x00007ff95c0b0000 - 0x00007ff95c0c8000 	C:\Program Files\Java\jdk1.8.0_361\jre\bin\zip.dll
0x00007ff96d340000 - 0x00007ff96dadd000 	C:\Windows\SYSTEM32\windows.storage.dll
0x00007ff9716a0000 - 0x00007ff9719f3000 	C:\Windows\System32\combase.dll
0x00007ff96ecc0000 - 0x00007ff96ecee000 	C:\Windows\SYSTEM32\Wldp.dll
0x00007ff970990000 - 0x00007ff970a5d000 	C:\Windows\System32\OLEAUT32.dll
0x00007ff971a00000 - 0x00007ff971aad000 	C:\Windows\System32\SHCORE.dll
0x00007ff96f240000 - 0x00007ff96f264000 	C:\Windows\SYSTEM32\profapi.dll
0x00007ff95c150000 - 0x00007ff95c16a000 	E:\Program Files\JetBrains\IntelliJ IDEA 2022.3.2\bin\breakgen64.dll
0x00007ff95c280000 - 0x00007ff95c29c000 	C:\Program Files\Java\jdk1.8.0_361\jre\bin\net.dll
0x00007ff96ea20000 - 0x00007ff96ea8a000 	C:\Windows\system32\mswsock.dll
0x00007ff960ab0000 - 0x00007ff960afb000 	C:\Program Files (x86)\Sangfor\SSL\ClientComponent\SangforNspX64.dll
0x00007ff96fd40000 - 0x00007ff96fe6b000 	C:\Windows\System32\ole32.dll
0x00007ff96e6f0000 - 0x00007ff96e7ba000 	C:\Windows\SYSTEM32\DNSAPI.dll
0x00007ff96e6b0000 - 0x00007ff96e6eb000 	C:\Windows\SYSTEM32\IPHLPAPI.DLL
0x00007ff971af0000 - 0x00007ff971af8000 	C:\Windows\System32\NSI.dll
0x00000000732d0000 - 0x00000000732f6000 	C:\Program Files\Bonjour\mdnsNSP.dll
0x00007ff961670000 - 0x00007ff96167a000 	C:\Windows\System32\rasadhlp.dll
0x00007ff9609a0000 - 0x00007ff960a20000 	C:\Windows\System32\fwpuclnt.dll
0x00007ff96c070000 - 0x00007ff96c07d000 	C:\Program Files\Java\jdk1.8.0_361\jre\bin\management.dll
0x00007ff95c190000 - 0x00007ff95c1a3000 	C:\Program Files\Java\jdk1.8.0_361\jre\bin\nio.dll
0x00007ff96ec10000 - 0x00007ff96ec28000 	C:\Windows\SYSTEM32\CRYPTSP.dll
0x00007ff96e2d0000 - 0x00007ff96e304000 	C:\Windows\system32\rsaenh.dll
0x00007ff96f1b0000 - 0x00007ff96f1de000 	C:\Windows\SYSTEM32\USERENV.dll
0x00007ff96fbd0000 - 0x00007ff96fc52000 	C:\Windows\System32\bcryptprimitives.dll
0x00007ff96ec30000 - 0x00007ff96ec3c000 	C:\Windows\SYSTEM32\CRYPTBASE.dll
0x00007ff9688d0000 - 0x00007ff9688e7000 	C:\Windows\SYSTEM32\dhcpcsvc6.DLL
0x00007ff9688b0000 - 0x00007ff9688cd000 	C:\Windows\SYSTEM32\dhcpcsvc.DLL
0x00007ff954a60000 - 0x00007ff954a77000 	C:\Windows\system32\napinsp.dll
0x00007ff954a00000 - 0x00007ff954a1b000 	C:\Windows\system32\pnrpnsp.dll
0x00007ff969c30000 - 0x00007ff969c45000 	C:\Windows\system32\wshbth.dll
0x00007ff96bae0000 - 0x00007ff96bafd000 	C:\Windows\system32\NLAapi.dll
0x00007ff9549e0000 - 0x00007ff9549f2000 	C:\Windows\System32\winrnr.dll
0x00007ff8e05f0000 - 0x00007ff8e3716000 	F:\JAVAAI\opencv481\opencv\build\java\x64\opencv_java481.dll
0x00007ff92c7f0000 - 0x00007ff92c8fa000 	C:\Windows\SYSTEM32\MFReadWrite.dll
0x00007ff944090000 - 0x00007ff94424c000 	C:\Windows\SYSTEM32\MFPlat.DLL
0x00007ff949b50000 - 0x00007ff949bd5000 	C:\Windows\SYSTEM32\MF.dll
0x00007ff96db20000 - 0x00007ff96dc12000 	C:\Windows\SYSTEM32\dxgi.dll
0x00007ff96f7c0000 - 0x00007ff96f80e000 	C:\Windows\System32\cfgmgr32.dll
0x00007ff96b2b0000 - 0x00007ff96b513000 	C:\Windows\SYSTEM32\d3d11.dll
0x00007ff9050c0000 - 0x00007ff90554e000 	C:\Windows\SYSTEM32\MFCORE.DLL
0x00007ff96fa00000 - 0x00007ff96fb5e000 	C:\Windows\System32\CRYPT32.dll
0x00007ff9585b0000 - 0x00007ff9585b9000 	C:\Windows\SYSTEM32\ksuser.dll
0x00007ff96e820000 - 0x00007ff96e86b000 	C:\Windows\SYSTEM32\powrprof.dll
0x00007ff95e680000 - 0x00007ff95e6b6000 	C:\Windows\SYSTEM32\RTWorkQ.DLL
0x00007ff96e690000 - 0x00007ff96e6a2000 	C:\Windows\SYSTEM32\UMPDC.dll
0x00007ff9558e0000 - 0x00007ff955904000 	C:\Program Files\Java\jdk1.8.0_361\jre\bin\sunec.dll
0x00007ff958c70000 - 0x00007ff958c7d000 	C:\Program Files\Java\jdk1.8.0_361\jre\bin\sunmscapi.dll
0x00007ff96ed30000 - 0x00007ff96ed59000 	C:\Windows\SYSTEM32\ncrypt.dll
0x00007ff96ecf0000 - 0x00007ff96ed2b000 	C:\Windows\SYSTEM32\NTASN1.dll
0x0000023ee55a0000 - 0x0000023ee55a3000 	C:\Program Files\Java\jdk1.8.0_361\jre\bin\api-ms-win-crt-locale-l1-1-0.dll
0x0000023ee55b0000 - 0x0000023ee55b4000 	C:\Program Files\Java\jdk1.8.0_361\jre\bin\api-ms-win-crt-string-l1-1-0.dll
0x0000023ee55c0000 - 0x0000023ee55c4000 	C:\Program Files\Java\jdk1.8.0_361\jre\bin\api-ms-win-crt-stdio-l1-1-0.dll
0x0000023ee55d0000 - 0x0000023ee55d5000 	C:\Program Files\Java\jdk1.8.0_361\jre\bin\api-ms-win-crt-math-l1-1-0.dll
0x0000023ee55e0000 - 0x0000023ee55e3000 	C:\Program Files\Java\jdk1.8.0_361\jre\bin\api-ms-win-crt-heap-l1-1-0.dll
0x0000023ee55f0000 - 0x0000023ee55f4000 	C:\Program Files\Java\jdk1.8.0_361\jre\bin\api-ms-win-crt-runtime-l1-1-0.dll
0x0000023ee5600000 - 0x0000023ee5604000 	C:\Program Files\Java\jdk1.8.0_361\jre\bin\api-ms-win-crt-convert-l1-1-0.dll
0x0000023ee5610000 - 0x0000023ee5613000 	C:\Program Files\Java\jdk1.8.0_361\jre\bin\api-ms-win-crt-environment-l1-1-0.dll
0x0000023ee5620000 - 0x0000023ee5623000 	C:\Program Files\Java\jdk1.8.0_361\jre\bin\api-ms-win-crt-time-l1-1-0.dll
0x0000023ee5630000 - 0x0000023ee5633000 	C:\Program Files\Java\jdk1.8.0_361\jre\bin\api-ms-win-crt-filesystem-l1-1-0.dll
0x0000023ee5640000 - 0x0000023ee5643000 	C:\Program Files\Java\jdk1.8.0_361\jre\bin\api-ms-win-crt-utility-l1-1-0.dll
0x0000023ee5650000 - 0x0000023ee5655000 	C:\Program Files\Java\jdk1.8.0_361\jre\bin\api-ms-win-crt-multibyte-l1-1-0.dll
0x0000023ee5660000 - 0x0000023ee5663000 	C:\Program Files\Java\jdk1.8.0_361\jre\bin\api-ms-win-crt-conio-l1-1-0.dll
0x0000023ee5670000 - 0x0000023ee5680000 	C:\Program Files\Java\jdk1.8.0_361\jre\bin\api-ms-win-crt-private-l1-1-0.dll
0x0000023ee5680000 - 0x0000023ee5683000 	C:\Program Files\Java\jdk1.8.0_361\jre\bin\api-ms-win-crt-process-l1-1-0.dll
0x0000023ee5690000 - 0x0000023ee5693000 	C:\Program Files\Java\jdk1.8.0_361\jre\bin\api-ms-win-core-console-l1-2-0.dll
0x0000023ee56a0000 - 0x0000023ee56a3000 	C:\Program Files\Java\jdk1.8.0_361\jre\bin\api-ms-win-core-string-l1-1-0.dll
0x0000023ee56b0000 - 0x0000023ee56b3000 	C:\Program Files\Java\jdk1.8.0_361\jre\bin\api-ms-win-core-errorhandling-l1-1-0.dll
0x0000023ee56c0000 - 0x0000023ee56c3000 	C:\Program Files\Java\jdk1.8.0_361\jre\bin\api-ms-win-core-timezone-l1-1-0.dll
0x0000023ee56d0000 - 0x0000023ee56d4000 	C:\Program Files\Java\jdk1.8.0_361\jre\bin\api-ms-win-core-file-l1-1-0.dll
0x0000023ee56e0000 - 0x0000023ee56e3000 	C:\Program Files\Java\jdk1.8.0_361\jre\bin\api-ms-win-core-namedpipe-l1-1-0.dll
0x0000023ee56f0000 - 0x0000023ee56f3000 	C:\Program Files\Java\jdk1.8.0_361\jre\bin\api-ms-win-core-handle-l1-1-0.dll
0x0000023ee5700000 - 0x0000023ee5703000 	C:\Program Files\Java\jdk1.8.0_361\jre\bin\api-ms-win-core-file-l2-1-0.dll
0x0000023ee5710000 - 0x0000023ee5713000 	C:\Program Files\Java\jdk1.8.0_361\jre\bin\api-ms-win-core-heap-l1-1-0.dll
0x0000023ee5720000 - 0x0000023ee5723000 	C:\Program Files\Java\jdk1.8.0_361\jre\bin\api-ms-win-core-libraryloader-l1-1-0.dll
0x0000023ee5730000 - 0x0000023ee5733000 	C:\Program Files\Java\jdk1.8.0_361\jre\bin\api-ms-win-core-synch-l1-1-0.dll
0x0000023ee5740000 - 0x0000023ee5743000 	C:\Program Files\Java\jdk1.8.0_361\jre\bin\api-ms-win-core-processthreads-l1-1-0.dll
0x0000023ee5750000 - 0x0000023ee5753000 	C:\Program Files\Java\jdk1.8.0_361\jre\bin\api-ms-win-core-processenvironment-l1-1-0.dll
0x0000023ee5760000 - 0x0000023ee5763000 	C:\Program Files\Java\jdk1.8.0_361\jre\bin\api-ms-win-core-datetime-l1-1-0.dll
0x0000023ee5770000 - 0x0000023ee5773000 	C:\Program Files\Java\jdk1.8.0_361\jre\bin\api-ms-win-core-localization-l1-2-0.dll
0x0000023ee5780000 - 0x0000023ee5783000 	C:\Program Files\Java\jdk1.8.0_361\jre\bin\api-ms-win-core-sysinfo-l1-1-0.dll
0x0000023ee5790000 - 0x0000023ee5793000 	C:\Program Files\Java\jdk1.8.0_361\jre\bin\api-ms-win-core-synch-l1-2-0.dll
0x0000023ee57a0000 - 0x0000023ee57a3000 	C:\Program Files\Java\jdk1.8.0_361\jre\bin\api-ms-win-core-console-l1-1-0.dll
0x0000023ee57b0000 - 0x0000023ee57b3000 	C:\Program Files\Java\jdk1.8.0_361\jre\bin\api-ms-win-core-debug-l1-1-0.dll
0x0000023ee57c0000 - 0x0000023ee57c3000 	C:\Program Files\Java\jdk1.8.0_361\jre\bin\api-ms-win-core-rtlsupport-l1-1-0.dll
0x0000023ee57d0000 - 0x0000023ee57d3000 	C:\Program Files\Java\jdk1.8.0_361\jre\bin\api-ms-win-core-processthreads-l1-1-1.dll
0x0000023ee57e0000 - 0x0000023ee57e3000 	C:\Program Files\Java\jdk1.8.0_361\jre\bin\api-ms-win-core-file-l1-2-0.dll
0x0000023ee57f0000 - 0x0000023ee57f3000 	C:\Program Files\Java\jdk1.8.0_361\jre\bin\api-ms-win-core-profile-l1-1-0.dll
0x0000023ee5800000 - 0x0000023ee5803000 	C:\Program Files\Java\jdk1.8.0_361\jre\bin\api-ms-win-core-memory-l1-1-0.dll
0x0000023ee5810000 - 0x0000023ee5813000 	C:\Program Files\Java\jdk1.8.0_361\jre\bin\api-ms-win-core-util-l1-1-0.dll
0x0000023ee5820000 - 0x0000023ee5823000 	C:\Program Files\Java\jdk1.8.0_361\jre\bin\api-ms-win-core-interlocked-l1-1-0.dll
0x00007ff93f1a0000 - 0x00007ff93f29a000 	C:\Program Files\Java\jdk1.8.0_361\jre\bin\ucrtbase.dll
0x00007ff96c120000 - 0x00007ff96c12c000 	C:\Program Files\Java\jdk1.8.0_361\jre\bin\vcruntime140_1.dll
0x00007ff961680000 - 0x00007ff961689000 	C:\Program Files\Java\jdk1.8.0_361\jre\bin\msvcp140_1.dll
0x00007ff951680000 - 0x00007ff9516ce000 	C:\Windows\System32\concrt140.dll
0x00007ff9550b0000 - 0x00007ff9550e1000 	C:\Windows\System32\vcomp140.dll

VM Arguments:
jvm_args: -XX:TieredStopAtLevel=1 -Xverify:none -Dspring.output.ansi.enabled=always -Dcom.sun.management.jmxremote -Dspring.jmx.enabled=true -Dspring.liveBeansView.mbeanDomain -Dspring.application.admin.enabled=true -Dmanagement.endpoints.jmx.exposure.include=* -javaagent:E:\Program Files\JetBrains\IntelliJ IDEA 2022.3.2\lib\idea_rt.jar=54430:E:\Program Files\JetBrains\IntelliJ IDEA 2022.3.2\bin -Dfile.encoding=UTF-8 
java_command: org.jeecg.JeecgSystemApplication
java_class_path (initial): C:\Users\Administrator\AppData\Local\Temp\classpath1946614653.jar;E:\Program Files\JetBrains\IntelliJ IDEA 2022.3.2\lib\idea_rt.jar
Launcher Type: SUN_STANDARD

Environment Variables:
JAVA_HOME=C:\Program Files\Java\jdk1.8.0_361
CLASSPATH=.;C:\Program Files\Java\jdk1.8.0_361\lib;C:\Program Files\Java\jdk1.8.0_361\lib\tools.jar
PATH=E:\bin\;C:\Program Files (x86)\Common Files\Oracle\Java\javapath;C:\Windows\system32;C:\Windows;C:\Windows\System32\Wbem;C:\Windows\System32\WindowsPowerShell\v1.0\;C:\Windows\System32\OpenSSH\;D:\apache-maven-3.6.0-bin\apache-maven-3.6.0\bin;C:\Program Files\Java\jdk1.8.0_361\bin;C:\Program Files\Java\jdk1.8.0_361\jre\bin;D:\Program Files (x86)\NetSarang\Xshell 7\;D:\Program Files (x86)\NetSarang\Xftp 7\;D:\Program Files\Git\cmd;C:\Program Files\TortoiseGit\bin;C:\Program Files\TortoiseSVN\bin;C:\Program Files\Microsoft SQL Server\150\Tools\Binn\;C:\Program Files\Microsoft SQL Server\Client SDK\ODBC\170\Tools\Binn\;C:\Program Files\dotnet\;C:\Program Files (x86)\NetSarang\Xmanager 7\;C:\Program Files\nodejs\;C:\Users\Administrator\AppData\Local\Microsoft\WindowsApps;E:\Users\Administrator\AppData\Local\Programs\Microsoft VS Code\bin;C:\Users\Administrator\AppData\Local\Programs\APICloud Studio 3\bin;C:\Users\Administrator\.dotnet\tools;D:\Users\Administrator\AppData\Local\Programs\YonStudio\bin;C:\Users\Administrator\AppData\Roaming\npm
USERNAME=Administrator
OS=Windows_NT
PROCESSOR_IDENTIFIER=Intel64 Family 6 Model 158 Stepping 10, GenuineIntel



---------------  S Y S T E M  ---------------

OS: Windows 10 , 64 bit Build 19041 (10.0.19041.3636)

CPU:total 12 (initial active 12) (6 cores per cpu, 2 threads per core) family 6 model 158 stepping 10, cmov, cx8, fxsr, mmx, sse, sse2, sse3, ssse3, sse4.1, sse4.2, popcnt, avx, avx2, aes, clmul, erms, rtm, 3dnowpref, lzcnt, ht, tsc, tscinvbit, bmi1, bmi2, adx

Memory: 4k page, physical 24988048k(2039404k free), swap 65948028k(8366204k free)

vm_info: Java HotSpot(TM) 64-Bit Server VM (25.361-b09) for windows-amd64 JRE (1.8.0_361-b09), built on Jan  9 2023 08:38:53 by "java_re" with MS VC++ 15.9 (VS2017)

time: Fri Jul 19 11:38:17 2024
timezone: Intel64 Family 6 Model 158 Stepping 10, GenuineIntel
elapsed time: 74.399089 seconds (0d 0h 1m 14s)

