#
# A fatal error has been detected by the Java Runtime Environment:
#
#  EXCEPTION_ACCESS_VIOLATION (0xc0000005) at pc=0x00007ff8dd80a360, pid=12620, tid=0x00000000000045e4
#
# JRE version: Java(TM) SE Runtime Environment (8.0_361) (build 1.8.0_361-b09)
# Java VM: Java HotSpot(TM) 64-Bit Server VM (25.361-b09 mixed mode windows-amd64 compressed oops)
# Problematic frame:
# C  0x00007ff8dd80a360
#
# Failed to write core dump. Minidumps are not enabled by default on client versions of Windows
#
# If you would like to submit a bug report, please visit:
#   http://bugreport.java.com/bugreport/crash.jsp
# The crash happened outside the Java Virtual Machine in native code.
# See problematic frame for where to report the bug.
#

---------------  T H R E A D  ---------------

Current thread (0x000001af6d9f7800):  JavaThread "http-nio-9998-exec-1" daemon [_thread_in_native, id=17892, stack(0x000000939ad00000,0x000000939ae00000)]

siginfo: ExceptionCode=0xc0000005, reading address 0x00000000000000f8

Registers:
RAX=0x00007ff8ddfe8c60, RBX=0x0000000000000000, RCX=0x000001af74b18740, RDX=0x0000000000000000
RSP=0x000000939adfde40, RBP=0x000000939adfdf70, RSI=0x0000000000000000, RDI=0x000001af74f314c0
R8 =0x0000000000000001, R9 =0x0000000000000000, R10=0x0000000000000332, R11=0x000000007198cafc
R12=0x000001af71138d00, R13=0x000001af70d297b8, R14=0x000000939adfdf90, R15=0x000001af6d9f7800
RIP=0x00007ff8dd80a360, EFLAGS=0x0000000000010246

Top of Stack: (sp=0x000000939adfde40)
0x000000939adfde40:   000001af70d297b8 0000000000000000
0x000000939adfde50:   000001af70d297c0 000000939adfdf90
0x000000939adfde60:   000000939adfdf70 000001af74b18740
0x000000939adfde70:   0000000000000000 000001af74f314c0
0x000000939adfde80:   000000939adfdf70 0000000000000000
0x000000939adfde90:   000001af70d297b8 000000939adfdf90
0x000000939adfdea0:   000001af6d9f7800 00007ff8dd8a89a9
0x000000939adfdeb0:   000001af45db7e40 00007ff93d070e81
0x000000939adfdec0:   000001af70d297c0 000001af45dc9e86
0x000000939adfded0:   000001af70d297c0 0000000000000000
0x000000939adfdee0:   000001af45db7e40 000000939adfdf70
0x000000939adfdef0:   0000000000000000 000001af45dca02e
0x000000939adfdf00:   0000000000000000 000001af45dd5ddd
0x000000939adfdf10:   0000000000000001 0000000000000000
0x000000939adfdf20:   0000000000000003 0000000000000000
0x000000939adfdf30:   000000939adfdf30 000001af70d297b8 

Instructions: (pc=0x00007ff8dd80a360)
0x00007ff8dd80a340:   41 57 41 56 41 55 41 54 55 57 56 53 48 83 ec 28
0x00007ff8dd80a350:   41 b8 01 00 00 00 31 d2 48 8b 59 18 4c 8b 61 20
0x00007ff8dd80a360:   8b bb f8 00 00 00 49 89 cd 4c 89 e1 83 e7 04 e8
0x00007ff8dd80a370:   bc fa fb ff 49 89 c6 85 ff 0f 85 41 01 00 00 f6 


Register to memory mapping:

RAX=0x00007ff8ddfe8c60 is an unknown value
RBX=0x0000000000000000 is an unknown value
RCX=0x000001af74b18740 is an unknown value
RDX=0x0000000000000000 is an unknown value
RSP=0x000000939adfde40 is pointing into the stack for thread: 0x000001af6d9f7800
RBP=0x000000939adfdf70 is pointing into the stack for thread: 0x000001af6d9f7800
RSI=0x0000000000000000 is an unknown value
RDI=0x000001af74f314c0 is an unknown value
R8 =0x0000000000000001 is an unknown value
R9 =0x0000000000000000 is an unknown value
R10=0x0000000000000332 is an unknown value
R11=0x000000007198cafc is an unknown value
R12=0x000001af71138d00 is an unknown value
R13=0x000001af70d297b8 is pointing into metadata
R14=0x000000939adfdf90 is pointing into the stack for thread: 0x000001af6d9f7800
R15=0x000001af6d9f7800 is a thread


Stack: [0x000000939ad00000,0x000000939ae00000],  sp=0x000000939adfde40,  free space=1015k
Native frames: (J=compiled Java code, j=interpreted, Vv=VM code, C=native code)
C  0x00007ff8dd80a360
C  0x00007ff8dd8a89a9
C  0x000001af45dca02e

Java frames: (J=compiled Java code, j=interpreted, Vv=VM code)
j  org.bytedeco.ffmpeg.global.avformat.av_write_trailer(Lorg/bytedeco/ffmpeg/avformat/AVFormatContext;)I+0
j  org.bytedeco.javacv.FFmpegFrameRecorder.stop()V+15
j  org.jeecg.modules.demo.tab.service.impl.TabAiHistoryServiceImpl.stopStreaming()V+37
j  org.jeecg.modules.demo.tab.service.impl.TabAiHistoryServiceImpl.sendUrlFLV()V+306
j  org.jeecg.modules.demo.tab.service.impl.TabAiHistoryServiceImpl$$FastClassBySpringCGLIB$$5b69e81c.invoke(ILjava/lang/Object;[Ljava/lang/Object;)Ljava/lang/Object;+559
j  org.springframework.cglib.proxy.MethodProxy.invoke(Ljava/lang/Object;[Ljava/lang/Object;)Ljava/lang/Object;+19
j  org.springframework.aop.framework.CglibAopProxy$DynamicAdvisedInterceptor.intercept(Ljava/lang/Object;Ljava/lang/reflect/Method;[Ljava/lang/Object;Lorg/springframework/cglib/proxy/MethodProxy;)Ljava/lang/Object;+104
j  org.jeecg.modules.demo.tab.service.impl.TabAiHistoryServiceImpl$$EnhancerBySpringCGLIB$$b899fd3a.sendUrlFLV()V+31
j  org.jeecg.modules.message.websocket.WebSocket.onOpen(Ljavax/websocket/Session;Ljava/lang/String;)V+48
v  ~StubRoutines::call_stub
J 2645  sun.reflect.NativeMethodAccessorImpl.invoke0(Ljava/lang/reflect/Method;Ljava/lang/Object;[Ljava/lang/Object;)Ljava/lang/Object; (0 bytes) @ 0x000001af462ee53f [0x000001af462ee4c0+0x7f]
J 2644 C1 sun.reflect.NativeMethodAccessorImpl.invoke(Ljava/lang/Object;[Ljava/lang/Object;)Ljava/lang/Object; (104 bytes) @ 0x000001af462ef024 [0x000001af462eec60+0x3c4]
J 2602 C1 sun.reflect.DelegatingMethodAccessorImpl.invoke(Ljava/lang/Object;[Ljava/lang/Object;)Ljava/lang/Object; (10 bytes) @ 0x000001af462d9b64 [0x000001af462d9b20+0x44]
J 2215 C1 java.lang.reflect.Method.invoke(Ljava/lang/Object;[Ljava/lang/Object;)Ljava/lang/Object; (62 bytes) @ 0x000001af462427e4 [0x000001af462426e0+0x104]
j  org.apache.tomcat.websocket.pojo.PojoEndpointBase.doOnOpen(Ljavax/websocket/Session;Ljavax/websocket/EndpointConfig;)V+86
j  org.apache.tomcat.websocket.pojo.PojoEndpointServer.onOpen(Ljavax/websocket/Session;Ljavax/websocket/EndpointConfig;)V+32
j  org.apache.tomcat.websocket.server.WsHttpUpgradeHandler.init(Ljavax/servlet/http/WebConnection;)V+232
j  org.apache.coyote.AbstractProtocol$ConnectionHandler.process(Lorg/apache/tomcat/util/net/SocketWrapperBase;Lorg/apache/tomcat/util/net/SocketEvent;)Lorg/apache/tomcat/util/net/AbstractEndpoint$Handler$SocketState;+721
j  org.apache.tomcat.util.net.NioEndpoint$SocketProcessor.doRun()V+216
j  org.apache.tomcat.util.net.SocketProcessorBase.run()V+21
j  org.apache.tomcat.util.threads.ThreadPoolExecutor.runWorker(Lorg/apache/tomcat/util/threads/ThreadPoolExecutor$Worker;)V+92
j  org.apache.tomcat.util.threads.ThreadPoolExecutor$Worker.run()V+5
j  org.apache.tomcat.util.threads.TaskThread$WrappingRunnable.run()V+4
j  java.lang.Thread.run()V+11
v  ~StubRoutines::call_stub

---------------  P R O C E S S  ---------------

Java Threads: ( => current thread )
  0x000001af6df13800 JavaThread "JavaCPP Deallocator" daemon [_thread_blocked, id=25868, stack(0x0000009397400000,0x0000009397500000)]
  0x000001af6df17000 JavaThread "lettuce-eventExecutorLoop-1-2" daemon [_thread_blocked, id=384, stack(0x000000939c500000,0x000000939c600000)]
  0x000001af6df16800 JavaThread "lettuce-nioEventLoop-4-3" daemon [_thread_in_native, id=5764, stack(0x000000939c400000,0x000000939c500000)]
  0x000001af6df12800 JavaThread "boundedElastic-1" daemon [_thread_blocked, id=30032, stack(0x000000939c300000,0x000000939c400000)]
  0x000001af6df11000 JavaThread "boundedElastic-evictor-1" daemon [_thread_blocked, id=28732, stack(0x000000939c200000,0x000000939c300000)]
  0x000001af6d9fb800 JavaThread "RMI TCP Connection(idle)" daemon [_thread_blocked, id=34488, stack(0x000000939b700000,0x000000939b800000)]
  0x000001af6d9fc000 JavaThread "QuartzScheduler_MyScheduler-WIN-J1M8KSHQ9M01721369128767_MisfireHandler" [_thread_blocked, id=47336, stack(0x000000939bf00000,0x000000939c000000)]
  0x000001af6d9fa800 JavaThread "QuartzScheduler_MyScheduler-WIN-J1M8KSHQ9M01721369128767_ClusterManager" [_thread_blocked, id=54980, stack(0x000000939be00000,0x000000939bf00000)]
  0x000001af6d9fd800 JavaThread "DestroyJavaVM" [_thread_blocked, id=24636, stack(0x0000009397700000,0x0000009397800000)]
  0x000001af6d9fd000 JavaThread "lettuce-eventExecutorLoop-1-1" daemon [_thread_blocked, id=31184, stack(0x000000939bd00000,0x000000939be00000)]
  0x000001af6da01800 JavaThread "lettuce-nioEventLoop-4-2" daemon [_thread_in_native, id=27556, stack(0x000000939bc00000,0x000000939bd00000)]
  0x000001af6d9fe800 JavaThread "lettuce-nioEventLoop-4-1" daemon [_thread_in_native, id=40672, stack(0x000000939ba00000,0x000000939bb00000)]
  0x000001af6da00800 JavaThread "http-nio-9998-Acceptor" daemon [_thread_in_native, id=41748, stack(0x000000939b900000,0x000000939ba00000)]
  0x000001af6d9f4000 JavaThread "http-nio-9998-Poller" daemon [_thread_in_native, id=3844, stack(0x000000939b800000,0x000000939b900000)]
  0x000001af6d9fa000 JavaThread "http-nio-9998-exec-10" daemon [_thread_blocked, id=52888, stack(0x000000939b600000,0x000000939b700000)]
  0x000001af6d9f2000 JavaThread "http-nio-9998-exec-9" daemon [_thread_blocked, id=45820, stack(0x000000939b500000,0x000000939b600000)]
  0x000001af6d9f6000 JavaThread "http-nio-9998-exec-8" daemon [_thread_blocked, id=13164, stack(0x000000939b400000,0x000000939b500000)]
  0x000001af6d9f9000 JavaThread "http-nio-9998-exec-7" daemon [_thread_blocked, id=60316, stack(0x000000939b300000,0x000000939b400000)]
  0x000001af6d9f7000 JavaThread "http-nio-9998-exec-6" daemon [_thread_blocked, id=40624, stack(0x000000939b200000,0x000000939b300000)]
  0x000001af6d9f3000 JavaThread "http-nio-9998-exec-5" daemon [_thread_blocked, id=45936, stack(0x000000939b100000,0x000000939b200000)]
  0x000001af6d9f4800 JavaThread "http-nio-9998-exec-4" daemon [_thread_blocked, id=48248, stack(0x000000939b000000,0x000000939b100000)]
  0x000001af6d9f8800 JavaThread "http-nio-9998-exec-3" daemon [_thread_blocked, id=53732, stack(0x000000939af00000,0x000000939b000000)]
  0x000001af6d9f5800 JavaThread "http-nio-9998-exec-2" daemon [_thread_blocked, id=9996, stack(0x000000939ae00000,0x000000939af00000)]
=>0x000001af6d9f7800 JavaThread "http-nio-9998-exec-1" daemon [_thread_in_native, id=17892, stack(0x000000939ad00000,0x000000939ae00000)]
  0x000001af66ba1800 JavaThread "RMI TCP Connection(13)-192.168.109.1" daemon [_thread_in_native, id=19324, stack(0x000000939ac00000,0x000000939ad00000)]
  0x000001af66ba1000 JavaThread "Thread-47" [_thread_blocked, id=64656, stack(0x000000939ab00000,0x000000939ac00000)]
  0x000001af66b9e000 JavaThread "Thread-43" [_thread_blocked, id=22208, stack(0x000000939aa00000,0x000000939ab00000)]
  0x000001af66b9e800 JavaThread "Thread-42" [_thread_blocked, id=51356, stack(0x000000939a900000,0x000000939aa00000)]
  0x000001af66b9d000 JavaThread "JustAuth-Task-1" [_thread_blocked, id=5776, stack(0x000000939a800000,0x000000939a900000)]
  0x000001af66b9f800 JavaThread "MyScheduler_QuartzSchedulerThread" [_thread_blocked, id=25500, stack(0x000000939a700000,0x000000939a800000)]
  0x000001af66b9b800 JavaThread "MyScheduler_Worker-10" [_thread_blocked, id=28804, stack(0x000000939a600000,0x000000939a700000)]
  0x000001af66b9b000 JavaThread "MyScheduler_Worker-9" [_thread_blocked, id=27212, stack(0x000000939a500000,0x000000939a600000)]
  0x000001af66ba0000 JavaThread "MyScheduler_Worker-8" [_thread_blocked, id=26400, stack(0x000000939a400000,0x000000939a500000)]
  0x000001af66b93800 JavaThread "MyScheduler_Worker-7" [_thread_blocked, id=22200, stack(0x000000939a300000,0x000000939a400000)]
  0x000001af66b9a000 JavaThread "MyScheduler_Worker-6" [_thread_blocked, id=5300, stack(0x000000939a200000,0x000000939a300000)]
  0x000001af66b94000 JavaThread "MyScheduler_Worker-5" [_thread_blocked, id=21744, stack(0x000000939a100000,0x000000939a200000)]
  0x000001af66b98000 JavaThread "MyScheduler_Worker-4" [_thread_blocked, id=18532, stack(0x000000939a000000,0x000000939a100000)]
  0x000001af66b97000 JavaThread "MyScheduler_Worker-3" [_thread_blocked, id=6236, stack(0x0000009399f00000,0x000000939a000000)]
  0x000001af66b96800 JavaThread "MyScheduler_Worker-2" [_thread_blocked, id=7220, stack(0x0000009399e00000,0x0000009399f00000)]
  0x000001af66b99800 JavaThread "MyScheduler_Worker-1" [_thread_blocked, id=18752, stack(0x0000009399d00000,0x0000009399e00000)]
  0x000001af66b92800 JavaThread "RMI TCP Connection(17)-192.168.109.1" daemon [_thread_in_native, id=18400, stack(0x0000009399a00000,0x0000009399b00000)]
  0x000001af66b95800 JavaThread "Druid-ConnectionPool-Destroy-1603345700" daemon [_thread_blocked, id=40976, stack(0x0000009399900000,0x0000009399a00000)]
  0x000001af66b95000 JavaThread "Druid-ConnectionPool-Create-1603345700" daemon [_thread_blocked, id=65416, stack(0x0000009399800000,0x0000009399900000)]
  0x000001af66b98800 JavaThread "mysql-cj-abandoned-connection-cleanup" daemon [_thread_blocked, id=20148, stack(0x0000009399700000,0x0000009399800000)]
  0x000001af673bd000 JavaThread "container-0" [_thread_blocked, id=26520, stack(0x0000009399600000,0x0000009399700000)]
  0x000001af673bc000 JavaThread "Catalina-utility-2" [_thread_blocked, id=10644, stack(0x0000009399500000,0x0000009399600000)]
  0x000001af673c2000 JavaThread "Catalina-utility-1" [_thread_blocked, id=64624, stack(0x0000009399400000,0x0000009399500000)]
  0x000001af673c0800 JavaThread "RMI TCP Connection(idle)" daemon [_thread_blocked, id=64192, stack(0x0000009399300000,0x0000009399400000)]
  0x000001af673c1800 JavaThread "lettuce-timer-3-1" daemon [_thread_blocked, id=47564, stack(0x0000009399200000,0x0000009399300000)]
  0x000001af673bb800 JavaThread "RMI TCP Connection(idle)" daemon [_thread_blocked, id=49012, stack(0x0000009399100000,0x0000009399200000)]
  0x000001af673be800 JavaThread "RMI Scheduler(0)" daemon [_thread_blocked, id=13364, stack(0x0000009399000000,0x0000009399100000)]
  0x000001af673bd800 JavaThread "RMI TCP Connection(idle)" daemon [_thread_blocked, id=56332, stack(0x0000009398f00000,0x0000009399000000)]
  0x000001af673bf000 JavaThread "RMI TCP Accept-0" daemon [_thread_in_native, id=24936, stack(0x0000009398d00000,0x0000009398e00000)]
  0x000001af670c2800 JavaThread "Service Thread" daemon [_thread_blocked, id=59500, stack(0x0000009398c00000,0x0000009398d00000)]
  0x000001af6707d800 JavaThread "C1 CompilerThread3" daemon [_thread_blocked, id=61288, stack(0x0000009398b00000,0x0000009398c00000)]
  0x000001af67034000 JavaThread "C2 CompilerThread2" daemon [_thread_blocked, id=61872, stack(0x0000009398a00000,0x0000009398b00000)]
  0x000001af67032800 JavaThread "C2 CompilerThread1" daemon [_thread_blocked, id=26356, stack(0x0000009398900000,0x0000009398a00000)]
  0x000001af67032000 JavaThread "C2 CompilerThread0" daemon [_thread_blocked, id=12264, stack(0x0000009398800000,0x0000009398900000)]
  0x000001af6701c800 JavaThread "Monitor Ctrl-Break" daemon [_thread_in_native, id=61740, stack(0x0000009398700000,0x0000009398800000)]
  0x000001af65d62800 JavaThread "Attach Listener" daemon [_thread_blocked, id=44400, stack(0x0000009398600000,0x0000009398700000)]
  0x000001af639f3800 JavaThread "Signal Dispatcher" daemon [_thread_blocked, id=24252, stack(0x0000009398500000,0x0000009398600000)]
  0x000001af639aa800 JavaThread "Finalizer" daemon [_thread_blocked, id=56716, stack(0x0000009398400000,0x0000009398500000)]
  0x000001af639a1800 JavaThread "Reference Handler" daemon [_thread_blocked, id=11764, stack(0x0000009398300000,0x0000009398400000)]

Other Threads:
  0x000001af63979000 VMThread [stack: 0x0000009398200000,0x0000009398300000] [id=55052]
  0x000001af673d2800 WatcherThread [stack: 0x0000009398e00000,0x0000009398f00000] [id=51084]

VM state:not at safepoint (normal execution)

VM Mutex/Monitor currently owned by a thread: None

heap address: 0x0000000642a00000, size: 6102 MB, Compressed Oops mode: Zero based, Oop shift amount: 3
Narrow klass base: 0x0000000000000000, Narrow klass shift: 3
Compressed class space size: 1073741824 Address: 0x00000007c0000000

Heap:
 PSYoungGen      total 1662464K, used 626939K [0x0000000740e00000, 0x00000007b9800000, 0x00000007c0000000)
  eden space 1625600K, 38% used [0x0000000740e00000,0x0000000767206f38,0x00000007a4180000)
  from space 36864K, 0% used [0x00000007a4180000,0x00000007a41b8000,0x00000007a6580000)
  to   space 37376K, 0% used [0x00000007b7380000,0x00000007b7380000,0x00000007b9800000)
 ParOldGen       total 317952K, used 110726K [0x0000000642a00000, 0x0000000656080000, 0x0000000740e00000)
  object space 317952K, 34% used [0x0000000642a00000,0x0000000649621928,0x0000000656080000)
 Metaspace       used 101104K, capacity 107670K, committed 107840K, reserved 1144832K
  class space    used 12220K, capacity 13350K, committed 13440K, reserved 1048576K

Card table byte_map: [0x000001af55170000,0x000001af55d60000] byte_map_base: 0x000001af51f5b000

Marking Bits: (ParMarkBitMap*) 0x000000007199b090
 Begin Bits: [0x000001af56560000, 0x000001af5c4b8000)
 End Bits:   [0x000001af5c4b8000, 0x000001af62410000)

Polling page: 0x000001af43d80000

CodeCache: size=245760Kb used=21060Kb max_used=21060Kb free=224699Kb
 bounds [0x000001af45db0000, 0x000001af47250000, 0x000001af54db0000]
 total_blobs=11517 nmethods=10797 adapters=631
 compilation: enabled

Compilation events (10 events):
Event: 69.442 Thread 0x000001af6707d800 nmethod 10985 0x000001af47240a90 code [0x000001af47240be0, 0x000001af47240cf8]
Event: 69.443 Thread 0x000001af6707d800 10979       1       org.apache.catalina.connector.RequestFacade::getAttribute (32 bytes)
Event: 69.443 Thread 0x000001af6707d800 nmethod 10979 0x000001af47240d50 code [0x000001af47240ee0, 0x000001af472410f0]
Event: 69.444 Thread 0x000001af6707d800 10986       1       org.apache.catalina.connector.Response::getCoyoteResponse (5 bytes)
Event: 69.444 Thread 0x000001af6707d800 nmethod 10986 0x000001af47241210 code [0x000001af47241360, 0x000001af47241478]
Event: 70.626 Thread 0x000001af6707d800 10988       1       io.micrometer.prometheus.PrometheusCounter::increment (15 bytes)
Event: 70.626 Thread 0x000001af6707d800 nmethod 10988 0x000001af472418d0 code [0x000001af47241a20, 0x000001af47241b70]
Event: 70.627 Thread 0x000001af6707d800 10989       1       java.util.concurrent.atomic.DoubleAdder::add (102 bytes)
Event: 70.627 Thread 0x000001af6707d800 nmethod 10989 0x000001af47241c10 code [0x000001af47241d80, 0x000001af47242040]
Event: 70.646 Thread 0x000001af6707d800 10991       1       ch.qos.logback.classic.html.HTMLLayout::doLayout (169 bytes)

GC Heap History (10 events):
Event: 42.699 GC heap before
{Heap before GC invocations=19 (full 3):
 PSYoungGen      total 1105920K, used 1105888K [0x0000000740e00000, 0x0000000798100000, 0x00000007c0000000)
  eden space 1083904K, 100% used [0x0000000740e00000,0x0000000783080000,0x0000000783080000)
  from space 22016K, 99% used [0x0000000783080000,0x00000007845f80f0,0x0000000784600000)
  to   space 34304K, 0% used [0x0000000795f80000,0x0000000795f80000,0x0000000798100000)
 ParOldGen       total 190464K, used 72885K [0x0000000642a00000, 0x000000064e400000, 0x0000000740e00000)
  object space 190464K, 38% used [0x0000000642a00000,0x000000064712d590,0x000000064e400000)
 Metaspace       used 86397K, capacity 91196K, committed 91352K, reserved 1130496K
  class space    used 10345K, capacity 11205K, committed 11264K, reserved 1048576K
Event: 43.091 GC heap after
Heap after GC invocations=19 (full 3):
 PSYoungGen      total 1389568K, used 32507K [0x0000000740e00000, 0x000000079f900000, 0x00000007c0000000)
  eden space 1355264K, 0% used [0x0000000740e00000,0x0000000740e00000,0x0000000793980000)
  from space 34304K, 94% used [0x0000000795f80000,0x0000000797f3ec80,0x0000000798100000)
  to   space 38912K, 0% used [0x0000000793980000,0x0000000793980000,0x0000000795f80000)
 ParOldGen       total 190464K, used 94009K [0x0000000642a00000, 0x000000064e400000, 0x0000000740e00000)
  object space 190464K, 49% used [0x0000000642a00000,0x00000006485ce700,0x000000064e400000)
 Metaspace       used 86397K, capacity 91196K, committed 91352K, reserved 1130496K
  class space    used 10345K, capacity 11205K, committed 11264K, reserved 1048576K
}
Event: 48.582 GC heap before
{Heap before GC invocations=20 (full 3):
 PSYoungGen      total 1389568K, used 519282K [0x0000000740e00000, 0x000000079f900000, 0x00000007c0000000)
  eden space 1355264K, 35% used [0x0000000740e00000,0x000000075e95dcf0,0x0000000793980000)
  from space 34304K, 94% used [0x0000000795f80000,0x0000000797f3ec80,0x0000000798100000)
  to   space 38912K, 0% used [0x0000000793980000,0x0000000793980000,0x0000000795f80000)
 ParOldGen       total 190464K, used 94009K [0x0000000642a00000, 0x000000064e400000, 0x0000000740e00000)
  object space 190464K, 49% used [0x0000000642a00000,0x00000006485ce700,0x000000064e400000)
 Metaspace       used 92411K, capacity 98408K, committed 98496K, reserved 1136640K
  class space    used 11211K, capacity 12257K, committed 12288K, reserved 1048576K
Event: 48.619 GC heap after
Heap after GC invocations=20 (full 3):
 PSYoungGen      total 1394176K, used 13348K [0x0000000740e00000, 0x00000007aa680000, 0x00000007c0000000)
  eden space 1355264K, 0% used [0x0000000740e00000,0x0000000740e00000,0x0000000793980000)
  from space 38912K, 34% used [0x0000000793980000,0x0000000794689180,0x0000000795f80000)
  to   space 37376K, 0% used [0x00000007a8200000,0x00000007a8200000,0x00000007aa680000)
 ParOldGen       total 190464K, used 119938K [0x0000000642a00000, 0x000000064e400000, 0x0000000740e00000)
  object space 190464K, 62% used [0x0000000642a00000,0x0000000649f20b00,0x000000064e400000)
 Metaspace       used 92411K, capacity 98408K, committed 98496K, reserved 1136640K
  class space    used 11211K, capacity 12257K, committed 12288K, reserved 1048576K
}
Event: 48.619 GC heap before
{Heap before GC invocations=21 (full 4):
 PSYoungGen      total 1394176K, used 13348K [0x0000000740e00000, 0x00000007aa680000, 0x00000007c0000000)
  eden space 1355264K, 0% used [0x0000000740e00000,0x0000000740e00000,0x0000000793980000)
  from space 38912K, 34% used [0x0000000793980000,0x0000000794689180,0x0000000795f80000)
  to   space 37376K, 0% used [0x00000007a8200000,0x00000007a8200000,0x00000007aa680000)
 ParOldGen       total 190464K, used 119938K [0x0000000642a00000, 0x000000064e400000, 0x0000000740e00000)
  object space 190464K, 62% used [0x0000000642a00000,0x0000000649f20b00,0x000000064e400000)
 Metaspace       used 92411K, capacity 98408K, committed 98496K, reserved 1136640K
  class space    used 11211K, capacity 12257K, committed 12288K, reserved 1048576K
Event: 49.001 GC heap after
Heap after GC invocations=21 (full 4):
 PSYoungGen      total 1394176K, used 0K [0x0000000740e00000, 0x00000007aa680000, 0x00000007c0000000)
  eden space 1355264K, 0% used [0x0000000740e00000,0x0000000740e00000,0x0000000793980000)
  from space 38912K, 0% used [0x0000000793980000,0x0000000793980000,0x0000000795f80000)
  to   space 37376K, 0% used [0x00000007a8200000,0x00000007a8200000,0x00000007aa680000)
 ParOldGen       total 317952K, used 108041K [0x0000000642a00000, 0x0000000656080000, 0x0000000740e00000)
  object space 317952K, 33% used [0x0000000642a00000,0x0000000649382400,0x0000000656080000)
 Metaspace       used 92411K, capacity 98408K, committed 98496K, reserved 1136640K
  class space    used 11211K, capacity 12257K, committed 12288K, reserved 1048576K
}
Event: 58.727 GC heap before
{Heap before GC invocations=22 (full 4):
 PSYoungGen      total 1394176K, used 1355264K [0x0000000740e00000, 0x00000007aa680000, 0x00000007c0000000)
  eden space 1355264K, 100% used [0x0000000740e00000,0x0000000793980000,0x0000000793980000)
  from space 38912K, 0% used [0x0000000793980000,0x0000000793980000,0x0000000795f80000)
  to   space 37376K, 0% used [0x00000007a8200000,0x00000007a8200000,0x00000007aa680000)
 ParOldGen       total 317952K, used 108041K [0x0000000642a00000, 0x0000000656080000, 0x0000000740e00000)
  object space 317952K, 33% used [0x0000000642a00000,0x0000000649382400,0x0000000656080000)
 Metaspace       used 99655K, capacity 106148K, committed 106304K, reserved 1142784K
  class space    used 11988K, capacity 13123K, committed 13184K, reserved 1048576K
Event: 58.733 GC heap after
Heap after GC invocations=22 (full 4):
 PSYoungGen      total 1631232K, used 7326K [0x0000000740e00000, 0x00000007a8980000, 0x00000007c0000000)
  eden space 1623552K, 0% used [0x0000000740e00000,0x0000000740e00000,0x00000007a3f80000)
  from space 7680K, 95% used [0x00000007a8200000,0x00000007a8927be8,0x00000007a8980000)
  to   space 36864K, 0% used [0x00000007a4180000,0x00000007a4180000,0x00000007a6580000)
 ParOldGen       total 317952K, used 108049K [0x0000000642a00000, 0x0000000656080000, 0x0000000740e00000)
  object space 317952K, 33% used [0x0000000642a00000,0x0000000649384400,0x0000000656080000)
 Metaspace       used 99655K, capacity 106148K, committed 106304K, reserved 1142784K
  class space    used 11988K, capacity 13123K, committed 13184K, reserved 1048576K
}
Event: 63.131 GC heap before
{Heap before GC invocations=23 (full 4):
 PSYoungGen      total 1631232K, used 1630878K [0x0000000740e00000, 0x00000007a8980000, 0x00000007c0000000)
  eden space 1623552K, 100% used [0x0000000740e00000,0x00000007a3f80000,0x00000007a3f80000)
  from space 7680K, 95% used [0x00000007a8200000,0x00000007a8927be8,0x00000007a8980000)
  to   space 36864K, 0% used [0x00000007a4180000,0x00000007a4180000,0x00000007a6580000)
 ParOldGen       total 317952K, used 108049K [0x0000000642a00000, 0x0000000656080000, 0x0000000740e00000)
  object space 317952K, 33% used [0x0000000642a00000,0x0000000649384400,0x0000000656080000)
 Metaspace       used 99655K, capacity 106148K, committed 106304K, reserved 1142784K
  class space    used 11988K, capacity 13123K, committed 13184K, reserved 1048576K
Event: 63.135 GC heap after
Heap after GC invocations=23 (full 4):
 PSYoungGen      total 1662464K, used 224K [0x0000000740e00000, 0x00000007b9800000, 0x00000007c0000000)
  eden space 1625600K, 0% used [0x0000000740e00000,0x0000000740e00000,0x00000007a4180000)
  from space 36864K, 0% used [0x00000007a4180000,0x00000007a41b8000,0x00000007a6580000)
  to   space 37376K, 0% used [0x00000007b7380000,0x00000007b7380000,0x00000007b9800000)
 ParOldGen       total 317952K, used 110726K [0x0000000642a00000, 0x0000000656080000, 0x0000000740e00000)
  object space 317952K, 34% used [0x0000000642a00000,0x0000000649621928,0x0000000656080000)
 Metaspace       used 99655K, capacity 106148K, committed 106304K, reserved 1142784K
  class space    used 11988K, capacity 13123K, committed 13184K, reserved 1048576K
}

Deoptimization events (0 events):
No events

Classes redefined (0 events):
No events

Internal exceptions (10 events):
Event: 45.421 Thread 0x000001af43df3000 Exception <a 'java/lang/ClassNotFoundException': > (0x00000007580c9b38) thrown at [C:\jenkins\workspace\8-2-build-windows-x64-cygwin\jdk8u361\3183\hotspot\src\share\vm\prims\jni.cpp, line 737]
Event: 45.422 Thread 0x000001af43df3000 Exception <a 'java/lang/ClassNotFoundException': > (0x00000007580d11a8) thrown at [C:\jenkins\workspace\8-2-build-windows-x64-cygwin\jdk8u361\3183\hotspot\src\share\vm\prims\jni.cpp, line 737]
Event: 45.422 Thread 0x000001af43df3000 Exception <a 'java/lang/ClassNotFoundException': > (0x00000007580d8810) thrown at [C:\jenkins\workspace\8-2-build-windows-x64-cygwin\jdk8u361\3183\hotspot\src\share\vm\prims\jni.cpp, line 737]
Event: 45.422 Thread 0x000001af43df3000 Exception <a 'java/lang/ClassNotFoundException': > (0x00000007580dfe08) thrown at [C:\jenkins\workspace\8-2-build-windows-x64-cygwin\jdk8u361\3183\hotspot\src\share\vm\prims\jni.cpp, line 737]
Event: 45.422 Thread 0x000001af43df3000 Exception <a 'java/lang/ClassNotFoundException': > (0x00000007580e7428) thrown at [C:\jenkins\workspace\8-2-build-windows-x64-cygwin\jdk8u361\3183\hotspot\src\share\vm\prims\jni.cpp, line 737]
Event: 49.122 Thread 0x000001af6da01800 Exception <a 'java/lang/IncompatibleClassChangeError': Found class java.lang.Object, but interface was expected> (0x000000074359b0d8) thrown at [C:\jenkins\workspace\8-2-build-windows-x64-cygwin\jdk8u361\3183\hotspot\src\share\vm\interpreter\linkResolver.
Event: 49.150 Thread 0x000001af43df3000 Exception <a 'java/lang/NoSuchMethodError': java.lang.Object.lambda$builder$0(Ljava/util/function/Supplier;)D> (0x0000000744178340) thrown at [C:\jenkins\workspace\8-2-build-windows-x64-cygwin\jdk8u361\3183\hotspot\src\share\vm\interpreter\linkResolver.cp
Event: 54.181 Thread 0x000001af673c0800 Exception <a 'java/lang/NoSuchMethodError': java.lang.Object.lambda$minBy$0(Ljava/util/Comparator;Ljava/lang/Object;Ljava/lang/Object;)Ljava/lang/Object;> (0x000000074a8cdd68) thrown at [C:\jenkins\workspace\8-2-build-windows-x64-cygwin\jdk8u361\3183\hots
Event: 55.559 Thread 0x000001af6d9f6000 Exception <a 'java/lang/NoSuchMethodError': java.lang.Object.lambda$builder$1(Ljava/lang/String;)Lio/micrometer/core/instrument/Timer$Builder;> (0x000000074f01e3d8) thrown at [C:\jenkins\workspace\8-2-build-windows-x64-cygwin\jdk8u361\3183\hotspot\src\sha
Event: 69.336 Thread 0x000001af6d9f6000 Exception <a 'java/io/IOException'> (0x0000000765871080) thrown at [C:\jenkins\workspace\8-2-build-windows-x64-cygwin\jdk8u361\3183\hotspot\src\share\vm\prims\jni.cpp, line 710]

Events (10 events):
Event: 70.626 Executing VM operation: RevokeBias
Event: 70.626 Executing VM operation: RevokeBias done
Event: 70.626 Executing VM operation: RevokeBias
Event: 70.626 Executing VM operation: RevokeBias done
Event: 70.635 Executing VM operation: RevokeBias
Event: 70.635 Executing VM operation: RevokeBias done
Event: 70.645 Executing VM operation: RevokeBias
Event: 70.645 Executing VM operation: RevokeBias done
Event: 70.646 loading class org/apache/tomcat/websocket/server/WsHttpUpgradeHandler$1
Event: 70.646 loading class org/apache/tomcat/websocket/server/WsHttpUpgradeHandler$1 done


Dynamic libraries:
0x00007ff603280000 - 0x00007ff6032c7000 	C:\Program Files\Java\jdk1.8.0_361\bin\java.exe
0x00007ff971c50000 - 0x00007ff971e48000 	C:\Windows\SYSTEM32\ntdll.dll
0x00007ff970860000 - 0x00007ff97091d000 	C:\Windows\System32\KERNEL32.DLL
0x00007ff96f310000 - 0x00007ff96f606000 	C:\Windows\System32\KERNELBASE.dll
0x00007ff970690000 - 0x00007ff970740000 	C:\Windows\System32\ADVAPI32.dll
0x00007ff971410000 - 0x00007ff9714ae000 	C:\Windows\System32\msvcrt.dll
0x00007ff970740000 - 0x00007ff9707e0000 	C:\Windows\System32\sechost.dll
0x00007ff9714b0000 - 0x00007ff9715d3000 	C:\Windows\System32\RPCRT4.dll
0x00007ff96f9d0000 - 0x00007ff96f9f7000 	C:\Windows\System32\bcrypt.dll
0x00007ff9704f0000 - 0x00007ff97068f000 	C:\Windows\System32\USER32.dll
0x00007ff96fc60000 - 0x00007ff96fc82000 	C:\Windows\System32\win32u.dll
0x00007ff9713d0000 - 0x00007ff9713fb000 	C:\Windows\System32\GDI32.dll
0x00007ff96f810000 - 0x00007ff96f927000 	C:\Windows\System32\gdi32full.dll
0x00007ff96f930000 - 0x00007ff96f9cd000 	C:\Windows\System32\msvcp_win.dll
0x00007ff96f610000 - 0x00007ff96f710000 	C:\Windows\System32\ucrtbase.dll
0x00007ff95b7c0000 - 0x00007ff95ba5a000 	C:\Windows\WinSxS\amd64_microsoft.windows.common-controls_6595b64144ccf1df_6.0.19041.4355_none_60b8b9eb71f62e16\COMCTL32.dll
0x00007ff971ab0000 - 0x00007ff971adf000 	C:\Windows\System32\IMM32.DLL
0x00000000721a0000 - 0x00000000721ad000 	F:\Program Files (x86)\360\360Safe575960218\360Safe\safemon\SafeWrapper.dll
0x00007ff95a9b0000 - 0x00007ff95aab3000 	F:\Program Files (x86)\360\360Safe575960218\360Safe\safemon\libzdtp64.dll
0x00007ff970c60000 - 0x00007ff9713cc000 	C:\Windows\System32\SHELL32.dll
0x00007ff970490000 - 0x00007ff9704e5000 	C:\Windows\System32\SHLWAPI.dll
0x00007ff96ee60000 - 0x00007ff96ee6a000 	C:\Windows\SYSTEM32\VERSION.dll
0x00007ff95c0e0000 - 0x00007ff95c0f5000 	C:\Program Files\Java\jdk1.8.0_361\jre\bin\vcruntime140.dll
0x00007ff9469b0000 - 0x00007ff946a4b000 	C:\Program Files\Java\jdk1.8.0_361\jre\bin\msvcp140.dll
0x00000000711b0000 - 0x0000000071a13000 	C:\Program Files\Java\jdk1.8.0_361\jre\bin\server\jvm.dll
0x00007ff971ae0000 - 0x00007ff971ae8000 	C:\Windows\System32\PSAPI.DLL
0x00007ff957b40000 - 0x00007ff957b49000 	C:\Windows\SYSTEM32\WSOCK32.dll
0x00007ff95bb90000 - 0x00007ff95bbb7000 	C:\Windows\SYSTEM32\WINMM.dll
0x00007ff970920000 - 0x00007ff97098b000 	C:\Windows\System32\WS2_32.dll
0x00007ff96d140000 - 0x00007ff96d152000 	C:\Windows\SYSTEM32\kernel.appcore.dll
0x00007ff95c0d0000 - 0x00007ff95c0e0000 	C:\Program Files\Java\jdk1.8.0_361\jre\bin\verify.dll
0x00007ff958860000 - 0x00007ff95888b000 	C:\Program Files\Java\jdk1.8.0_361\jre\bin\java.dll
0x00007ff958830000 - 0x00007ff958860000 	C:\Program Files\Java\jdk1.8.0_361\jre\bin\instrument.dll
0x00007ff95c0b0000 - 0x00007ff95c0c8000 	C:\Program Files\Java\jdk1.8.0_361\jre\bin\zip.dll
0x00007ff96d340000 - 0x00007ff96dadd000 	C:\Windows\SYSTEM32\windows.storage.dll
0x00007ff9716a0000 - 0x00007ff9719f3000 	C:\Windows\System32\combase.dll
0x00007ff96ecc0000 - 0x00007ff96ecee000 	C:\Windows\SYSTEM32\Wldp.dll
0x00007ff970990000 - 0x00007ff970a5d000 	C:\Windows\System32\OLEAUT32.dll
0x00007ff971a00000 - 0x00007ff971aad000 	C:\Windows\System32\SHCORE.dll
0x00007ff96f240000 - 0x00007ff96f264000 	C:\Windows\SYSTEM32\profapi.dll
0x00007ff95c150000 - 0x00007ff95c16a000 	E:\Program Files\JetBrains\IntelliJ IDEA 2022.3.2\bin\breakgen64.dll
0x00007ff95c280000 - 0x00007ff95c29c000 	C:\Program Files\Java\jdk1.8.0_361\jre\bin\net.dll
0x00007ff96ea20000 - 0x00007ff96ea8a000 	C:\Windows\system32\mswsock.dll
0x00007ff960ab0000 - 0x00007ff960afb000 	C:\Program Files (x86)\Sangfor\SSL\ClientComponent\SangforNspX64.dll
0x00007ff96fd40000 - 0x00007ff96fe6b000 	C:\Windows\System32\ole32.dll
0x00007ff96e6f0000 - 0x00007ff96e7ba000 	C:\Windows\SYSTEM32\DNSAPI.dll
0x00007ff96e6b0000 - 0x00007ff96e6eb000 	C:\Windows\SYSTEM32\IPHLPAPI.DLL
0x00007ff971af0000 - 0x00007ff971af8000 	C:\Windows\System32\NSI.dll
0x00000000732d0000 - 0x00000000732f6000 	C:\Program Files\Bonjour\mdnsNSP.dll
0x00007ff961670000 - 0x00007ff96167a000 	C:\Windows\System32\rasadhlp.dll
0x00007ff9609a0000 - 0x00007ff960a20000 	C:\Windows\System32\fwpuclnt.dll
0x00007ff96c070000 - 0x00007ff96c07d000 	C:\Program Files\Java\jdk1.8.0_361\jre\bin\management.dll
0x00007ff95c190000 - 0x00007ff95c1a3000 	C:\Program Files\Java\jdk1.8.0_361\jre\bin\nio.dll
0x00007ff96ec10000 - 0x00007ff96ec28000 	C:\Windows\SYSTEM32\CRYPTSP.dll
0x00007ff96e2d0000 - 0x00007ff96e304000 	C:\Windows\system32\rsaenh.dll
0x00007ff96f1b0000 - 0x00007ff96f1de000 	C:\Windows\SYSTEM32\USERENV.dll
0x00007ff96fbd0000 - 0x00007ff96fc52000 	C:\Windows\System32\bcryptprimitives.dll
0x00007ff96ec30000 - 0x00007ff96ec3c000 	C:\Windows\SYSTEM32\CRYPTBASE.dll
0x00007ff9688d0000 - 0x00007ff9688e7000 	C:\Windows\SYSTEM32\dhcpcsvc6.DLL
0x00007ff9688b0000 - 0x00007ff9688cd000 	C:\Windows\SYSTEM32\dhcpcsvc.DLL
0x00007ff954a60000 - 0x00007ff954a77000 	C:\Windows\system32\napinsp.dll
0x00007ff954a00000 - 0x00007ff954a1b000 	C:\Windows\system32\pnrpnsp.dll
0x00007ff969c30000 - 0x00007ff969c45000 	C:\Windows\system32\wshbth.dll
0x00007ff96bae0000 - 0x00007ff96bafd000 	C:\Windows\system32\NLAapi.dll
0x00007ff9549e0000 - 0x00007ff9549f2000 	C:\Windows\System32\winrnr.dll
0x00007ff8e2130000 - 0x00007ff8e5256000 	F:\JAVAAI\opencv481\opencv\build\java\x64\opencv_java481.dll
0x00007ff949b50000 - 0x00007ff949bd5000 	C:\Windows\SYSTEM32\MF.dll
0x00007ff944090000 - 0x00007ff94424c000 	C:\Windows\SYSTEM32\MFPlat.DLL
0x00007ff92c7f0000 - 0x00007ff92c8fa000 	C:\Windows\SYSTEM32\MFReadWrite.dll
0x00007ff96db20000 - 0x00007ff96dc12000 	C:\Windows\SYSTEM32\dxgi.dll
0x00007ff96f7c0000 - 0x00007ff96f80e000 	C:\Windows\System32\cfgmgr32.dll
0x00007ff96b2b0000 - 0x00007ff96b513000 	C:\Windows\SYSTEM32\d3d11.dll
0x00007ff9050c0000 - 0x00007ff90554e000 	C:\Windows\SYSTEM32\MFCORE.DLL
0x00007ff96fa00000 - 0x00007ff96fb5e000 	C:\Windows\System32\CRYPT32.dll
0x00007ff96e820000 - 0x00007ff96e86b000 	C:\Windows\SYSTEM32\powrprof.dll
0x00007ff9585b0000 - 0x00007ff9585b9000 	C:\Windows\SYSTEM32\ksuser.dll
0x00007ff95e680000 - 0x00007ff95e6b6000 	C:\Windows\SYSTEM32\RTWorkQ.DLL
0x00007ff96e690000 - 0x00007ff96e6a2000 	C:\Windows\SYSTEM32\UMPDC.dll
0x00007ff9558e0000 - 0x00007ff955904000 	C:\Program Files\Java\jdk1.8.0_361\jre\bin\sunec.dll
0x00007ff958c70000 - 0x00007ff958c7d000 	C:\Program Files\Java\jdk1.8.0_361\jre\bin\sunmscapi.dll
0x00007ff96ed30000 - 0x00007ff96ed59000 	C:\Windows\SYSTEM32\ncrypt.dll
0x00007ff96ecf0000 - 0x00007ff96ed2b000 	C:\Windows\SYSTEM32\NTASN1.dll
0x000001af67980000 - 0x000001af67983000 	C:\Program Files\Java\jdk1.8.0_361\jre\bin\api-ms-win-crt-locale-l1-1-0.dll
0x000001af67990000 - 0x000001af67994000 	C:\Program Files\Java\jdk1.8.0_361\jre\bin\api-ms-win-crt-string-l1-1-0.dll
0x000001af679a0000 - 0x000001af679a4000 	C:\Program Files\Java\jdk1.8.0_361\jre\bin\api-ms-win-crt-stdio-l1-1-0.dll
0x000001af70d90000 - 0x000001af70d95000 	C:\Program Files\Java\jdk1.8.0_361\jre\bin\api-ms-win-crt-math-l1-1-0.dll
0x000001af70da0000 - 0x000001af70da3000 	C:\Program Files\Java\jdk1.8.0_361\jre\bin\api-ms-win-crt-heap-l1-1-0.dll
0x000001af70db0000 - 0x000001af70db4000 	C:\Program Files\Java\jdk1.8.0_361\jre\bin\api-ms-win-crt-runtime-l1-1-0.dll
0x000001af70dc0000 - 0x000001af70dc4000 	C:\Program Files\Java\jdk1.8.0_361\jre\bin\api-ms-win-crt-convert-l1-1-0.dll
0x000001af70dd0000 - 0x000001af70dd3000 	C:\Program Files\Java\jdk1.8.0_361\jre\bin\api-ms-win-crt-environment-l1-1-0.dll
0x000001af70de0000 - 0x000001af70de3000 	C:\Program Files\Java\jdk1.8.0_361\jre\bin\api-ms-win-crt-time-l1-1-0.dll
0x000001af70df0000 - 0x000001af70df3000 	C:\Program Files\Java\jdk1.8.0_361\jre\bin\api-ms-win-crt-filesystem-l1-1-0.dll
0x000001af70e00000 - 0x000001af70e03000 	C:\Program Files\Java\jdk1.8.0_361\jre\bin\api-ms-win-crt-utility-l1-1-0.dll
0x000001af70e10000 - 0x000001af70e15000 	C:\Program Files\Java\jdk1.8.0_361\jre\bin\api-ms-win-crt-multibyte-l1-1-0.dll
0x000001af70e20000 - 0x000001af70e23000 	C:\Program Files\Java\jdk1.8.0_361\jre\bin\api-ms-win-crt-conio-l1-1-0.dll
0x000001af70e30000 - 0x000001af70e40000 	C:\Program Files\Java\jdk1.8.0_361\jre\bin\api-ms-win-crt-private-l1-1-0.dll
0x000001af70e40000 - 0x000001af70e43000 	C:\Program Files\Java\jdk1.8.0_361\jre\bin\api-ms-win-crt-process-l1-1-0.dll
0x000001af70e50000 - 0x000001af70e53000 	C:\Program Files\Java\jdk1.8.0_361\jre\bin\api-ms-win-core-console-l1-2-0.dll
0x000001af70e60000 - 0x000001af70e63000 	C:\Program Files\Java\jdk1.8.0_361\jre\bin\api-ms-win-core-string-l1-1-0.dll
0x000001af70e70000 - 0x000001af70e73000 	C:\Program Files\Java\jdk1.8.0_361\jre\bin\api-ms-win-core-errorhandling-l1-1-0.dll
0x000001af70e80000 - 0x000001af70e83000 	C:\Program Files\Java\jdk1.8.0_361\jre\bin\api-ms-win-core-timezone-l1-1-0.dll
0x000001af70e90000 - 0x000001af70e94000 	C:\Program Files\Java\jdk1.8.0_361\jre\bin\api-ms-win-core-file-l1-1-0.dll
0x000001af70ea0000 - 0x000001af70ea3000 	C:\Program Files\Java\jdk1.8.0_361\jre\bin\api-ms-win-core-namedpipe-l1-1-0.dll
0x000001af70eb0000 - 0x000001af70eb3000 	C:\Program Files\Java\jdk1.8.0_361\jre\bin\api-ms-win-core-handle-l1-1-0.dll
0x000001af70ec0000 - 0x000001af70ec3000 	C:\Program Files\Java\jdk1.8.0_361\jre\bin\api-ms-win-core-file-l2-1-0.dll
0x000001af70ed0000 - 0x000001af70ed3000 	C:\Program Files\Java\jdk1.8.0_361\jre\bin\api-ms-win-core-heap-l1-1-0.dll
0x000001af70ee0000 - 0x000001af70ee3000 	C:\Program Files\Java\jdk1.8.0_361\jre\bin\api-ms-win-core-libraryloader-l1-1-0.dll
0x000001af70ef0000 - 0x000001af70ef3000 	C:\Program Files\Java\jdk1.8.0_361\jre\bin\api-ms-win-core-synch-l1-1-0.dll
0x000001af70f00000 - 0x000001af70f03000 	C:\Program Files\Java\jdk1.8.0_361\jre\bin\api-ms-win-core-processthreads-l1-1-0.dll
0x000001af70f10000 - 0x000001af70f13000 	C:\Program Files\Java\jdk1.8.0_361\jre\bin\api-ms-win-core-processenvironment-l1-1-0.dll
0x000001af70f20000 - 0x000001af70f23000 	C:\Program Files\Java\jdk1.8.0_361\jre\bin\api-ms-win-core-datetime-l1-1-0.dll
0x000001af70f30000 - 0x000001af70f33000 	C:\Program Files\Java\jdk1.8.0_361\jre\bin\api-ms-win-core-localization-l1-2-0.dll
0x000001af70f40000 - 0x000001af70f43000 	C:\Program Files\Java\jdk1.8.0_361\jre\bin\api-ms-win-core-sysinfo-l1-1-0.dll
0x000001af70f50000 - 0x000001af70f53000 	C:\Program Files\Java\jdk1.8.0_361\jre\bin\api-ms-win-core-synch-l1-2-0.dll
0x000001af70f60000 - 0x000001af70f63000 	C:\Program Files\Java\jdk1.8.0_361\jre\bin\api-ms-win-core-console-l1-1-0.dll
0x000001af70f70000 - 0x000001af70f73000 	C:\Program Files\Java\jdk1.8.0_361\jre\bin\api-ms-win-core-debug-l1-1-0.dll
0x000001af70f80000 - 0x000001af70f83000 	C:\Program Files\Java\jdk1.8.0_361\jre\bin\api-ms-win-core-rtlsupport-l1-1-0.dll
0x000001af70f90000 - 0x000001af70f93000 	C:\Program Files\Java\jdk1.8.0_361\jre\bin\api-ms-win-core-processthreads-l1-1-1.dll
0x000001af70fa0000 - 0x000001af70fa3000 	C:\Program Files\Java\jdk1.8.0_361\jre\bin\api-ms-win-core-file-l1-2-0.dll
0x000001af70fb0000 - 0x000001af70fb3000 	C:\Program Files\Java\jdk1.8.0_361\jre\bin\api-ms-win-core-profile-l1-1-0.dll
0x000001af70fc0000 - 0x000001af70fc3000 	C:\Program Files\Java\jdk1.8.0_361\jre\bin\api-ms-win-core-memory-l1-1-0.dll
0x000001af70fd0000 - 0x000001af70fd3000 	C:\Program Files\Java\jdk1.8.0_361\jre\bin\api-ms-win-core-util-l1-1-0.dll
0x000001af70fe0000 - 0x000001af70fe3000 	C:\Program Files\Java\jdk1.8.0_361\jre\bin\api-ms-win-core-interlocked-l1-1-0.dll
0x00007ff93d540000 - 0x00007ff93d63a000 	C:\Program Files\Java\jdk1.8.0_361\jre\bin\ucrtbase.dll
0x00007ff96c120000 - 0x00007ff96c12c000 	C:\Program Files\Java\jdk1.8.0_361\jre\bin\vcruntime140_1.dll
0x00007ff95f6b0000 - 0x00007ff95f6b9000 	C:\Program Files\Java\jdk1.8.0_361\jre\bin\msvcp140_1.dll
0x00007ff94a8d0000 - 0x00007ff94a91e000 	C:\Windows\System32\concrt140.dll
0x00007ff9504d0000 - 0x00007ff950501000 	C:\Windows\System32\vcomp140.dll

VM Arguments:
jvm_args: -XX:TieredStopAtLevel=1 -Xverify:none -Dspring.output.ansi.enabled=always -Dcom.sun.management.jmxremote -Dspring.jmx.enabled=true -Dspring.liveBeansView.mbeanDomain -Dspring.application.admin.enabled=true -Dmanagement.endpoints.jmx.exposure.include=* -javaagent:E:\Program Files\JetBrains\IntelliJ IDEA 2022.3.2\lib\idea_rt.jar=55078:E:\Program Files\JetBrains\IntelliJ IDEA 2022.3.2\bin -Dfile.encoding=UTF-8 
java_command: org.jeecg.JeecgSystemApplication
java_class_path (initial): C:\Users\Administrator\AppData\Local\Temp\classpath1455223358.jar;E:\Program Files\JetBrains\IntelliJ IDEA 2022.3.2\lib\idea_rt.jar
Launcher Type: SUN_STANDARD

Environment Variables:
JAVA_HOME=C:\Program Files\Java\jdk1.8.0_361
CLASSPATH=.;C:\Program Files\Java\jdk1.8.0_361\lib;C:\Program Files\Java\jdk1.8.0_361\lib\tools.jar
PATH=E:\bin\;C:\Program Files (x86)\Common Files\Oracle\Java\javapath;C:\Windows\system32;C:\Windows;C:\Windows\System32\Wbem;C:\Windows\System32\WindowsPowerShell\v1.0\;C:\Windows\System32\OpenSSH\;D:\apache-maven-3.6.0-bin\apache-maven-3.6.0\bin;C:\Program Files\Java\jdk1.8.0_361\bin;C:\Program Files\Java\jdk1.8.0_361\jre\bin;D:\Program Files (x86)\NetSarang\Xshell 7\;D:\Program Files (x86)\NetSarang\Xftp 7\;D:\Program Files\Git\cmd;C:\Program Files\TortoiseGit\bin;C:\Program Files\TortoiseSVN\bin;C:\Program Files\Microsoft SQL Server\150\Tools\Binn\;C:\Program Files\Microsoft SQL Server\Client SDK\ODBC\170\Tools\Binn\;C:\Program Files\dotnet\;C:\Program Files (x86)\NetSarang\Xmanager 7\;C:\Program Files\nodejs\;C:\Users\Administrator\AppData\Local\Microsoft\WindowsApps;E:\Users\Administrator\AppData\Local\Programs\Microsoft VS Code\bin;C:\Users\Administrator\AppData\Local\Programs\APICloud Studio 3\bin;C:\Users\Administrator\.dotnet\tools;D:\Users\Administrator\AppData\Local\Programs\YonStudio\bin;C:\Users\Administrator\AppData\Roaming\npm
USERNAME=Administrator
OS=Windows_NT
PROCESSOR_IDENTIFIER=Intel64 Family 6 Model 158 Stepping 10, GenuineIntel



---------------  S Y S T E M  ---------------

OS: Windows 10 , 64 bit Build 19041 (10.0.19041.3636)

CPU:total 12 (initial active 12) (6 cores per cpu, 2 threads per core) family 6 model 158 stepping 10, cmov, cx8, fxsr, mmx, sse, sse2, sse3, ssse3, sse4.1, sse4.2, popcnt, avx, avx2, aes, clmul, erms, rtm, 3dnowpref, lzcnt, ht, tsc, tscinvbit, bmi1, bmi2, adx

Memory: 4k page, physical 24988048k(2459080k free), swap 65948028k(7289932k free)

vm_info: Java HotSpot(TM) 64-Bit Server VM (25.361-b09) for windows-amd64 JRE (1.8.0_361-b09), built on Jan  9 2023 08:38:53 by "java_re" with MS VC++ 15.9 (VS2017)

time: Fri Jul 19 14:06:08 2024
timezone: Intel64 Family 6 Model 158 Stepping 10, GenuineIntel
elapsed time: 70.692030 seconds (0d 0h 1m 10s)

