#
# A fatal error has been detected by the Java Runtime Environment:
#
#  EXCEPTION_ACCESS_VIOLATION (0xc0000005) at pc=0x00007ff8dd80a360, pid=64936, tid=0x000000000000fcbc
#
# JRE version: Java(TM) SE Runtime Environment (8.0_361) (build 1.8.0_361-b09)
# Java VM: Java HotSpot(TM) 64-Bit Server VM (25.361-b09 mixed mode windows-amd64 compressed oops)
# Problematic frame:
# C  0x00007ff8dd80a360
#
# Failed to write core dump. Minidumps are not enabled by default on client versions of Windows
#
# If you would like to submit a bug report, please visit:
#   http://bugreport.java.com/bugreport/crash.jsp
# The crash happened outside the Java Virtual Machine in native code.
# See problematic frame for where to report the bug.
#

---------------  T H R E A D  ---------------

Current thread (0x0000023391971000):  JavaThread "http-nio-9998-exec-7" daemon [_thread_in_native, id=64700, stack(0x000000f00b200000,0x000000f00b300000)]

siginfo: ExceptionCode=0xc0000005, reading address 0x00000000000000f8

Registers:
RAX=0x00007ff8ddfe8c60, RBX=0x0000000000000000, RCX=0x0000023398f34740, RDX=0x0000000000000000
RSP=0x000000f00b2fdf70, RBP=0x000000f00b2fe0a0, RSI=0x0000000000000000, RDI=0x0000023395880880
R8 =0x0000000000000001, R9 =0x0000000000000000, R10=0x0000000000000376, R11=0x000000007198cafc
R12=0x0000023399c5ae80, R13=0x000002339530ab30, R14=0x000000f00b2fe0c0, R15=0x0000023391971000
RIP=0x00007ff8dd80a360, EFLAGS=0x0000000000010246

Top of Stack: (sp=0x000000f00b2fdf70)
0x000000f00b2fdf70:   0000023391971000 000002339142f6f3
0x000000f00b2fdf80:   0000000000000000 000000f00b2fe050
0x000000f00b2fdf90:   0000000766bdd4b0 0000023398f34740
0x000000f00b2fdfa0:   0000000000000000 0000023395880880
0x000000f00b2fdfb0:   000000f00b2fe0a0 0000000000000000
0x000000f00b2fdfc0:   000002339530ab30 000000f00b2fe0c0
0x000000f00b2fdfd0:   0000023391971000 00007ff8dd8a89a9
0x000000f00b2fdfe0:   000000f00b2fe038 00007ff93c340e81
0x000000f00b2fdff0:   0000000000000000 000002339530a858
0x000000f00b2fe000:   000002339530ab38 0000000003b35ee4
0x000000f00b2fe010:   00000233ea0c7e40 000000f00b2fe0a0
0x000000f00b2fe020:   0000000000000000 00000233ea0da02e
0x000000f00b2fe030:   0000000000000000 00000233ea0e5ddd
0x000000f00b2fe040:   0000000000000001 0000000000000000
0x000000f00b2fe050:   0000000000000003 0000000000000000
0x000000f00b2fe060:   000000f00b2fe060 0000000000000000 

Instructions: (pc=0x00007ff8dd80a360)
0x00007ff8dd80a340:   41 57 41 56 41 55 41 54 55 57 56 53 48 83 ec 28
0x00007ff8dd80a350:   41 b8 01 00 00 00 31 d2 48 8b 59 18 4c 8b 61 20
0x00007ff8dd80a360:   8b bb f8 00 00 00 49 89 cd 4c 89 e1 83 e7 04 e8
0x00007ff8dd80a370:   bc fa fb ff 49 89 c6 85 ff 0f 85 41 01 00 00 f6 


Register to memory mapping:

RAX=0x00007ff8ddfe8c60 is an unknown value
RBX=0x0000000000000000 is an unknown value
RCX=0x0000023398f34740 is an unknown value
RDX=0x0000000000000000 is an unknown value
RSP=0x000000f00b2fdf70 is pointing into the stack for thread: 0x0000023391971000
RBP=0x000000f00b2fe0a0 is pointing into the stack for thread: 0x0000023391971000
RSI=0x0000000000000000 is an unknown value
RDI=0x0000023395880880 is an unknown value
R8 =0x0000000000000001 is an unknown value
R9 =0x0000000000000000 is an unknown value
R10=0x0000000000000376 is an unknown value
R11=0x000000007198cafc is an unknown value
R12=0x0000023399c5ae80 is an unknown value
R13=0x000002339530ab30 is pointing into metadata
R14=0x000000f00b2fe0c0 is pointing into the stack for thread: 0x0000023391971000
R15=0x0000023391971000 is a thread


Stack: [0x000000f00b200000,0x000000f00b300000],  sp=0x000000f00b2fdf70,  free space=1015k
Native frames: (J=compiled Java code, j=interpreted, Vv=VM code, C=native code)
C  0x00007ff8dd80a360
C  0x00007ff8dd8a89a9
C  0x00000233ea0da02e

Java frames: (J=compiled Java code, j=interpreted, Vv=VM code)
j  org.bytedeco.ffmpeg.global.avformat.av_write_trailer(Lorg/bytedeco/ffmpeg/avformat/AVFormatContext;)I+0
j  org.bytedeco.javacv.FFmpegFrameRecorder.stop()V+15
j  org.jeecg.modules.demo.tab.service.impl.TabAiHistoryServiceImpl.stopStreaming()V+37
j  org.jeecg.modules.demo.tab.service.impl.TabAiHistoryServiceImpl.sendUrlFLV()V+314
j  org.jeecg.modules.demo.tab.service.impl.TabAiHistoryServiceImpl$$FastClassBySpringCGLIB$$5b69e81c.invoke(ILjava/lang/Object;[Ljava/lang/Object;)Ljava/lang/Object;+564
j  org.springframework.cglib.proxy.MethodProxy.invoke(Ljava/lang/Object;[Ljava/lang/Object;)Ljava/lang/Object;+19
j  org.springframework.aop.framework.CglibAopProxy$DynamicAdvisedInterceptor.intercept(Ljava/lang/Object;Ljava/lang/reflect/Method;[Ljava/lang/Object;Lorg/springframework/cglib/proxy/MethodProxy;)Ljava/lang/Object;+104
j  org.jeecg.modules.demo.tab.service.impl.TabAiHistoryServiceImpl$$EnhancerBySpringCGLIB$$65d6170a.sendUrlFLV()V+31
j  org.jeecg.modules.message.websocket.WebSocket.onOpen(Ljavax/websocket/Session;Ljava/lang/String;)V+48
v  ~StubRoutines::call_stub
J 2460  sun.reflect.NativeMethodAccessorImpl.invoke0(Ljava/lang/reflect/Method;Ljava/lang/Object;[Ljava/lang/Object;)Ljava/lang/Object; (0 bytes) @ 0x00000233ea59d73f [0x00000233ea59d6c0+0x7f]
J 2459 C1 sun.reflect.NativeMethodAccessorImpl.invoke(Ljava/lang/Object;[Ljava/lang/Object;)Ljava/lang/Object; (104 bytes) @ 0x00000233ea59eea4 [0x00000233ea59eae0+0x3c4]
J 2308 C1 sun.reflect.DelegatingMethodAccessorImpl.invoke(Ljava/lang/Object;[Ljava/lang/Object;)Ljava/lang/Object; (10 bytes) @ 0x00000233ea55da64 [0x00000233ea55da20+0x44]
J 2307 C1 java.lang.reflect.Method.invoke(Ljava/lang/Object;[Ljava/lang/Object;)Ljava/lang/Object; (62 bytes) @ 0x00000233ea55d664 [0x00000233ea55d560+0x104]
j  org.apache.tomcat.websocket.pojo.PojoEndpointBase.doOnOpen(Ljavax/websocket/Session;Ljavax/websocket/EndpointConfig;)V+86
j  org.apache.tomcat.websocket.pojo.PojoEndpointServer.onOpen(Ljavax/websocket/Session;Ljavax/websocket/EndpointConfig;)V+32
j  org.apache.tomcat.websocket.server.WsHttpUpgradeHandler.init(Ljavax/servlet/http/WebConnection;)V+232
j  org.apache.coyote.AbstractProtocol$ConnectionHandler.process(Lorg/apache/tomcat/util/net/SocketWrapperBase;Lorg/apache/tomcat/util/net/SocketEvent;)Lorg/apache/tomcat/util/net/AbstractEndpoint$Handler$SocketState;+721
j  org.apache.tomcat.util.net.NioEndpoint$SocketProcessor.doRun()V+216
j  org.apache.tomcat.util.net.SocketProcessorBase.run()V+21
j  org.apache.tomcat.util.threads.ThreadPoolExecutor.runWorker(Lorg/apache/tomcat/util/threads/ThreadPoolExecutor$Worker;)V+92
j  org.apache.tomcat.util.threads.ThreadPoolExecutor$Worker.run()V+5
j  org.apache.tomcat.util.threads.TaskThread$WrappingRunnable.run()V+4
j  java.lang.Thread.run()V+11
v  ~StubRoutines::call_stub

---------------  P R O C E S S  ---------------

Java Threads: ( => current thread )
  0x00000233921c4000 JavaThread "JavaCPP Deallocator" daemon [_thread_blocked, id=10644, stack(0x000000f007500000,0x000000f007600000)]
  0x00000233921cb000 JavaThread "RMI TCP Connection(idle)" daemon [_thread_blocked, id=51084, stack(0x000000f00bf00000,0x000000f00c000000)]
  0x00000233921d1000 JavaThread "lettuce-eventExecutorLoop-1-2" daemon [_thread_blocked, id=64180, stack(0x000000f00c400000,0x000000f00c500000)]
  0x00000233921c4800 JavaThread "lettuce-nioEventLoop-4-3" daemon [_thread_in_native, id=61740, stack(0x000000f00c300000,0x000000f00c400000)]
  0x00000233921cb800 JavaThread "boundedElastic-1" daemon [_thread_blocked, id=26356, stack(0x000000f00c200000,0x000000f00c300000)]
  0x00000233921c7000 JavaThread "boundedElastic-evictor-1" daemon [_thread_blocked, id=20980, stack(0x000000f00c100000,0x000000f00c200000)]
  0x00000233921ca000 JavaThread "RMI TCP Connection(idle)" daemon [_thread_blocked, id=31192, stack(0x000000f00b800000,0x000000f00b900000)]
  0x00000233921c7800 JavaThread "QuartzScheduler_MyScheduler-WIN-J1M8KSHQ9M01721369601767_MisfireHandler" [_thread_blocked, id=60956, stack(0x000000f00be00000,0x000000f00bf00000)]
  0x00000233921c9800 JavaThread "QuartzScheduler_MyScheduler-WIN-J1M8KSHQ9M01721369601767_ClusterManager" [_thread_blocked, id=19496, stack(0x000000f00bd00000,0x000000f00be00000)]
  0x00000233921c6000 JavaThread "DestroyJavaVM" [_thread_blocked, id=64540, stack(0x000000f007800000,0x000000f007900000)]
  0x00000233921c3000 JavaThread "lettuce-eventExecutorLoop-1-1" daemon [_thread_blocked, id=19908, stack(0x000000f00bc00000,0x000000f00bd00000)]
  0x00000233921c5800 JavaThread "lettuce-nioEventLoop-4-2" daemon [_thread_in_native, id=21468, stack(0x000000f00bb00000,0x000000f00bc00000)]
  0x00000233921c8800 JavaThread "lettuce-nioEventLoop-4-1" daemon [_thread_in_native, id=54852, stack(0x000000f00b900000,0x000000f00ba00000)]
  0x0000023391975800 JavaThread "http-nio-9998-Acceptor" daemon [_thread_in_native, id=54472, stack(0x000000f00b700000,0x000000f00b800000)]
  0x0000023391973800 JavaThread "http-nio-9998-Poller" daemon [_thread_in_native, id=31748, stack(0x000000f00b600000,0x000000f00b700000)]
  0x0000023391972000 JavaThread "http-nio-9998-exec-10" daemon [_thread_blocked, id=26660, stack(0x000000f00b500000,0x000000f00b600000)]
  0x0000023391975000 JavaThread "http-nio-9998-exec-9" daemon [_thread_blocked, id=21608, stack(0x000000f00b400000,0x000000f00b500000)]
  0x0000023391974000 JavaThread "http-nio-9998-exec-8" daemon [_thread_blocked, id=31904, stack(0x000000f00b300000,0x000000f00b400000)]
=>0x0000023391971000 JavaThread "http-nio-9998-exec-7" daemon [_thread_in_native, id=64700, stack(0x000000f00b200000,0x000000f00b300000)]
  0x0000023391976800 JavaThread "http-nio-9998-exec-6" daemon [_thread_blocked, id=12516, stack(0x000000f00b100000,0x000000f00b200000)]
  0x0000023391972800 JavaThread "http-nio-9998-exec-5" daemon [_thread_blocked, id=5764, stack(0x000000f00b000000,0x000000f00b100000)]
  0x000002339196a000 JavaThread "http-nio-9998-exec-4" daemon [_thread_blocked, id=19696, stack(0x000000f00af00000,0x000000f00b000000)]
  0x0000023391969800 JavaThread "http-nio-9998-exec-3" daemon [_thread_blocked, id=13108, stack(0x000000f00ae00000,0x000000f00af00000)]
  0x000002339196f800 JavaThread "http-nio-9998-exec-2" daemon [_thread_blocked, id=61232, stack(0x000000f00ad00000,0x000000f00ae00000)]
  0x000002339196d000 JavaThread "http-nio-9998-exec-1" daemon [_thread_blocked, id=62096, stack(0x000000f00ac00000,0x000000f00ad00000)]
  0x0000023391970000 JavaThread "Thread-43" [_thread_blocked, id=5200, stack(0x000000f00ab00000,0x000000f00ac00000)]
  0x000002339196e800 JavaThread "Thread-39" [_thread_blocked, id=47564, stack(0x000000f00aa00000,0x000000f00ab00000)]
  0x0000023391967000 JavaThread "Thread-37" [_thread_blocked, id=46840, stack(0x000000f00a700000,0x000000f00a800000)]
  0x0000023391968800 JavaThread "JustAuth-Task-1" [_thread_blocked, id=51484, stack(0x000000f00a600000,0x000000f00a700000)]
  0x000002339196b800 JavaThread "MyScheduler_QuartzSchedulerThread" [_thread_blocked, id=8320, stack(0x000000f00a500000,0x000000f00a600000)]
  0x000002339196b000 JavaThread "MyScheduler_Worker-10" [_thread_blocked, id=51940, stack(0x000000f00a400000,0x000000f00a500000)]
  0x000002339196c800 JavaThread "MyScheduler_Worker-9" [_thread_blocked, id=21912, stack(0x000000f00a300000,0x000000f00a400000)]
  0x0000023391968000 JavaThread "MyScheduler_Worker-8" [_thread_blocked, id=2252, stack(0x000000f00a200000,0x000000f00a300000)]
  0x000002339196e000 JavaThread "MyScheduler_Worker-7" [_thread_blocked, id=18840, stack(0x000000f00a100000,0x000000f00a200000)]
  0x000002338f640800 JavaThread "MyScheduler_Worker-6" [_thread_blocked, id=7140, stack(0x000000f00a000000,0x000000f00a100000)]
  0x000002338f63f000 JavaThread "MyScheduler_Worker-5" [_thread_blocked, id=44928, stack(0x000000f009f00000,0x000000f00a000000)]
  0x000002338f63c000 JavaThread "MyScheduler_Worker-4" [_thread_blocked, id=35740, stack(0x000000f009e00000,0x000000f009f00000)]
  0x000002338f63d000 JavaThread "MyScheduler_Worker-3" [_thread_blocked, id=24808, stack(0x000000f009d00000,0x000000f009e00000)]
  0x000002338f63e800 JavaThread "MyScheduler_Worker-2" [_thread_blocked, id=15492, stack(0x000000f009c00000,0x000000f009d00000)]
  0x000002338f642000 JavaThread "MyScheduler_Worker-1" [_thread_blocked, id=65244, stack(0x000000f009b00000,0x000000f009c00000)]
  0x000002338f640000 JavaThread "RMI TCP Connection(idle)" daemon [_thread_blocked, id=38252, stack(0x000000f009a00000,0x000000f009b00000)]
  0x000002338f63b800 JavaThread "Druid-ConnectionPool-Destroy-1826086004" daemon [_thread_blocked, id=64372, stack(0x000000f009900000,0x000000f009a00000)]
  0x000002338f641800 JavaThread "Druid-ConnectionPool-Create-1826086004" daemon [_thread_blocked, id=28452, stack(0x000000f009700000,0x000000f009800000)]
  0x000002338f63d800 JavaThread "mysql-cj-abandoned-connection-cleanup" daemon [_thread_blocked, id=25188, stack(0x000000f009800000,0x000000f009900000)]
  0x000002338f607000 JavaThread "container-0" [_thread_blocked, id=62872, stack(0x000000f009600000,0x000000f009700000)]
  0x000002338f605000 JavaThread "Catalina-utility-2" [_thread_blocked, id=50248, stack(0x000000f009500000,0x000000f009600000)]
  0x000002338f604800 JavaThread "Catalina-utility-1" [_thread_blocked, id=61884, stack(0x000000f009400000,0x000000f009500000)]
  0x000002338f29a000 JavaThread "RMI TCP Connection(idle)" daemon [_thread_blocked, id=2460, stack(0x000000f009300000,0x000000f009400000)]
  0x000002338f02a000 JavaThread "lettuce-timer-3-1" daemon [_thread_blocked, id=28348, stack(0x000000f009000000,0x000000f009100000)]
  0x00000233ffc0d800 JavaThread "RMI Scheduler(0)" daemon [_thread_blocked, id=63064, stack(0x000000f009200000,0x000000f009300000)]
  0x000002338c960000 JavaThread "RMI TCP Connection(idle)" daemon [_thread_blocked, id=46924, stack(0x000000f009100000,0x000000f009200000)]
  0x00000233ff883800 JavaThread "RMI TCP Accept-0" daemon [_thread_in_native, id=63248, stack(0x000000f008e00000,0x000000f008f00000)]
  0x00000233ff68c800 JavaThread "Service Thread" daemon [_thread_blocked, id=23320, stack(0x000000f008d00000,0x000000f008e00000)]
  0x00000233ff5fc000 JavaThread "C1 CompilerThread3" daemon [_thread_blocked, id=33460, stack(0x000000f008c00000,0x000000f008d00000)]
  0x00000233ff5f3000 JavaThread "C2 CompilerThread2" daemon [_thread_blocked, id=64960, stack(0x000000f008b00000,0x000000f008c00000)]
  0x00000233ff5e6000 JavaThread "C2 CompilerThread1" daemon [_thread_blocked, id=57648, stack(0x000000f008a00000,0x000000f008b00000)]
  0x00000233ff5a2000 JavaThread "C2 CompilerThread0" daemon [_thread_blocked, id=42668, stack(0x000000f008900000,0x000000f008a00000)]
  0x00000233ff5e5000 JavaThread "Monitor Ctrl-Break" daemon [_thread_in_native, id=33308, stack(0x000000f008800000,0x000000f008900000)]
  0x00000233fbf3e000 JavaThread "Attach Listener" daemon [_thread_blocked, id=19628, stack(0x000000f008700000,0x000000f008800000)]
  0x00000233fbf26800 JavaThread "Signal Dispatcher" daemon [_thread_blocked, id=18872, stack(0x000000f008600000,0x000000f008700000)]
  0x00000233fbefd800 JavaThread "Finalizer" daemon [_thread_blocked, id=2392, stack(0x000000f008500000,0x000000f008600000)]
  0x00000233fbefa800 JavaThread "Reference Handler" daemon [_thread_blocked, id=37780, stack(0x000000f008400000,0x000000f008500000)]

Other Threads:
  0x00000233fbeca800 VMThread [stack: 0x000000f008300000,0x000000f008400000] [id=21196]
  0x00000233ff90b800 WatcherThread [stack: 0x000000f008f00000,0x000000f009000000] [id=51464]

VM state:not at safepoint (normal execution)

VM Mutex/Monitor currently owned by a thread: None

heap address: 0x0000000642a00000, size: 6102 MB, Compressed Oops mode: Zero based, Oop shift amount: 3
Narrow klass base: 0x0000000000000000, Narrow klass shift: 3
Compressed class space size: 1073741824 Address: 0x00000007c0000000

Heap:
 PSYoungGen      total 1097216K, used 626081K [0x0000000740e00000, 0x000000078ad80000, 0x00000007c0000000)
  eden space 1053696K, 59% used [0x0000000740e00000,0x0000000766d34460,0x0000000781300000)
  from space 43520K, 9% used [0x0000000781300000,0x0000000781734120,0x0000000783d80000)
  to   space 43008K, 0% used [0x0000000788380000,0x0000000788380000,0x000000078ad80000)
 ParOldGen       total 420352K, used 108191K [0x0000000642a00000, 0x000000065c480000, 0x0000000740e00000)
  object space 420352K, 25% used [0x0000000642a00000,0x00000006493a7f48,0x000000065c480000)
 Metaspace       used 101407K, capacity 108004K, committed 108096K, reserved 1144832K
  class space    used 12250K, capacity 13395K, committed 13400K, reserved 1048576K

Card table byte_map: [0x00000233f9480000,0x00000233fa070000] byte_map_base: 0x00000233f626b000

Marking Bits: (ParMarkBitMap*) 0x000000007199b090
 Begin Bits: [0x0000023380000000, 0x0000023385f58000)
 End Bits:   [0x0000023385f58000, 0x000002338beb0000)

Polling page: 0x00000233e9b90000

CodeCache: size=245760Kb used=21537Kb max_used=21537Kb free=224222Kb
 bounds [0x00000233ea0c0000, 0x00000233eb5d0000, 0x00000233f90c0000]
 total_blobs=11863 nmethods=11140 adapters=634
 compilation: enabled

Compilation events (10 events):
Event: 81.666 Thread 0x00000233ff5fc000 11340       1       org.apache.tomcat.util.http.NamesEnumerator::nextElement (11 bytes)
Event: 81.666 Thread 0x00000233ff5fc000 nmethod 11340 0x00000233eb5c3b90 code [0x00000233eb5c3ce0, 0x00000233eb5c3e30]
Event: 81.667 Thread 0x00000233ff5fc000 11341       1       org.springframework.util.LinkedCaseInsensitiveMap::convertKey (9 bytes)
Event: 81.667 Thread 0x00000233ff5fc000 nmethod 11341 0x00000233eb5c3ed0 code [0x00000233eb5c4020, 0x00000233eb5c4170]
Event: 81.667 Thread 0x00000233ff5fc000 11342       1       org.springframework.boot.actuate.trace.http.HttpExchangeTracer$$Lambda$1838/1625990177::apply (10 bytes)
Event: 81.668 Thread 0x00000233ff5fc000 nmethod 11342 0x00000233eb5c4210 code [0x00000233eb5c4380, 0x00000233eb5c4510]
Event: 81.668 Thread 0x00000233ff5fc000 11343   !   1       org.apache.coyote.AbstractProcessor::action (1081 bytes)
Event: 81.670 Thread 0x00000233ff5fc000 nmethod 11343 0x00000233eb5c4590 code [0x00000233eb5c4bc0, 0x00000233eb5c7280]
Event: 81.731 Thread 0x00000233ff5fc000 11344       1       java.lang.Object::toString (36 bytes)
Event: 81.732 Thread 0x00000233ff5fc000 nmethod 11344 0x00000233eb5c9210 code [0x00000233eb5c93c0, 0x00000233eb5c9790]

GC Heap History (10 events):
Event: 36.911 GC heap before
{Heap before GC invocations=21 (full 3):
 PSYoungGen      total 919552K, used 644520K [0x0000000740e00000, 0x0000000782900000, 0x00000007c0000000)
  eden space 885248K, 68% used [0x0000000740e00000,0x00000007661f2140,0x0000000776e80000)
  from space 34304K, 99% used [0x0000000776e80000,0x0000000778ff81a0,0x0000000779000000)
  to   space 46080K, 0% used [0x000000077fc00000,0x000000077fc00000,0x0000000782900000)
 ParOldGen       total 246784K, used 77812K [0x0000000642a00000, 0x0000000651b00000, 0x0000000740e00000)
  object space 246784K, 31% used [0x0000000642a00000,0x00000006475fd2e0,0x0000000651b00000)
 Metaspace       used 92237K, capacity 98296K, committed 98496K, reserved 1136640K
  class space    used 11186K, capacity 12225K, committed 12248K, reserved 1048576K
Event: 36.932 GC heap after
Heap after GC invocations=21 (full 3):
 PSYoungGen      total 1010688K, used 14498K [0x0000000740e00000, 0x0000000781e00000, 0x00000007c0000000)
  eden space 975872K, 0% used [0x0000000740e00000,0x0000000740e00000,0x000000077c700000)
  from space 34816K, 41% used [0x000000077fc00000,0x0000000780a28838,0x0000000781e00000)
  to   space 44544K, 0% used [0x000000077c700000,0x000000077c700000,0x000000077f280000)
 ParOldGen       total 246784K, used 112113K [0x0000000642a00000, 0x0000000651b00000, 0x0000000740e00000)
  object space 246784K, 45% used [0x0000000642a00000,0x000000064977c5d8,0x0000000651b00000)
 Metaspace       used 92237K, capacity 98296K, committed 98496K, reserved 1136640K
  class space    used 11186K, capacity 12225K, committed 12248K, reserved 1048576K
}
Event: 36.932 GC heap before
{Heap before GC invocations=22 (full 4):
 PSYoungGen      total 1010688K, used 14498K [0x0000000740e00000, 0x0000000781e00000, 0x00000007c0000000)
  eden space 975872K, 0% used [0x0000000740e00000,0x0000000740e00000,0x000000077c700000)
  from space 34816K, 41% used [0x000000077fc00000,0x0000000780a28838,0x0000000781e00000)
  to   space 44544K, 0% used [0x000000077c700000,0x000000077c700000,0x000000077f280000)
 ParOldGen       total 246784K, used 112113K [0x0000000642a00000, 0x0000000651b00000, 0x0000000740e00000)
  object space 246784K, 45% used [0x0000000642a00000,0x000000064977c5d8,0x0000000651b00000)
 Metaspace       used 92237K, capacity 98296K, committed 98496K, reserved 1136640K
  class space    used 11186K, capacity 12225K, committed 12248K, reserved 1048576K
Event: 37.171 GC heap after
Heap after GC invocations=22 (full 4):
 PSYoungGen      total 1010688K, used 0K [0x0000000740e00000, 0x0000000781e00000, 0x00000007c0000000)
  eden space 975872K, 0% used [0x0000000740e00000,0x0000000740e00000,0x000000077c700000)
  from space 34816K, 0% used [0x000000077fc00000,0x000000077fc00000,0x0000000781e00000)
  to   space 44544K, 0% used [0x000000077c700000,0x000000077c700000,0x000000077f280000)
 ParOldGen       total 420352K, used 108175K [0x0000000642a00000, 0x000000065c480000, 0x0000000740e00000)
  object space 420352K, 25% used [0x0000000642a00000,0x00000006493a3f48,0x000000065c480000)
 Metaspace       used 92237K, capacity 98296K, committed 98496K, reserved 1136640K
  class space    used 11186K, capacity 12225K, committed 12248K, reserved 1048576K
}
Event: 54.565 GC heap before
{Heap before GC invocations=23 (full 4):
 PSYoungGen      total 1010688K, used 975872K [0x0000000740e00000, 0x0000000781e00000, 0x00000007c0000000)
  eden space 975872K, 100% used [0x0000000740e00000,0x000000077c700000,0x000000077c700000)
  from space 34816K, 0% used [0x000000077fc00000,0x000000077fc00000,0x0000000781e00000)
  to   space 44544K, 0% used [0x000000077c700000,0x000000077c700000,0x000000077f280000)
 ParOldGen       total 420352K, used 108175K [0x0000000642a00000, 0x000000065c480000, 0x0000000740e00000)
  object space 420352K, 25% used [0x0000000642a00000,0x00000006493a3f48,0x000000065c480000)
 Metaspace       used 99938K, capacity 106508K, committed 106560K, reserved 1142784K
  class space    used 12015K, capacity 13135K, committed 13144K, reserved 1048576K
Event: 54.574 GC heap after
Heap after GC invocations=23 (full 4):
 PSYoungGen      total 1020416K, used 9220K [0x0000000740e00000, 0x0000000787580000, 0x00000007c0000000)
  eden space 975872K, 0% used [0x0000000740e00000,0x0000000740e00000,0x000000077c700000)
  from space 44544K, 20% used [0x000000077c700000,0x000000077d0013d0,0x000000077f280000)
  to   space 43520K, 0% used [0x0000000784b00000,0x0000000784b00000,0x0000000787580000)
 ParOldGen       total 420352K, used 108183K [0x0000000642a00000, 0x000000065c480000, 0x0000000740e00000)
  object space 420352K, 25% used [0x0000000642a00000,0x00000006493a5f48,0x000000065c480000)
 Metaspace       used 99938K, capacity 106508K, committed 106560K, reserved 1142784K
  class space    used 12015K, capacity 13135K, committed 13144K, reserved 1048576K
}
Event: 58.213 GC heap before
{Heap before GC invocations=24 (full 4):
 PSYoungGen      total 1020416K, used 985092K [0x0000000740e00000, 0x0000000787580000, 0x00000007c0000000)
  eden space 975872K, 100% used [0x0000000740e00000,0x000000077c700000,0x000000077c700000)
  from space 44544K, 20% used [0x000000077c700000,0x000000077d0013d0,0x000000077f280000)
  to   space 43520K, 0% used [0x0000000784b00000,0x0000000784b00000,0x0000000787580000)
 ParOldGen       total 420352K, used 108183K [0x0000000642a00000, 0x000000065c480000, 0x0000000740e00000)
  object space 420352K, 25% used [0x0000000642a00000,0x00000006493a5f48,0x000000065c480000)
 Metaspace       used 99938K, capacity 106508K, committed 106560K, reserved 1142784K
  class space    used 12015K, capacity 13135K, committed 13144K, reserved 1048576K
Event: 58.219 GC heap after
Heap after GC invocations=24 (full 4):
 PSYoungGen      total 1083392K, used 4256K [0x0000000740e00000, 0x0000000786800000, 0x00000007c0000000)
  eden space 1053696K, 0% used [0x0000000740e00000,0x0000000740e00000,0x0000000781300000)
  from space 29696K, 14% used [0x0000000784b00000,0x0000000784f28110,0x0000000786800000)
  to   space 43520K, 0% used [0x0000000781300000,0x0000000781300000,0x0000000783d80000)
 ParOldGen       total 420352K, used 108183K [0x0000000642a00000, 0x000000065c480000, 0x0000000740e00000)
  object space 420352K, 25% used [0x0000000642a00000,0x00000006493a5f48,0x000000065c480000)
 Metaspace       used 99938K, capacity 106508K, committed 106560K, reserved 1142784K
  class space    used 12015K, capacity 13135K, committed 13144K, reserved 1048576K
}
Event: 61.281 GC heap before
{Heap before GC invocations=25 (full 4):
 PSYoungGen      total 1083392K, used 1057952K [0x0000000740e00000, 0x0000000786800000, 0x00000007c0000000)
  eden space 1053696K, 100% used [0x0000000740e00000,0x0000000781300000,0x0000000781300000)
  from space 29696K, 14% used [0x0000000784b00000,0x0000000784f28110,0x0000000786800000)
  to   space 43520K, 0% used [0x0000000781300000,0x0000000781300000,0x0000000783d80000)
 ParOldGen       total 420352K, used 108183K [0x0000000642a00000, 0x000000065c480000, 0x0000000740e00000)
  object space 420352K, 25% used [0x0000000642a00000,0x00000006493a5f48,0x000000065c480000)
 Metaspace       used 99940K, capacity 106508K, committed 106560K, reserved 1142784K
  class space    used 12015K, capacity 13135K, committed 13144K, reserved 1048576K
Event: 61.287 GC heap after
Heap after GC invocations=25 (full 4):
 PSYoungGen      total 1097216K, used 4304K [0x0000000740e00000, 0x000000078ad80000, 0x00000007c0000000)
  eden space 1053696K, 0% used [0x0000000740e00000,0x0000000740e00000,0x0000000781300000)
  from space 43520K, 9% used [0x0000000781300000,0x0000000781734120,0x0000000783d80000)
  to   space 43008K, 0% used [0x0000000788380000,0x0000000788380000,0x000000078ad80000)
 ParOldGen       total 420352K, used 108191K [0x0000000642a00000, 0x000000065c480000, 0x0000000740e00000)
  object space 420352K, 25% used [0x0000000642a00000,0x00000006493a7f48,0x000000065c480000)
 Metaspace       used 99940K, capacity 106508K, committed 106560K, reserved 1142784K
  class space    used 12015K, capacity 13135K, committed 13144K, reserved 1048576K
}

Deoptimization events (0 events):
No events

Classes redefined (0 events):
No events

Internal exceptions (10 events):
Event: 34.940 Thread 0x00000233e82a4000 Exception <a 'java/lang/ClassNotFoundException': > (0x000000075fd81660) thrown at [C:\jenkins\workspace\8-2-build-windows-x64-cygwin\jdk8u361\3183\hotspot\src\share\vm\prims\jni.cpp, line 737]
Event: 34.940 Thread 0x00000233e82a4000 Exception <a 'java/lang/ClassNotFoundException': > (0x000000075fd88c38) thrown at [C:\jenkins\workspace\8-2-build-windows-x64-cygwin\jdk8u361\3183\hotspot\src\share\vm\prims\jni.cpp, line 737]
Event: 34.940 Thread 0x00000233e82a4000 Exception <a 'java/lang/ClassNotFoundException': > (0x000000075fd90290) thrown at [C:\jenkins\workspace\8-2-build-windows-x64-cygwin\jdk8u361\3183\hotspot\src\share\vm\prims\jni.cpp, line 737]
Event: 34.940 Thread 0x00000233e82a4000 Exception <a 'java/lang/ClassNotFoundException': > (0x000000075fd97910) thrown at [C:\jenkins\workspace\8-2-build-windows-x64-cygwin\jdk8u361\3183\hotspot\src\share\vm\prims\jni.cpp, line 737]
Event: 37.240 Thread 0x00000233921c5800 Exception <a 'java/lang/IncompatibleClassChangeError': Found class java.lang.Object, but interface was expected> (0x00000007427dce40) thrown at [C:\jenkins\workspace\8-2-build-windows-x64-cygwin\jdk8u361\3183\hotspot\src\share\vm\interpreter\linkResolver.
Event: 37.255 Thread 0x00000233e82a4000 Exception <a 'java/lang/NoSuchMethodError': java.lang.Object.lambda$builder$0(Ljava/util/function/Supplier;)D> (0x0000000742bf9f80) thrown at [C:\jenkins\workspace\8-2-build-windows-x64-cygwin\jdk8u361\3183\hotspot\src\share\vm\interpreter\linkResolver.cp
Event: 39.295 Thread 0x00000233921ca000 Exception <a 'java/lang/NoSuchMethodError': java.lang.Object.lambda$minBy$0(Ljava/util/Comparator;Ljava/lang/Object;Ljava/lang/Object;)Ljava/lang/Object;> (0x00000007480e73f0) thrown at [C:\jenkins\workspace\8-2-build-windows-x64-cygwin\jdk8u361\3183\hots
Event: 46.281 Thread 0x000002339196d000 Exception <a 'java/lang/NoSuchMethodError': java.lang.Object.lambda$builder$1(Ljava/lang/String;)Lio/micrometer/core/instrument/Timer$Builder;> (0x000000074ce023e0) thrown at [C:\jenkins\workspace\8-2-build-windows-x64-cygwin\jdk8u361\3183\hotspot\src\sha
Event: 81.545 Thread 0x000002339196d000 Exception <a 'java/io/IOException'> (0x000000076699dae8) thrown at [C:\jenkins\workspace\8-2-build-windows-x64-cygwin\jdk8u361\3183\hotspot\src\share\vm\prims\jni.cpp, line 710]
Event: 82.884 Thread 0x0000023391971000 Exception <a 'java/lang/NullPointerException': This pointer address is NULL.> (0x0000000766be9c18) thrown at [C:\jenkins\workspace\8-2-build-windows-x64-cygwin\jdk8u361\3183\hotspot\src\share\vm\prims\jni.cpp, line 737]

Events (10 events):
Event: 81.732 Executing VM operation: RevokeBias
Event: 81.732 Executing VM operation: RevokeBias done
Event: 82.871 Executing VM operation: RevokeBias
Event: 82.871 Executing VM operation: RevokeBias done
Event: 82.871 Executing VM operation: RevokeBias
Event: 82.871 Executing VM operation: RevokeBias done
Event: 82.883 Executing VM operation: RevokeBias
Event: 82.883 Executing VM operation: RevokeBias done
Event: 82.889 Executing VM operation: RevokeBias
Event: 82.889 Executing VM operation: RevokeBias done


Dynamic libraries:
0x00007ff603280000 - 0x00007ff6032c7000 	C:\Program Files\Java\jdk1.8.0_361\bin\java.exe
0x00007ff971c50000 - 0x00007ff971e48000 	C:\Windows\SYSTEM32\ntdll.dll
0x00007ff970860000 - 0x00007ff97091d000 	C:\Windows\System32\KERNEL32.DLL
0x00007ff96f310000 - 0x00007ff96f606000 	C:\Windows\System32\KERNELBASE.dll
0x00007ff970690000 - 0x00007ff970740000 	C:\Windows\System32\ADVAPI32.dll
0x00007ff971410000 - 0x00007ff9714ae000 	C:\Windows\System32\msvcrt.dll
0x00007ff970740000 - 0x00007ff9707e0000 	C:\Windows\System32\sechost.dll
0x00007ff9714b0000 - 0x00007ff9715d3000 	C:\Windows\System32\RPCRT4.dll
0x00007ff96f9d0000 - 0x00007ff96f9f7000 	C:\Windows\System32\bcrypt.dll
0x00007ff9704f0000 - 0x00007ff97068f000 	C:\Windows\System32\USER32.dll
0x00007ff96fc60000 - 0x00007ff96fc82000 	C:\Windows\System32\win32u.dll
0x00007ff9713d0000 - 0x00007ff9713fb000 	C:\Windows\System32\GDI32.dll
0x00007ff96f810000 - 0x00007ff96f927000 	C:\Windows\System32\gdi32full.dll
0x00007ff96f930000 - 0x00007ff96f9cd000 	C:\Windows\System32\msvcp_win.dll
0x00007ff96f610000 - 0x00007ff96f710000 	C:\Windows\System32\ucrtbase.dll
0x00007ff95b7c0000 - 0x00007ff95ba5a000 	C:\Windows\WinSxS\amd64_microsoft.windows.common-controls_6595b64144ccf1df_6.0.19041.4355_none_60b8b9eb71f62e16\COMCTL32.dll
0x00007ff971ab0000 - 0x00007ff971adf000 	C:\Windows\System32\IMM32.DLL
0x00000000721a0000 - 0x00000000721ad000 	F:\Program Files (x86)\360\360Safe575960218\360Safe\safemon\SafeWrapper.dll
0x00007ff95a9b0000 - 0x00007ff95aab3000 	F:\Program Files (x86)\360\360Safe575960218\360Safe\safemon\libzdtp64.dll
0x00007ff970c60000 - 0x00007ff9713cc000 	C:\Windows\System32\SHELL32.dll
0x00007ff970490000 - 0x00007ff9704e5000 	C:\Windows\System32\SHLWAPI.dll
0x00007ff96ee60000 - 0x00007ff96ee6a000 	C:\Windows\SYSTEM32\VERSION.dll
0x00007ff95c0e0000 - 0x00007ff95c0f5000 	C:\Program Files\Java\jdk1.8.0_361\jre\bin\vcruntime140.dll
0x00007ff9469b0000 - 0x00007ff946a4b000 	C:\Program Files\Java\jdk1.8.0_361\jre\bin\msvcp140.dll
0x00000000711b0000 - 0x0000000071a13000 	C:\Program Files\Java\jdk1.8.0_361\jre\bin\server\jvm.dll
0x00007ff971ae0000 - 0x00007ff971ae8000 	C:\Windows\System32\PSAPI.DLL
0x00007ff957b40000 - 0x00007ff957b49000 	C:\Windows\SYSTEM32\WSOCK32.dll
0x00007ff95bb90000 - 0x00007ff95bbb7000 	C:\Windows\SYSTEM32\WINMM.dll
0x00007ff970920000 - 0x00007ff97098b000 	C:\Windows\System32\WS2_32.dll
0x00007ff96d140000 - 0x00007ff96d152000 	C:\Windows\SYSTEM32\kernel.appcore.dll
0x00007ff95c0d0000 - 0x00007ff95c0e0000 	C:\Program Files\Java\jdk1.8.0_361\jre\bin\verify.dll
0x00007ff958860000 - 0x00007ff95888b000 	C:\Program Files\Java\jdk1.8.0_361\jre\bin\java.dll
0x00007ff958830000 - 0x00007ff958860000 	C:\Program Files\Java\jdk1.8.0_361\jre\bin\instrument.dll
0x00007ff95c0b0000 - 0x00007ff95c0c8000 	C:\Program Files\Java\jdk1.8.0_361\jre\bin\zip.dll
0x00007ff96d340000 - 0x00007ff96dadd000 	C:\Windows\SYSTEM32\windows.storage.dll
0x00007ff9716a0000 - 0x00007ff9719f3000 	C:\Windows\System32\combase.dll
0x00007ff96ecc0000 - 0x00007ff96ecee000 	C:\Windows\SYSTEM32\Wldp.dll
0x00007ff970990000 - 0x00007ff970a5d000 	C:\Windows\System32\OLEAUT32.dll
0x00007ff971a00000 - 0x00007ff971aad000 	C:\Windows\System32\SHCORE.dll
0x00007ff96f240000 - 0x00007ff96f264000 	C:\Windows\SYSTEM32\profapi.dll
0x00007ff95c150000 - 0x00007ff95c16a000 	E:\Program Files\JetBrains\IntelliJ IDEA 2022.3.2\bin\breakgen64.dll
0x00007ff95c280000 - 0x00007ff95c29c000 	C:\Program Files\Java\jdk1.8.0_361\jre\bin\net.dll
0x00007ff96ea20000 - 0x00007ff96ea8a000 	C:\Windows\system32\mswsock.dll
0x00007ff960ab0000 - 0x00007ff960afb000 	C:\Program Files (x86)\Sangfor\SSL\ClientComponent\SangforNspX64.dll
0x00007ff96fd40000 - 0x00007ff96fe6b000 	C:\Windows\System32\ole32.dll
0x00007ff96e6f0000 - 0x00007ff96e7ba000 	C:\Windows\SYSTEM32\DNSAPI.dll
0x00007ff96e6b0000 - 0x00007ff96e6eb000 	C:\Windows\SYSTEM32\IPHLPAPI.DLL
0x00007ff971af0000 - 0x00007ff971af8000 	C:\Windows\System32\NSI.dll
0x00000000732d0000 - 0x00000000732f6000 	C:\Program Files\Bonjour\mdnsNSP.dll
0x00007ff961670000 - 0x00007ff96167a000 	C:\Windows\System32\rasadhlp.dll
0x00007ff9609a0000 - 0x00007ff960a20000 	C:\Windows\System32\fwpuclnt.dll
0x00007ff96c070000 - 0x00007ff96c07d000 	C:\Program Files\Java\jdk1.8.0_361\jre\bin\management.dll
0x00007ff95c190000 - 0x00007ff95c1a3000 	C:\Program Files\Java\jdk1.8.0_361\jre\bin\nio.dll
0x00007ff96ec10000 - 0x00007ff96ec28000 	C:\Windows\SYSTEM32\CRYPTSP.dll
0x00007ff96e2d0000 - 0x00007ff96e304000 	C:\Windows\system32\rsaenh.dll
0x00007ff96f1b0000 - 0x00007ff96f1de000 	C:\Windows\SYSTEM32\USERENV.dll
0x00007ff96fbd0000 - 0x00007ff96fc52000 	C:\Windows\System32\bcryptprimitives.dll
0x00007ff96ec30000 - 0x00007ff96ec3c000 	C:\Windows\SYSTEM32\CRYPTBASE.dll
0x00007ff9688d0000 - 0x00007ff9688e7000 	C:\Windows\SYSTEM32\dhcpcsvc6.DLL
0x00007ff9688b0000 - 0x00007ff9688cd000 	C:\Windows\SYSTEM32\dhcpcsvc.DLL
0x00007ff954a60000 - 0x00007ff954a77000 	C:\Windows\system32\napinsp.dll
0x00007ff954a00000 - 0x00007ff954a1b000 	C:\Windows\system32\pnrpnsp.dll
0x00007ff969c30000 - 0x00007ff969c45000 	C:\Windows\system32\wshbth.dll
0x00007ff96bae0000 - 0x00007ff96bafd000 	C:\Windows\system32\NLAapi.dll
0x00007ff9549e0000 - 0x00007ff9549f2000 	C:\Windows\System32\winrnr.dll
0x00007ff8e2130000 - 0x00007ff8e5256000 	F:\JAVAAI\opencv481\opencv\build\java\x64\opencv_java481.dll
0x00007ff944090000 - 0x00007ff94424c000 	C:\Windows\SYSTEM32\MFPlat.DLL
0x00007ff96f7c0000 - 0x00007ff96f80e000 	C:\Windows\System32\cfgmgr32.dll
0x00007ff949b50000 - 0x00007ff949bd5000 	C:\Windows\SYSTEM32\MF.dll
0x00007ff96db20000 - 0x00007ff96dc12000 	C:\Windows\SYSTEM32\dxgi.dll
0x00007ff92c7f0000 - 0x00007ff92c8fa000 	C:\Windows\SYSTEM32\MFReadWrite.dll
0x00007ff96b2b0000 - 0x00007ff96b513000 	C:\Windows\SYSTEM32\d3d11.dll
0x00007ff9050c0000 - 0x00007ff90554e000 	C:\Windows\SYSTEM32\MFCORE.DLL
0x00007ff96fa00000 - 0x00007ff96fb5e000 	C:\Windows\System32\CRYPT32.dll
0x00007ff96e820000 - 0x00007ff96e86b000 	C:\Windows\SYSTEM32\powrprof.dll
0x00007ff9585b0000 - 0x00007ff9585b9000 	C:\Windows\SYSTEM32\ksuser.dll
0x00007ff95e680000 - 0x00007ff95e6b6000 	C:\Windows\SYSTEM32\RTWorkQ.DLL
0x00007ff96e690000 - 0x00007ff96e6a2000 	C:\Windows\SYSTEM32\UMPDC.dll
0x00007ff9558e0000 - 0x00007ff955904000 	C:\Program Files\Java\jdk1.8.0_361\jre\bin\sunec.dll
0x00007ff958c70000 - 0x00007ff958c7d000 	C:\Program Files\Java\jdk1.8.0_361\jre\bin\sunmscapi.dll
0x00007ff96ed30000 - 0x00007ff96ed59000 	C:\Windows\SYSTEM32\ncrypt.dll
0x00007ff96ecf0000 - 0x00007ff96ed2b000 	C:\Windows\SYSTEM32\NTASN1.dll
0x000002338c020000 - 0x000002338c023000 	C:\Program Files\Java\jdk1.8.0_361\jre\bin\api-ms-win-crt-locale-l1-1-0.dll
0x000002338c030000 - 0x000002338c034000 	C:\Program Files\Java\jdk1.8.0_361\jre\bin\api-ms-win-crt-string-l1-1-0.dll
0x000002338c040000 - 0x000002338c044000 	C:\Program Files\Java\jdk1.8.0_361\jre\bin\api-ms-win-crt-stdio-l1-1-0.dll
0x000002338c050000 - 0x000002338c055000 	C:\Program Files\Java\jdk1.8.0_361\jre\bin\api-ms-win-crt-math-l1-1-0.dll
0x000002338c060000 - 0x000002338c063000 	C:\Program Files\Java\jdk1.8.0_361\jre\bin\api-ms-win-crt-heap-l1-1-0.dll
0x0000023395320000 - 0x0000023395324000 	C:\Program Files\Java\jdk1.8.0_361\jre\bin\api-ms-win-crt-runtime-l1-1-0.dll
0x0000023395330000 - 0x0000023395334000 	C:\Program Files\Java\jdk1.8.0_361\jre\bin\api-ms-win-crt-convert-l1-1-0.dll
0x0000023395340000 - 0x0000023395343000 	C:\Program Files\Java\jdk1.8.0_361\jre\bin\api-ms-win-crt-environment-l1-1-0.dll
0x0000023395350000 - 0x0000023395353000 	C:\Program Files\Java\jdk1.8.0_361\jre\bin\api-ms-win-crt-time-l1-1-0.dll
0x0000023395360000 - 0x0000023395363000 	C:\Program Files\Java\jdk1.8.0_361\jre\bin\api-ms-win-crt-filesystem-l1-1-0.dll
0x0000023395370000 - 0x0000023395373000 	C:\Program Files\Java\jdk1.8.0_361\jre\bin\api-ms-win-crt-utility-l1-1-0.dll
0x0000023395380000 - 0x0000023395385000 	C:\Program Files\Java\jdk1.8.0_361\jre\bin\api-ms-win-crt-multibyte-l1-1-0.dll
0x0000023395390000 - 0x0000023395393000 	C:\Program Files\Java\jdk1.8.0_361\jre\bin\api-ms-win-crt-conio-l1-1-0.dll
0x00000233953a0000 - 0x00000233953b0000 	C:\Program Files\Java\jdk1.8.0_361\jre\bin\api-ms-win-crt-private-l1-1-0.dll
0x00000233953b0000 - 0x00000233953b3000 	C:\Program Files\Java\jdk1.8.0_361\jre\bin\api-ms-win-crt-process-l1-1-0.dll
0x00000233953c0000 - 0x00000233953c3000 	C:\Program Files\Java\jdk1.8.0_361\jre\bin\api-ms-win-core-console-l1-2-0.dll
0x00000233953d0000 - 0x00000233953d3000 	C:\Program Files\Java\jdk1.8.0_361\jre\bin\api-ms-win-core-string-l1-1-0.dll
0x00000233953e0000 - 0x00000233953e3000 	C:\Program Files\Java\jdk1.8.0_361\jre\bin\api-ms-win-core-errorhandling-l1-1-0.dll
0x00000233953f0000 - 0x00000233953f3000 	C:\Program Files\Java\jdk1.8.0_361\jre\bin\api-ms-win-core-timezone-l1-1-0.dll
0x0000023395400000 - 0x0000023395404000 	C:\Program Files\Java\jdk1.8.0_361\jre\bin\api-ms-win-core-file-l1-1-0.dll
0x0000023395410000 - 0x0000023395413000 	C:\Program Files\Java\jdk1.8.0_361\jre\bin\api-ms-win-core-namedpipe-l1-1-0.dll
0x0000023395420000 - 0x0000023395423000 	C:\Program Files\Java\jdk1.8.0_361\jre\bin\api-ms-win-core-handle-l1-1-0.dll
0x0000023395430000 - 0x0000023395433000 	C:\Program Files\Java\jdk1.8.0_361\jre\bin\api-ms-win-core-file-l2-1-0.dll
0x0000023395440000 - 0x0000023395443000 	C:\Program Files\Java\jdk1.8.0_361\jre\bin\api-ms-win-core-heap-l1-1-0.dll
0x0000023395450000 - 0x0000023395453000 	C:\Program Files\Java\jdk1.8.0_361\jre\bin\api-ms-win-core-libraryloader-l1-1-0.dll
0x0000023395460000 - 0x0000023395463000 	C:\Program Files\Java\jdk1.8.0_361\jre\bin\api-ms-win-core-synch-l1-1-0.dll
0x0000023395470000 - 0x0000023395473000 	C:\Program Files\Java\jdk1.8.0_361\jre\bin\api-ms-win-core-processthreads-l1-1-0.dll
0x0000023395480000 - 0x0000023395483000 	C:\Program Files\Java\jdk1.8.0_361\jre\bin\api-ms-win-core-processenvironment-l1-1-0.dll
0x0000023395490000 - 0x0000023395493000 	C:\Program Files\Java\jdk1.8.0_361\jre\bin\api-ms-win-core-datetime-l1-1-0.dll
0x00000233954a0000 - 0x00000233954a3000 	C:\Program Files\Java\jdk1.8.0_361\jre\bin\api-ms-win-core-localization-l1-2-0.dll
0x00000233954b0000 - 0x00000233954b3000 	C:\Program Files\Java\jdk1.8.0_361\jre\bin\api-ms-win-core-sysinfo-l1-1-0.dll
0x00000233954c0000 - 0x00000233954c3000 	C:\Program Files\Java\jdk1.8.0_361\jre\bin\api-ms-win-core-synch-l1-2-0.dll
0x00000233954d0000 - 0x00000233954d3000 	C:\Program Files\Java\jdk1.8.0_361\jre\bin\api-ms-win-core-console-l1-1-0.dll
0x00000233954e0000 - 0x00000233954e3000 	C:\Program Files\Java\jdk1.8.0_361\jre\bin\api-ms-win-core-debug-l1-1-0.dll
0x00000233954f0000 - 0x00000233954f3000 	C:\Program Files\Java\jdk1.8.0_361\jre\bin\api-ms-win-core-rtlsupport-l1-1-0.dll
0x0000023395500000 - 0x0000023395503000 	C:\Program Files\Java\jdk1.8.0_361\jre\bin\api-ms-win-core-processthreads-l1-1-1.dll
0x0000023395510000 - 0x0000023395513000 	C:\Program Files\Java\jdk1.8.0_361\jre\bin\api-ms-win-core-file-l1-2-0.dll
0x0000023395520000 - 0x0000023395523000 	C:\Program Files\Java\jdk1.8.0_361\jre\bin\api-ms-win-core-profile-l1-1-0.dll
0x0000023395530000 - 0x0000023395533000 	C:\Program Files\Java\jdk1.8.0_361\jre\bin\api-ms-win-core-memory-l1-1-0.dll
0x0000023395540000 - 0x0000023395543000 	C:\Program Files\Java\jdk1.8.0_361\jre\bin\api-ms-win-core-util-l1-1-0.dll
0x0000023395550000 - 0x0000023395553000 	C:\Program Files\Java\jdk1.8.0_361\jre\bin\api-ms-win-core-interlocked-l1-1-0.dll
0x00007ff93d540000 - 0x00007ff93d63a000 	C:\Program Files\Java\jdk1.8.0_361\jre\bin\ucrtbase.dll
0x00007ff96c120000 - 0x00007ff96c12c000 	C:\Program Files\Java\jdk1.8.0_361\jre\bin\vcruntime140_1.dll
0x00007ff9616a0000 - 0x00007ff9616a9000 	C:\Program Files\Java\jdk1.8.0_361\jre\bin\msvcp140_1.dll
0x00007ff952160000 - 0x00007ff9521ae000 	C:\Windows\System32\concrt140.dll
0x00007ff952330000 - 0x00007ff952361000 	C:\Windows\System32\vcomp140.dll

VM Arguments:
jvm_args: -XX:TieredStopAtLevel=1 -Xverify:none -Dspring.output.ansi.enabled=always -Dcom.sun.management.jmxremote -Dspring.jmx.enabled=true -Dspring.liveBeansView.mbeanDomain -Dspring.application.admin.enabled=true -Dmanagement.endpoints.jmx.exposure.include=* -javaagent:E:\Program Files\JetBrains\IntelliJ IDEA 2022.3.2\lib\idea_rt.jar=55248:E:\Program Files\JetBrains\IntelliJ IDEA 2022.3.2\bin -Dfile.encoding=UTF-8 
java_command: org.jeecg.JeecgSystemApplication
java_class_path (initial): C:\Users\Administrator\AppData\Local\Temp\classpath1107457609.jar;E:\Program Files\JetBrains\IntelliJ IDEA 2022.3.2\lib\idea_rt.jar
Launcher Type: SUN_STANDARD

Environment Variables:
JAVA_HOME=C:\Program Files\Java\jdk1.8.0_361
CLASSPATH=.;C:\Program Files\Java\jdk1.8.0_361\lib;C:\Program Files\Java\jdk1.8.0_361\lib\tools.jar
PATH=E:\bin\;C:\Program Files (x86)\Common Files\Oracle\Java\javapath;C:\Windows\system32;C:\Windows;C:\Windows\System32\Wbem;C:\Windows\System32\WindowsPowerShell\v1.0\;C:\Windows\System32\OpenSSH\;D:\apache-maven-3.6.0-bin\apache-maven-3.6.0\bin;C:\Program Files\Java\jdk1.8.0_361\bin;C:\Program Files\Java\jdk1.8.0_361\jre\bin;D:\Program Files (x86)\NetSarang\Xshell 7\;D:\Program Files (x86)\NetSarang\Xftp 7\;D:\Program Files\Git\cmd;C:\Program Files\TortoiseGit\bin;C:\Program Files\TortoiseSVN\bin;C:\Program Files\Microsoft SQL Server\150\Tools\Binn\;C:\Program Files\Microsoft SQL Server\Client SDK\ODBC\170\Tools\Binn\;C:\Program Files\dotnet\;C:\Program Files (x86)\NetSarang\Xmanager 7\;C:\Program Files\nodejs\;C:\Users\Administrator\AppData\Local\Microsoft\WindowsApps;E:\Users\Administrator\AppData\Local\Programs\Microsoft VS Code\bin;C:\Users\Administrator\AppData\Local\Programs\APICloud Studio 3\bin;C:\Users\Administrator\.dotnet\tools;D:\Users\Administrator\AppData\Local\Programs\YonStudio\bin;C:\Users\Administrator\AppData\Roaming\npm
USERNAME=Administrator
OS=Windows_NT
PROCESSOR_IDENTIFIER=Intel64 Family 6 Model 158 Stepping 10, GenuineIntel



---------------  S Y S T E M  ---------------

OS: Windows 10 , 64 bit Build 19041 (10.0.19041.3636)

CPU:total 12 (initial active 12) (6 cores per cpu, 2 threads per core) family 6 model 158 stepping 10, cmov, cx8, fxsr, mmx, sse, sse2, sse3, ssse3, sse4.1, sse4.2, popcnt, avx, avx2, aes, clmul, erms, rtm, 3dnowpref, lzcnt, ht, tsc, tscinvbit, bmi1, bmi2, adx

Memory: 4k page, physical 24988048k(3074928k free), swap 65948028k(7711276k free)

vm_info: Java HotSpot(TM) 64-Bit Server VM (25.361-b09) for windows-amd64 JRE (1.8.0_361-b09), built on Jan  9 2023 08:38:53 by "java_re" with MS VC++ 15.9 (VS2017)

time: Fri Jul 19 14:14:17 2024
timezone: Intel64 Family 6 Model 158 Stepping 10, GenuineIntel
elapsed time: 82.937089 seconds (0d 0h 1m 22s)

