#
# There is insufficient memory for the Java Runtime Environment to continue.
# Native memory allocation (malloc) failed to allocate 1407632 bytes for Chunk::new
# Possible reasons:
#   The system is out of physical RAM or swap space
#   The process is running with CompressedOops enabled, and the Java Heap may be blocking the growth of the native heap
# Possible solutions:
#   Reduce memory load on the system
#   Increase physical memory or swap space
#   Check if swap backing store is full
#   Decrease Java heap size (-Xmx/-Xms)
#   Decrease number of Java threads
#   Decrease Java thread stack sizes (-Xss)
#   Set larger code cache with -XX:ReservedCodeCacheSize=
#   JVM is running with Zero Based Compressed Oops mode in which the Java heap is
#     placed in the first 32GB address space. The Java Heap base address is the
#     maximum limit for the native heap growth. Please use -XX:HeapBaseMinAddress
#     to set the Java Heap base and to place the Java Heap above 32GB virtual address.
# This output file may be truncated or incomplete.
#
#  Out of Memory Error (allocation.cpp:389), pid=17712, tid=0x000000000000500c
#
# JRE version: Java(TM) SE Runtime Environment (8.0_361) (build 1.8.0_361-b09)
# Java VM: Java HotSpot(TM) 64-Bit Server VM (25.361-b09 mixed mode windows-amd64 compressed oops)
# Failed to write core dump. Minidumps are not enabled by default on client versions of Windows
#

---------------  T H R E A D  ---------------

Current thread (0x000002079e8a6000):  JavaThread "C2 CompilerThread0" daemon [_thread_in_native, id=20492, stack(0x0000007376000000,0x0000007376100000)]

Stack: [0x0000007376000000,0x0000007376100000]
Native frames: (J=compiled Java code, j=interpreted, Vv=VM code, C=native code)
V  [jvm.dll+0x3317a9]
V  [jvm.dll+0x277c4e]
V  [jvm.dll+0x27888d]
V  [jvm.dll+0x26f0d5]
V  [jvm.dll+0xd590c]
V  [jvm.dll+0xd610c]
V  [jvm.dll+0x473205]
V  [jvm.dll+0x43a820]
V  [jvm.dll+0x443825]
V  [jvm.dll+0x442be5]
V  [jvm.dll+0x42d98b]
V  [jvm.dll+0xac70b]
V  [jvm.dll+0xaad6b]
V  [jvm.dll+0x23ffb2]
V  [jvm.dll+0x294a5c]
C  [ucrtbase.dll+0x21bb2]
C  [KERNEL32.DLL+0x17344]
C  [ntdll.dll+0x526b1]


Current CompileTask:
C2:   6716 5602       4       lombok.core.AST::buildWithCollection (128 bytes)


---------------  P R O C E S S  ---------------

Java Threads: ( => current thread )
  0x000002079e962800 JavaThread "Service Thread" daemon [_thread_blocked, id=10108, stack(0x0000007376400000,0x0000007376500000)]
  0x000002079e8af000 JavaThread "C1 CompilerThread3" daemon [_thread_blocked, id=19684, stack(0x0000007376300000,0x0000007376400000)]
  0x000002079e8ac800 JavaThread "C2 CompilerThread2" daemon [_thread_in_native, id=11616, stack(0x0000007376200000,0x0000007376300000)]
  0x000002079e8a9800 JavaThread "C2 CompilerThread1" daemon [_thread_in_native, id=21476, stack(0x0000007376100000,0x0000007376200000)]
=>0x000002079e8a6000 JavaThread "C2 CompilerThread0" daemon [_thread_in_native, id=20492, stack(0x0000007376000000,0x0000007376100000)]
  0x000002079e8a3800 JavaThread "Monitor Ctrl-Break" daemon [_thread_in_native, id=19428, stack(0x0000007375f00000,0x0000007376000000)]
  0x000002079e882800 JavaThread "Attach Listener" daemon [_thread_blocked, id=26128, stack(0x0000007375e00000,0x0000007375f00000)]
  0x000002079c46a000 JavaThread "Signal Dispatcher" daemon [_thread_blocked, id=26156, stack(0x0000007375d00000,0x0000007375e00000)]
  0x000002079c452000 JavaThread "Finalizer" daemon [_thread_blocked, id=7504, stack(0x0000007375c00000,0x0000007375d00000)]
  0x000002079c449000 JavaThread "Reference Handler" daemon [_thread_blocked, id=12756, stack(0x0000007375b00000,0x0000007375c00000)]
  0x00000207fc893800 JavaThread "main" [_thread_in_Java, id=17948, stack(0x0000007374f00000,0x0000007375000000)]

Other Threads:
  0x000002079c421800 VMThread [stack: 0x0000007375a00000,0x0000007375b00000] [id=21776]
  0x000002079e99e800 WatcherThread [stack: 0x0000007376500000,0x0000007376600000] [id=2192]

VM state:not at safepoint (normal execution)

VM Mutex/Monitor currently owned by a thread: None

heap address: 0x0000000642a00000, size: 6102 MB, Compressed Oops mode: Zero based, Oop shift amount: 3
Narrow klass base: 0x0000000000000000, Narrow klass shift: 3
Compressed class space size: 1073741824 Address: 0x00000007c0000000

Heap:
 PSYoungGen      total 114176K, used 94161K [0x0000000740e00000, 0x000000074c380000, 0x00000007c0000000)
  eden space 79872K, 95% used [0x0000000740e00000,0x000000074589d158,0x0000000745c00000)
  from space 34304K, 51% used [0x0000000745c00000,0x0000000746d575a0,0x0000000747d80000)
  to   space 33792K, 0% used [0x000000074a280000,0x000000074a280000,0x000000074c380000)
 ParOldGen       total 188416K, used 54203K [0x0000000642a00000, 0x000000064e200000, 0x0000000740e00000)
  object space 188416K, 28% used [0x0000000642a00000,0x0000000645eeed68,0x000000064e200000)
 Metaspace       used 26052K, capacity 26882K, committed 27008K, reserved 1073152K
  class space    used 2921K, capacity 3122K, committed 3200K, reserved 1048576K

Card table byte_map: [0x00000207fec10000,0x00000207ff800000] byte_map_base: 0x00000207fb9fb000

Marking Bits: (ParMarkBitMap*) 0x00000000578ab090
 Begin Bits: [0x000002078f000000, 0x0000020794f58000)
 End Bits:   [0x0000020794f58000, 0x000002079aeb0000)

Polling page: 0x00000207fcb00000

CodeCache: size=245760Kb used=18088Kb max_used=18852Kb free=227672Kb
 bounds [0x0000020780000000, 0x0000020781280000, 0x000002078f000000]
 total_blobs=5419 nmethods=5005 adapters=325
 compilation: enabled

Compilation events (10 events):
Event: 6.696 Thread 0x000002079e8af000 5862       2       com.sun.tools.javac.code.Symbol::attribute (45 bytes)
Event: 6.697 Thread 0x000002079e8af000 nmethod 5862 0x000002078022b4d0 code [0x000002078022b660, 0x000002078022b9b0]
Event: 6.697 Thread 0x000002079e8af000 5863       2       lombok.javac.handlers.JavacHandlerUtil::recursiveSetGeneratedBy (26 bytes)
Event: 6.697 Thread 0x000002079e8af000 nmethod 5863 0x0000020780e6ff50 code [0x0000020780e700c0, 0x0000020780e70300]
Event: 6.697 Thread 0x000002079e8af000 5865       2       lombok.javac.handlers.JavacHandlerUtil::findAnnotation (118 bytes)
Event: 6.697 Thread 0x000002079e8af000 nmethod 5865 0x0000020780560610 code [0x00000207805607e0, 0x0000020780560e80]
Event: 6.697 Thread 0x000002079e8af000 5864       2       lombok.javac.JavacNode::findAnnotation (19 bytes)
Event: 6.698 Thread 0x000002079e8af000 nmethod 5864 0x000002078022b010 code [0x000002078022b180, 0x000002078022b3a0]
Event: 6.698 Thread 0x000002079e8af000 5867       2       lombok.javac.handlers.JavacHandlerUtil::chainDots (9 bytes)
Event: 6.698 Thread 0x000002079e8af000 nmethod 5867 0x0000020780560290 code [0x00000207805603e0, 0x0000020780560550]

GC Heap History (10 events):
Event: 4.307 GC heap before
{Heap before GC invocations=4 (full 0):
 PSYoungGen      total 114176K, used 113557K [0x0000000740e00000, 0x0000000748d00000, 0x00000007c0000000)
  eden space 98304K, 99% used [0x0000000740e00000,0x0000000746d6b798,0x0000000746e00000)
  from space 15872K, 99% used [0x0000000746e00000,0x0000000747d7a040,0x0000000747d80000)
  to   space 15872K, 0% used [0x0000000747d80000,0x0000000747d80000,0x0000000748d00000)
 ParOldGen       total 261120K, used 9952K [0x0000000642a00000, 0x0000000652900000, 0x0000000740e00000)
  object space 261120K, 3% used [0x0000000642a00000,0x00000006433b8008,0x0000000652900000)
 Metaspace       used 20528K, capacity 21144K, committed 21248K, reserved 1069056K
  class space    used 2345K, capacity 2501K, committed 2560K, reserved 1048576K
Event: 4.317 GC heap after
Heap after GC invocations=4 (full 0):
 PSYoungGen      total 114176K, used 15844K [0x0000000740e00000, 0x0000000748d00000, 0x00000007c0000000)
  eden space 98304K, 0% used [0x0000000740e00000,0x0000000740e00000,0x0000000746e00000)
  from space 15872K, 99% used [0x0000000747d80000,0x0000000748cf9250,0x0000000748d00000)
  to   space 15872K, 0% used [0x0000000746e00000,0x0000000746e00000,0x0000000747d80000)
 ParOldGen       total 261120K, used 15208K [0x0000000642a00000, 0x0000000652900000, 0x0000000740e00000)
  object space 261120K, 5% used [0x0000000642a00000,0x00000006438da3f0,0x0000000652900000)
 Metaspace       used 20528K, capacity 21144K, committed 21248K, reserved 1069056K
  class space    used 2345K, capacity 2501K, committed 2560K, reserved 1048576K
}
Event: 4.317 GC heap before
{Heap before GC invocations=5 (full 1):
 PSYoungGen      total 114176K, used 15844K [0x0000000740e00000, 0x0000000748d00000, 0x00000007c0000000)
  eden space 98304K, 0% used [0x0000000740e00000,0x0000000740e00000,0x0000000746e00000)
  from space 15872K, 99% used [0x0000000747d80000,0x0000000748cf9250,0x0000000748d00000)
  to   space 15872K, 0% used [0x0000000746e00000,0x0000000746e00000,0x0000000747d80000)
 ParOldGen       total 261120K, used 15208K [0x0000000642a00000, 0x0000000652900000, 0x0000000740e00000)
  object space 261120K, 5% used [0x0000000642a00000,0x00000006438da3f0,0x0000000652900000)
 Metaspace       used 20528K, capacity 21144K, committed 21248K, reserved 1069056K
  class space    used 2345K, capacity 2501K, committed 2560K, reserved 1048576K
Event: 4.375 GC heap after
Heap after GC invocations=5 (full 1):
 PSYoungGen      total 114176K, used 0K [0x0000000740e00000, 0x0000000748d00000, 0x00000007c0000000)
  eden space 98304K, 0% used [0x0000000740e00000,0x0000000740e00000,0x0000000746e00000)
  from space 15872K, 0% used [0x0000000747d80000,0x0000000747d80000,0x0000000748d00000)
  to   space 15872K, 0% used [0x0000000746e00000,0x0000000746e00000,0x0000000747d80000)
 ParOldGen       total 188416K, used 28193K [0x0000000642a00000, 0x000000064e200000, 0x0000000740e00000)
  object space 188416K, 14% used [0x0000000642a00000,0x0000000644588450,0x000000064e200000)
 Metaspace       used 20528K, capacity 21144K, committed 21248K, reserved 1069056K
  class space    used 2345K, capacity 2501K, committed 2560K, reserved 1048576K
}
Event: 5.288 GC heap before
{Heap before GC invocations=6 (full 1):
 PSYoungGen      total 114176K, used 98304K [0x0000000740e00000, 0x0000000748d00000, 0x00000007c0000000)
  eden space 98304K, 100% used [0x0000000740e00000,0x0000000746e00000,0x0000000746e00000)
  from space 15872K, 0% used [0x0000000747d80000,0x0000000747d80000,0x0000000748d00000)
  to   space 15872K, 0% used [0x0000000746e00000,0x0000000746e00000,0x0000000747d80000)
 ParOldGen       total 188416K, used 28193K [0x0000000642a00000, 0x000000064e200000, 0x0000000740e00000)
  object space 188416K, 14% used [0x0000000642a00000,0x0000000644588450,0x000000064e200000)
 Metaspace       used 23467K, capacity 24152K, committed 24448K, reserved 1071104K
  class space    used 2658K, capacity 2821K, committed 2944K, reserved 1048576K
Event: 5.301 GC heap after
Heap after GC invocations=6 (full 1):
 PSYoungGen      total 114176K, used 15844K [0x0000000740e00000, 0x0000000748d00000, 0x00000007c0000000)
  eden space 98304K, 0% used [0x0000000740e00000,0x0000000740e00000,0x0000000746e00000)
  from space 15872K, 99% used [0x0000000746e00000,0x0000000747d79028,0x0000000747d80000)
  to   space 15872K, 0% used [0x0000000747d80000,0x0000000747d80000,0x0000000748d00000)
 ParOldGen       total 188416K, used 42946K [0x0000000642a00000, 0x000000064e200000, 0x0000000740e00000)
  object space 188416K, 22% used [0x0000000642a00000,0x00000006453f0ba0,0x000000064e200000)
 Metaspace       used 23467K, capacity 24152K, committed 24448K, reserved 1071104K
  class space    used 2658K, capacity 2821K, committed 2944K, reserved 1048576K
}
Event: 6.194 GC heap before
{Heap before GC invocations=7 (full 1):
 PSYoungGen      total 114176K, used 114148K [0x0000000740e00000, 0x0000000748d00000, 0x00000007c0000000)
  eden space 98304K, 100% used [0x0000000740e00000,0x0000000746e00000,0x0000000746e00000)
  from space 15872K, 99% used [0x0000000746e00000,0x0000000747d79028,0x0000000747d80000)
  to   space 15872K, 0% used [0x0000000747d80000,0x0000000747d80000,0x0000000748d00000)
 ParOldGen       total 188416K, used 42946K [0x0000000642a00000, 0x000000064e200000, 0x0000000740e00000)
  object space 188416K, 22% used [0x0000000642a00000,0x00000006453f0ba0,0x000000064e200000)
 Metaspace       used 24195K, capacity 24892K, committed 24960K, reserved 1071104K
  class space    used 2709K, capacity 2897K, committed 2944K, reserved 1048576K
Event: 6.202 GC heap after
Heap after GC invocations=7 (full 1):
 PSYoungGen      total 95744K, used 15854K [0x0000000740e00000, 0x000000074dd00000, 0x00000007c0000000)
  eden space 79872K, 0% used [0x0000000740e00000,0x0000000740e00000,0x0000000745c00000)
  from space 15872K, 99% used [0x0000000747d80000,0x0000000748cfb8f8,0x0000000748d00000)
  to   space 34304K, 0% used [0x0000000745c00000,0x0000000745c00000,0x0000000747d80000)
 ParOldGen       total 188416K, used 54195K [0x0000000642a00000, 0x000000064e200000, 0x0000000740e00000)
  object space 188416K, 28% used [0x0000000642a00000,0x0000000645eecd68,0x000000064e200000)
 Metaspace       used 24195K, capacity 24892K, committed 24960K, reserved 1071104K
  class space    used 2709K, capacity 2897K, committed 2944K, reserved 1048576K
}
Event: 6.543 GC heap before
{Heap before GC invocations=8 (full 1):
 PSYoungGen      total 95744K, used 95726K [0x0000000740e00000, 0x000000074dd00000, 0x00000007c0000000)
  eden space 79872K, 100% used [0x0000000740e00000,0x0000000745c00000,0x0000000745c00000)
  from space 15872K, 99% used [0x0000000747d80000,0x0000000748cfb8f8,0x0000000748d00000)
  to   space 34304K, 0% used [0x0000000745c00000,0x0000000745c00000,0x0000000747d80000)
 ParOldGen       total 188416K, used 54195K [0x0000000642a00000, 0x000000064e200000, 0x0000000740e00000)
  object space 188416K, 28% used [0x0000000642a00000,0x0000000645eecd68,0x000000064e200000)
 Metaspace       used 25491K, capacity 26222K, committed 26368K, reserved 1073152K
  class space    used 2858K, capacity 3060K, committed 3072K, reserved 1048576K
Event: 6.549 GC heap after
Heap after GC invocations=8 (full 1):
 PSYoungGen      total 114176K, used 17757K [0x0000000740e00000, 0x000000074c380000, 0x00000007c0000000)
  eden space 79872K, 0% used [0x0000000740e00000,0x0000000740e00000,0x0000000745c00000)
  from space 34304K, 51% used [0x0000000745c00000,0x0000000746d575a0,0x0000000747d80000)
  to   space 33792K, 0% used [0x000000074a280000,0x000000074a280000,0x000000074c380000)
 ParOldGen       total 188416K, used 54203K [0x0000000642a00000, 0x000000064e200000, 0x0000000740e00000)
  object space 188416K, 28% used [0x0000000642a00000,0x0000000645eeed68,0x000000064e200000)
 Metaspace       used 25491K, capacity 26222K, committed 26368K, reserved 1073152K
  class space    used 2858K, capacity 3060K, committed 3072K, reserved 1048576K
}

Deoptimization events (10 events):
Event: 6.619 Thread 0x00000207fc893800 Uncommon trap: reason=unstable_if action=reinterpret pc=0x000002078097a680 method=java.util.regex.Pattern$BitClass.isSatisfiedBy(I)Z @ 4
Event: 6.627 Thread 0x00000207fc893800 Uncommon trap: reason=class_check action=maybe_recompile pc=0x00000207812391c4 method=java.lang.reflect.Field.get(Ljava/lang/Object;)Ljava/lang/Object; @ 45
Event: 6.628 Thread 0x00000207fc893800 Uncommon trap: reason=class_check action=maybe_recompile pc=0x00000207812391c4 method=java.lang.reflect.Field.get(Ljava/lang/Object;)Ljava/lang/Object; @ 45
Event: 6.629 Thread 0x00000207fc893800 Uncommon trap: reason=class_check action=maybe_recompile pc=0x00000207812391c4 method=java.lang.reflect.Field.get(Ljava/lang/Object;)Ljava/lang/Object; @ 45
Event: 6.630 Thread 0x00000207fc893800 Uncommon trap: reason=class_check action=maybe_recompile pc=0x00000207812391c4 method=java.lang.reflect.Field.get(Ljava/lang/Object;)Ljava/lang/Object; @ 45
Event: 6.636 Thread 0x00000207fc893800 Uncommon trap: reason=class_check action=maybe_recompile pc=0x0000020780c094ec method=java.util.regex.Pattern$Branch.match(Ljava/util/regex/Matcher;ILjava/lang/CharSequence;)Z @ 50
Event: 6.636 Thread 0x00000207fc893800 Uncommon trap: reason=class_check action=maybe_recompile pc=0x0000020780c094ec method=java.util.regex.Pattern$Branch.match(Ljava/util/regex/Matcher;ILjava/lang/CharSequence;)Z @ 50
Event: 6.636 Thread 0x00000207fc893800 Uncommon trap: reason=class_check action=maybe_recompile pc=0x0000020780c094ec method=java.util.regex.Pattern$Branch.match(Ljava/util/regex/Matcher;ILjava/lang/CharSequence;)Z @ 50
Event: 6.637 Thread 0x00000207fc893800 Uncommon trap: reason=class_check action=maybe_recompile pc=0x0000020780c094ec method=java.util.regex.Pattern$Branch.match(Ljava/util/regex/Matcher;ILjava/lang/CharSequence;)Z @ 50
Event: 6.672 Thread 0x00000207fc893800 Uncommon trap: reason=unstable_if action=reinterpret pc=0x0000020780825a50 method=java.util.regex.Pattern$Dot.isSatisfiedBy(I)Z @ 3

Classes redefined (0 events):
No events

Internal exceptions (10 events):
Event: 2.701 Thread 0x00000207fc893800 Implicit null exception at 0x0000020780212854 to 0x0000020780212c25
Event: 2.808 Thread 0x00000207fc893800 Implicit null exception at 0x000002078065c4af to 0x000002078065d821
Event: 3.080 Thread 0x00000207fc893800 Implicit null exception at 0x0000020780790114 to 0x0000020780793cb5
Event: 3.123 Thread 0x00000207fc893800 Implicit null exception at 0x000002078082f903 to 0x000002078082fb4d
Event: 3.735 Thread 0x00000207fc893800 Implicit null exception at 0x00000207802b36d5 to 0x00000207802b38d5
Event: 3.735 Thread 0x00000207fc893800 Implicit null exception at 0x00000207803be3af to 0x00000207803be419
Event: 4.249 Thread 0x00000207fc893800 Exception <a 'java/lang/ClassNotFoundException': com/sun/tools/javac/api/JavacTool> (0x0000000746541a38) thrown at [C:\jenkins\workspace\8-2-build-windows-x64-cygwin\jdk8u361\3183\hotspot\src\share\vm\classfile\systemDictionary.cpp, line 212]
Event: 4.962 Thread 0x00000207fc893800 Exception <a 'java/io/FileNotFoundException'> (0x0000000743a52420) thrown at [C:\jenkins\workspace\8-2-build-windows-x64-cygwin\jdk8u361\3183\hotspot\src\share\vm\prims\jni.cpp, line 710]
Event: 6.180 Thread 0x00000207fc893800 Implicit null exception at 0x000002078079ee2f to 0x000002078079f4b1
Event: 6.184 Thread 0x00000207fc893800 Implicit null exception at 0x0000020780828b35 to 0x0000020780828e51

Events (10 events):
Event: 6.636 Thread 0x00000207fc893800 DEOPT PACKING pc=0x0000020780c094ec sp=0x0000007374ffcc70
Event: 6.636 Thread 0x00000207fc893800 DEOPT UNPACKING pc=0x00000207800458c3 sp=0x0000007374ffcc08 mode 2
Event: 6.636 Thread 0x00000207fc893800 Uncommon trap: trap_request=0xffffffde fr.pc=0x0000020780c094ec
Event: 6.637 Thread 0x00000207fc893800 DEOPT PACKING pc=0x0000020780c094ec sp=0x0000007374ffcc60
Event: 6.637 Thread 0x00000207fc893800 DEOPT UNPACKING pc=0x00000207800458c3 sp=0x0000007374ffcbf8 mode 2
Event: 6.639 loading class com/sun/tools/javac/code/TypeTag$1
Event: 6.639 loading class com/sun/tools/javac/code/TypeTag$1 done
Event: 6.672 Thread 0x00000207fc893800 Uncommon trap: trap_request=0xffffff65 fr.pc=0x0000020780825a50
Event: 6.672 Thread 0x00000207fc893800 DEOPT PACKING pc=0x0000020780825a50 sp=0x0000007374ffc910
Event: 6.672 Thread 0x00000207fc893800 DEOPT UNPACKING pc=0x00000207800458c3 sp=0x0000007374ffc8a0 mode 2


Dynamic libraries:
0x00007ff6ee660000 - 0x00007ff6ee6a7000 	C:\Program Files\Java\jdk1.8.0_361\bin\java.exe
0x00007ffdc5970000 - 0x00007ffdc5b68000 	C:\Windows\SYSTEM32\ntdll.dll
0x00007ffdc56f0000 - 0x00007ffdc57ad000 	C:\Windows\System32\KERNEL32.DLL
0x00007ffdc36a0000 - 0x00007ffdc3996000 	C:\Windows\System32\KERNELBASE.dll
0x00007ffdc57b0000 - 0x00007ffdc5860000 	C:\Windows\System32\ADVAPI32.dll
0x00007ffdc45e0000 - 0x00007ffdc467e000 	C:\Windows\System32\msvcrt.dll
0x00007ffdc4400000 - 0x00007ffdc44a0000 	C:\Windows\System32\sechost.dll
0x00007ffdc4690000 - 0x00007ffdc47b3000 	C:\Windows\System32\RPCRT4.dll
0x00007ffdc3640000 - 0x00007ffdc3667000 	C:\Windows\System32\bcrypt.dll
0x00007ffdc5100000 - 0x00007ffdc529f000 	C:\Windows\System32\USER32.dll
0x00007ffdc3670000 - 0x00007ffdc3692000 	C:\Windows\System32\win32u.dll
0x00007ffdc43d0000 - 0x00007ffdc43fb000 	C:\Windows\System32\GDI32.dll
0x00007ffdc3520000 - 0x00007ffdc3637000 	C:\Windows\System32\gdi32full.dll
0x00007ffdc3480000 - 0x00007ffdc351d000 	C:\Windows\System32\msvcp_win.dll
0x00007ffdc3180000 - 0x00007ffdc3280000 	C:\Windows\System32\ucrtbase.dll
0x00007ffdb10e0000 - 0x00007ffdb137a000 	C:\Windows\WinSxS\amd64_microsoft.windows.common-controls_6595b64144ccf1df_6.0.19041.4355_none_60b8b9eb71f62e16\COMCTL32.dll
0x00007ffdc4f30000 - 0x00007ffdc4f62000 	C:\Windows\System32\IMM32.DLL
0x00000000596f0000 - 0x00000000596fd000 	F:\Program Files (x86)\360\360Safe575960218\360Safe\safemon\SafeWrapper.dll
0x00007ffdb86a0000 - 0x00007ffdb87a3000 	F:\Program Files (x86)\360\360Safe575960218\360Safe\safemon\libzdtp64.dll
0x00007ffdc47c0000 - 0x00007ffdc4f2b000 	C:\Windows\System32\SHELL32.dll
0x00007ffdc44a0000 - 0x00007ffdc44f5000 	C:\Windows\System32\SHLWAPI.dll
0x00007ffdc2b70000 - 0x00007ffdc2b7a000 	C:\Windows\SYSTEM32\VERSION.dll
0x00007ffdbc190000 - 0x00007ffdbc1a5000 	C:\Program Files\Java\jdk1.8.0_361\jre\bin\vcruntime140.dll
0x00007ffda5790000 - 0x00007ffda582b000 	C:\Program Files\Java\jdk1.8.0_361\jre\bin\msvcp140.dll
0x00000000570c0000 - 0x0000000057923000 	C:\Program Files\Java\jdk1.8.0_361\jre\bin\server\jvm.dll
0x00007ffdc39a0000 - 0x00007ffdc39a8000 	C:\Windows\System32\PSAPI.DLL
0x00007ffdb71e0000 - 0x00007ffdb7207000 	C:\Windows\SYSTEM32\WINMM.dll
0x00007ffdb5db0000 - 0x00007ffdb5db9000 	C:\Windows\SYSTEM32\WSOCK32.dll
0x00007ffdc58c0000 - 0x00007ffdc592b000 	C:\Windows\System32\WS2_32.dll
0x00007ffdc0e50000 - 0x00007ffdc0e62000 	C:\Windows\SYSTEM32\kernel.appcore.dll
0x00007ffdbc4f0000 - 0x00007ffdbc500000 	C:\Program Files\Java\jdk1.8.0_361\jre\bin\verify.dll
0x00007ffdb69d0000 - 0x00007ffdb69fb000 	C:\Program Files\Java\jdk1.8.0_361\jre\bin\java.dll
0x00007ffdb5a80000 - 0x00007ffdb5ab0000 	C:\Program Files\Java\jdk1.8.0_361\jre\bin\instrument.dll
0x00007ffdb69b0000 - 0x00007ffdb69c8000 	C:\Program Files\Java\jdk1.8.0_361\jre\bin\zip.dll
0x00007ffdc1050000 - 0x00007ffdc17ed000 	C:\Windows\SYSTEM32\windows.storage.dll
0x00007ffdc5390000 - 0x00007ffdc56e3000 	C:\Windows\System32\combase.dll
0x00007ffdc29d0000 - 0x00007ffdc29fe000 	C:\Windows\SYSTEM32\Wldp.dll
0x00007ffdc39c0000 - 0x00007ffdc3a8d000 	C:\Windows\System32\OLEAUT32.dll
0x00007ffdc4200000 - 0x00007ffdc42ad000 	C:\Windows\System32\SHCORE.dll
0x00007ffdc2f50000 - 0x00007ffdc2f74000 	C:\Windows\SYSTEM32\profapi.dll
0x00007ffdb5a60000 - 0x00007ffdb5a7a000 	E:\Program Files\JetBrains\IntelliJ IDEA 2022.3.2\bin\breakgen64.dll
0x00007ffdb6580000 - 0x00007ffdb659c000 	C:\Program Files\Java\jdk1.8.0_361\jre\bin\net.dll
0x00007ffdc2730000 - 0x00007ffdc279a000 	C:\Windows\system32\mswsock.dll
0x00007ffdc2920000 - 0x00007ffdc2938000 	C:\Windows\SYSTEM32\CRYPTSP.dll
0x00007ffdc1fe0000 - 0x00007ffdc2014000 	C:\Windows\system32\rsaenh.dll
0x00007ffdc2ec0000 - 0x00007ffdc2eee000 	C:\Windows\SYSTEM32\USERENV.dll
0x00007ffdc33f0000 - 0x00007ffdc3472000 	C:\Windows\System32\bcryptprimitives.dll
0x00007ffdc2940000 - 0x00007ffdc294c000 	C:\Windows\SYSTEM32\CRYPTBASE.dll
0x00007ffdc23c0000 - 0x00007ffdc23fb000 	C:\Windows\SYSTEM32\IPHLPAPI.DLL
0x00007ffdc39b0000 - 0x00007ffdc39b8000 	C:\Windows\System32\NSI.dll
0x00007ffdbd460000 - 0x00007ffdbd477000 	C:\Windows\SYSTEM32\dhcpcsvc6.DLL
0x00007ffdbd440000 - 0x00007ffdbd45d000 	C:\Windows\SYSTEM32\dhcpcsvc.DLL
0x00007ffdc2400000 - 0x00007ffdc24cb000 	C:\Windows\SYSTEM32\DNSAPI.dll
0x00007ffdb5850000 - 0x00007ffdb5863000 	C:\Program Files\Java\jdk1.8.0_361\jre\bin\nio.dll
0x00007ffdba6c0000 - 0x00007ffdba6ca000 	C:\Users\Administrator\AppData\Local\Temp\jansi-1.17.1-1556110484987249184.dll
0x00007ffdbcbb0000 - 0x00007ffdbcd94000 	C:\Windows\SYSTEM32\dbghelp.dll

VM Arguments:
jvm_args: -Dmaven.multiModuleProjectDirectory=E:\JAVAHOME\JAVA_AI -Djansi.passthrough=true -Dmaven.home=E:\Program Files\JetBrains\IntelliJ IDEA 2022.3.2\plugins\maven\lib\maven3 -Dclassworlds.conf=E:\Program Files\JetBrains\IntelliJ IDEA 2022.3.2\plugins\maven\lib\maven3\bin\m2.conf -Dmaven.ext.class.path=E:\Program Files\JetBrains\IntelliJ IDEA 2022.3.2\plugins\maven\lib\maven-event-listener.jar -javaagent:E:\Program Files\JetBrains\IntelliJ IDEA 2022.3.2\lib\idea_rt.jar=49548:E:\Program Files\JetBrains\IntelliJ IDEA 2022.3.2\bin -Dfile.encoding=UTF-8 
java_command: org.codehaus.classworlds.Launcher -Didea.version=2022.3.2 install
java_class_path (initial): E:\Program Files\JetBrains\IntelliJ IDEA 2022.3.2\plugins\maven\lib\maven3\boot\plexus-classworlds-2.6.0.jar;E:\Program Files\JetBrains\IntelliJ IDEA 2022.3.2\plugins\maven\lib\maven3\boot\plexus-classworlds.license;E:\Program Files\JetBrains\IntelliJ IDEA 2022.3.2\lib\idea_rt.jar
Launcher Type: SUN_STANDARD

Environment Variables:
JAVA_HOME=C:\Program Files\Java\jdk1.8.0_361
CLASSPATH=.;C:\Program Files\Java\jdk1.8.0_361\lib;C:\Program Files\Java\jdk1.8.0_361\lib\tools.jar
PATH=E:\bin\;C:\Program Files (x86)\Common Files\Oracle\Java\javapath;C:\Windows\system32;C:\Windows;C:\Windows\System32\Wbem;C:\Windows\System32\WindowsPowerShell\v1.0\;C:\Windows\System32\OpenSSH\;D:\apache-maven-3.6.0-bin\apache-maven-3.6.0\bin;C:\Program Files\Java\jdk1.8.0_361\bin;C:\Program Files\Java\jdk1.8.0_361\jre\bin;D:\Program Files (x86)\NetSarang\Xshell 7\;D:\Program Files (x86)\NetSarang\Xftp 7\;D:\Program Files\Git\cmd;C:\Program Files\TortoiseGit\bin;C:\Program Files\TortoiseSVN\bin;C:\Program Files\Microsoft SQL Server\150\Tools\Binn\;C:\Program Files\Microsoft SQL Server\Client SDK\ODBC\170\Tools\Binn\;C:\Program Files\dotnet\;C:\Program Files (x86)\NetSarang\Xmanager 7\;C:\Program Files\nodejs\;C:\Users\Administrator\AppData\Local\Microsoft\WindowsApps;E:\Users\Administrator\AppData\Local\Programs\Microsoft VS Code\bin;C:\Users\Administrator\AppData\Local\Programs\APICloud Studio 3\bin;C:\Users\Administrator\.dotnet\tools;D:\Users\Administrator\AppData\Local\Programs\YonStudio\bin;C:\Users\Administrator\AppData\Roaming\npm
USERNAME=Administrator
OS=Windows_NT
PROCESSOR_IDENTIFIER=Intel64 Family 6 Model 158 Stepping 10, GenuineIntel



---------------  S Y S T E M  ---------------

OS: Windows 10 , 64 bit Build 19041 (10.0.19041.3636)

CPU:total 12 (initial active 12) (6 cores per cpu, 2 threads per core) family 6 model 158 stepping 10, cmov, cx8, fxsr, mmx, sse, sse2, sse3, ssse3, sse4.1, sse4.2, popcnt, avx, avx2, aes, clmul, erms, rtm, 3dnowpref, lzcnt, ht, tsc, tscinvbit, bmi1, bmi2, adx

Memory: 4k page, physical 24988048k(6449924k free), swap 42027532k(5696k free)

vm_info: Java HotSpot(TM) 64-Bit Server VM (25.361-b09) for windows-amd64 JRE (1.8.0_361-b09), built on Jan  9 2023 08:38:53 by "java_re" with MS VC++ 15.9 (VS2017)

time: Thu Jun  6 16:18:27 2024
timezone: Intel64 Family 6 Model 158 Stepping 10, GenuineIntel
elapsed time: 6.719126 seconds (0d 0h 0m 6s)

